#
# A fatal error has been detected by the Java Runtime Environment:
#
#  SIGSEGV (0xb) at pc=0x00007fe928198060, pid=28294, tid=140640724952832
#
# JRE version: Java(TM) SE Runtime Environment (8.0_05-b13) (build 1.8.0_05-b13)
# Java VM: Java HotSpot(TM) 64-Bit Server VM (25.5-b02 mixed mode linux-amd64 compressed oops)
# Problematic frame:
# C  0x00007fe928198060
#
# Failed to write core dump. Core dumps have been disabled. To enable core dumping, try "ulimit -c unlimited" before starting Java again
#
# If you would like to submit a bug report, please visit:
#   http://bugreport.sun.com/bugreport/crash.jsp
#

---------------  T H R E A D  ---------------

Current thread (0x0000000000c76800):  JavaThread "main" [_thread_in_Java, id=28299, stack(0x00007fe97863a000,0x00007fe97873b000)]

siginfo:si_signo=SIGSEGV: si_errno=0, si_code=1 (SEGV_MAPERR), si_addr=0x00007fe928198060

Registers:
RAX=0x00000000d72b2ca0, RBX=0x00000000d72b2ca0, RCX=0x000000000000408e, RDX=0x00007fe965b788e8
RSP=0x00007fe978739518, RBP=0x00007fe978739770, RSI=0x00000000d72b2ca0, RDI=0x00000000d72b2bb0
R8 =0x0000000082e12018, R9 =0x000000000000008e, R10=0x00000000d72b2bb0, R11=0x000000000000004a
R12=0x0000000000000000, R13=0x0000000082e12000, R14=0x000000000000001a, R15=0x0000000000c76800
RIP=0x00007fe928198060, EFLAGS=0x0000000000010206, CSGSFS=0x3939000000000033, ERR=0x0000000000000014
  TRAPNO=0x000000000000000e

Top of Stack: (sp=0x00007fe978739518)
0x00007fe978739518:   00007fe967360de4 0000000082e76238
0x00007fe978739528:   0000000100000000 00000000d72b2a00
0x00007fe978739538:   0000000000000000 c09e9a3800000009
0x00007fe978739548:   82ec12c0ffffffff 00000000d72b2968
0x00007fe978739558:   0000000082e60490 00000000d72b2a80
0x00007fe978739568:   00000000d72b2a58 000000000000000a
0x00007fe978739578:   00000000d72b29d0 00000000d72b2a80
0x00007fe978739588:   000000010000000a 00000000d72b2b80
0x00007fe978739598:   00007fe96738501d 0000000082e979d0
0x00007fe9787395a8:   0000000e00000000 0000000082e977e0
0x00007fe9787395b8:   00000000d72b2bf8 00007fe9665d2000
0x00007fe9787395c8:   00000000d72b2bb0 0000000082e97768
0x00007fe9787395d8:   00000000d72b2ca0 00007fe9665d2000
0x00007fe9787395e8:   0000000082e97948 0000000082e9e6b8
0x00007fe9787395f8:   0000000000000001 00000000d72b2bb0
0x00007fe978739608:   00000000d72ad418 00007fe978739770
0x00007fe978739618:   00007fe96733e594 0000000800000009
0x00007fe978739628:   0000000000000048 00007fe978739770
0x00007fe978739638:   00007fe96735fa9c d72a47b800000006
0x00007fe978739648:   0000000100000000 00000000d72ad150
0x00007fe978739658:   20001e4800000001 00000000d72a47a0
0x00007fe978739668:   00000000d72a47a0 00000000d72ad1a8
0x00007fe978739678:   00000000d72ad1c0 00007fe900000009
0x00007fe978739688:   0000000100000f3f 00000000d72b2b08
0x00007fe978739698:   0000000082e979a8 0000000082e97768
0x00007fe9787396a8:   00000000d72b2b68 c090cfffffffffff
0x00007fe9787396b8:   0000000000000216 00007fe978739770
0x00007fe9787396c8:   00007fe96733777c 00000000d72ace20
0x00007fe9787396d8:   0000000082e97768 0000000082e760f8
0x00007fe9787396e8:   00000000d72acf60 0000000082e97768
0x00007fe9787396f8:   000000000000892e 00007fe978739770
0x00007fe978739708:   00007fe96719a2e0 00007fe978739770 

Instructions: (pc=0x00007fe928198060)
0x00007fe928198040:   
[error occurred during error reporting (printing registers, top of stack, instructions near pc), id 0xb]

Register to memory mapping:

RAX=0x00000000d72b2ca0 is an oop
java.util.ArrayList$Itr 
 - klass: 'java/util/ArrayList$Itr'
RBX=0x00000000d72b2ca0 is an oop
java.util.ArrayList$Itr 
 - klass: 'java/util/ArrayList$Itr'
RCX=0x000000000000408e is an unknown value
RDX=0x00007fe965b788e8 is an unknown value
RSP=0x00007fe978739518 is pointing into the stack for thread: 0x0000000000c76800
RBP=0x00007fe978739770 is pointing into the stack for thread: 0x0000000000c76800
RSI=0x00000000d72b2ca0 is an oop
java.util.ArrayList$Itr 
 - klass: 'java/util/ArrayList$Itr'
RDI=0x00000000d72b2bb0 is an oop
java.lang.StringBuffer 
 - klass: 'java/lang/StringBuffer'
R8 =0x0000000082e12018 is an oop
[C 
 - klass: {type array char}
 - length: 26
R9 =0x000000000000008e is an unknown value
R10=0x00000000d72b2bb0 is an oop
java.lang.StringBuffer 
 - klass: 'java/lang/StringBuffer'
R11=0x000000000000004a is an unknown value
R12=0x0000000000000000 is an unknown value
R13=0x0000000082e12000 is an oop
java.lang.String 
 - klass: 'java/lang/String'
R14=0x000000000000001a is an unknown value
R15=0x0000000000c76800 is a thread


Stack: [0x00007fe97863a000,0x00007fe97873b000],  sp=0x00007fe978739518,  free space=1021k
Native frames: (J=compiled Java code, j=interpreted, Vv=VM code, C=native code)
C  0x00007fe928198060
j  ethics.experiments.tbforagesteal.TBFSOptimizerExp.runInfinteGASoftMax_mutation(IDLjava/lang/String;Ljava/lang/String;D)V+109
j  ethics.experiments.tbforagesteal.TBFSOptimizerExp.optimiztionInfiniteGASoftMax_mutation([Ljava/lang/String;)V+72
j  ethics.experiments.tbforagesteal.TBFSOptimizerExp.main([Ljava/lang/String;)V+1
v  ~StubRoutines::call_stub
V  [libjvm.so+0x627356]  JavaCalls::call_helper(JavaValue*, methodHandle*, JavaCallArguments*, Thread*)+0x1056
V  [libjvm.so+0x66ee66]  jni_invoke_static(JNIEnv_*, JavaValue*, _jobject*, JNICallType, _jmethodID*, JNI_ArgumentPusher*, Thread*)+0x346
V  [libjvm.so+0x680b4a]  jni_CallStaticVoidMethod+0x17a
C  [libjli.so+0x77e4]  JavaMain+0x844


---------------  P R O C E S S  ---------------

Java Threads: ( => current thread )
  0x00007fe960019000 JavaThread "Service Thread" daemon [_thread_blocked, id=28311, stack(0x00007fe95bd6c000,0x00007fe95be6d000)]
  0x00007fe960004000 JavaThread "C1 CompilerThread2" daemon [_thread_blocked, id=28310, stack(0x00007fe95be6d000,0x00007fe95bf6e000)]
  0x00007fe960001800 JavaThread "C2 CompilerThread1" daemon [_thread_blocked, id=28309, stack(0x00007fe95bf6e000,0x00007fe95c06f000)]
  0x0000000000d1d800 JavaThread "C2 CompilerThread0" daemon [_thread_blocked, id=28308, stack(0x00007fe95c06f000,0x00007fe95c170000)]
  0x0000000000d1b800 JavaThread "Signal Dispatcher" daemon [_thread_blocked, id=28307, stack(0x00007fe96408b000,0x00007fe96418c000)]
  0x0000000000cee800 JavaThread "Finalizer" daemon [_thread_blocked, id=28306, stack(0x00007fe96418c000,0x00007fe96428d000)]
  0x0000000000ce4800 JavaThread "Reference Handler" daemon [_thread_blocked, id=28305, stack(0x00007fe96428d000,0x00007fe96438e000)]
=>0x0000000000c76800 JavaThread "main" [_thread_in_Java, id=28299, stack(0x00007fe97863a000,0x00007fe97873b000)]

Other Threads:
  0x0000000000cdf800 VMThread [stack: 0x00007fe96438e000,0x00007fe96448f000] [id=28304]
  0x00007fe960024000 WatcherThread [stack: 0x00007fe95bc6b000,0x00007fe95bd6c000] [id=28312]

VM state:not at safepoint (normal execution)

VM Mutex/Monitor currently owned by a thread: None

Heap:
 PSYoungGen      total 35840K, used 14221K [0x00000000d6500000, 0x00000000d9d80000, 0x0000000100000000)
  eden space 34816K, 40% used [0x00000000d6500000,0x00000000d72db738,0x00000000d8700000)
  from space 1024K, 3% used [0x00000000d8700000,0x00000000d8708000,0x00000000d8800000)
  to   space 1024K, 0% used [0x00000000d9c80000,0x00000000d9c80000,0x00000000d9d80000)
 ParOldGen       total 127488K, used 840K [0x0000000082e00000, 0x000000008aa80000, 0x00000000d6500000)
  object space 127488K, 0% used [0x0000000082e00000,0x0000000082ed2080,0x000000008aa80000)
 Metaspace       used 3267K, capacity 4664K, committed 4864K, reserved 1056768K
  class space    used 345K, capacity 424K, committed 512K, reserved 1048576K

Card table byte_map: [0x00007fe9669e9000,0x00007fe966dd3000] byte_map_base: 0x00007fe9665d2000

Marking Bits: (ParMarkBitMap*) 0x00007fe977b6ccc0
 Begin Bits: [0x00007fe95c170000, 0x00007fe95e0b8000)
 End Bits:   [0x00007fe95e0b8000, 0x00007fe960000000)

Polling page: 0x00007fe978775000

CodeCache: size=245760Kb used=2020Kb max_used=2034Kb free=243739Kb
 bounds [0x00007fe967193000, 0x00007fe967403000, 0x00007fe976193000]
 total_blobs=614 nmethods=356 adapters=174
 compilation: enabled

Compilation events (10 events):
Event: 0.827 Thread 0x0000000000d1d800  357       4       burlap.datastructures.BoltzmannDistribution::computeProbs (109 bytes)
Event: 0.830 Thread 0x00007fe960001800 nmethod 349 0x00007fe9673880d0 code [0x00007fe967388460, 0x00007fe96738af28]
Event: 0.830 Thread 0x00007fe960001800  358   !   4       java.io.BufferedWriter::write (117 bytes)
Event: 0.842 Thread 0x00007fe960001800 nmethod 358 0x00007fe967384d10 code [0x00007fe967384e80, 0x00007fe9673859b8]
Event: 0.842 Thread 0x00007fe960001800  360       4       java.util.Arrays::copyOf (46 bytes)
Event: 0.844 Thread 0x0000000000d1d800 nmethod 357 0x00007fe96736efd0 code [0x00007fe96736f180, 0x00007fe96736fff8]
Event: 0.844 Thread 0x0000000000d1d800  359       4       java.util.ArrayList::toArray (12 bytes)
Event: 0.844 Thread 0x00007fe960001800 nmethod 360 0x00007fe967381ed0 code [0x00007fe967382020, 0x00007fe967382198]
Event: 0.844 Thread 0x00007fe960001800  228       4       java.util.ArrayList$Itr::next (66 bytes)
Event: 0.846 Thread 0x00007fe960001800 nmethod 228 0x00007fe967383450 code [0x00007fe9673835a0, 0x00007fe9673836b8]

GC Heap History (10 events):
Event: 0.430 GC heap before
{Heap before GC invocations=11 (full 0):
 PSYoungGen      total 14336K, used 13344K [0x00000000d6500000, 0x00000000d7400000, 0x0000000100000000)
  eden space 13312K, 100% used [0x00000000d6500000,0x00000000d7200000,0x00000000d7200000)
  from space 1024K, 3% used [0x00000000d7300000,0x00000000d7308000,0x00000000d7400000)
  to   space 1024K, 0% used [0x00000000d7200000,0x00000000d7200000,0x00000000d7300000)
 ParOldGen       total 127488K, used 816K [0x0000000082e00000, 0x000000008aa80000, 0x00000000d6500000)
  object space 127488K, 0% used [0x0000000082e00000,0x0000000082ecc080,0x000000008aa80000)
 Metaspace       used 3267K, capacity 4664K, committed 4864K, reserved 1056768K
  class space    used 345K, capacity 424K, committed 512K, reserved 1048576K
Event: 0.430 GC heap after
Heap after GC invocations=11 (full 0):
 PSYoungGen      total 14336K, used 32K [0x00000000d6500000, 0x00000000d7c00000, 0x0000000100000000)
  eden space 13312K, 0% used [0x00000000d6500000,0x00000000d6500000,0x00000000d7200000)
  from space 1024K, 3% used [0x00000000d7200000,0x00000000d7208000,0x00000000d7300000)
  to   space 1024K, 0% used [0x00000000d7b00000,0x00000000d7b00000,0x00000000d7c00000)
 ParOldGen       total 127488K, used 824K [0x0000000082e00000, 0x000000008aa80000, 0x00000000d6500000)
  object space 127488K, 0% used [0x0000000082e00000,0x0000000082ece080,0x000000008aa80000)
 Metaspace       used 3267K, capacity 4664K, committed 4864K, reserved 1056768K
  class space    used 345K, capacity 424K, committed 512K, reserved 1048576K
}
Event: 0.477 GC heap before
{Heap before GC invocations=12 (full 0):
 PSYoungGen      total 14336K, used 13344K [0x00000000d6500000, 0x00000000d7c00000, 0x0000000100000000)
  eden space 13312K, 100% used [0x00000000d6500000,0x00000000d7200000,0x00000000d7200000)
  from space 1024K, 3% used [0x00000000d7200000,0x00000000d7208000,0x00000000d7300000)
  to   space 1024K, 0% used [0x00000000d7b00000,0x00000000d7b00000,0x00000000d7c00000)
 ParOldGen       total 127488K, used 824K [0x0000000082e00000, 0x000000008aa80000, 0x00000000d6500000)
  object space 127488K, 0% used [0x0000000082e00000,0x0000000082ece080,0x000000008aa80000)
 Metaspace       used 3267K, capacity 4664K, committed 4864K, reserved 1056768K
  class space    used 345K, capacity 424K, committed 512K, reserved 1048576K
Event: 0.478 GC heap after
Heap after GC invocations=12 (full 0):
 PSYoungGen      total 22528K, used 32K [0x00000000d6500000, 0x00000000d7c00000, 0x0000000100000000)
  eden space 21504K, 0% used [0x00000000d6500000,0x00000000d6500000,0x00000000d7a00000)
  from space 1024K, 3% used [0x00000000d7b00000,0x00000000d7b08000,0x00000000d7c00000)
  to   space 1024K, 0% used [0x00000000d7a00000,0x00000000d7a00000,0x00000000d7b00000)
 ParOldGen       total 127488K, used 824K [0x0000000082e00000, 0x000000008aa80000, 0x00000000d6500000)
  object space 127488K, 0% used [0x0000000082e00000,0x0000000082ece080,0x000000008aa80000)
 Metaspace       used 3267K, capacity 4664K, committed 4864K, reserved 1056768K
  class space    used 345K, capacity 424K, committed 512K, reserved 1048576K
}
Event: 0.561 GC heap before
{Heap before GC invocations=13 (full 0):
 PSYoungGen      total 22528K, used 21536K [0x00000000d6500000, 0x00000000d7c00000, 0x0000000100000000)
  eden space 21504K, 100% used [0x00000000d6500000,0x00000000d7a00000,0x00000000d7a00000)
  from space 1024K, 3% used [0x00000000d7b00000,0x00000000d7b08000,0x00000000d7c00000)
  to   space 1024K, 0% used [0x00000000d7a00000,0x00000000d7a00000,0x00000000d7b00000)
 ParOldGen       total 127488K, used 824K [0x0000000082e00000, 0x000000008aa80000, 0x00000000d6500000)
  object space 127488K, 0% used [0x0000000082e00000,0x0000000082ece080,0x000000008aa80000)
 Metaspace       used 3267K, capacity 4664K, committed 4864K, reserved 1056768K
  class space    used 345K, capacity 424K, committed 512K, reserved 1048576K
Event: 0.562 GC heap after
Heap after GC invocations=13 (full 0):
 PSYoungGen      total 22528K, used 32K [0x00000000d6500000, 0x00000000d8900000, 0x0000000100000000)
  eden space 21504K, 0% used [0x00000000d6500000,0x00000000d6500000,0x00000000d7a00000)
  from space 1024K, 3% used [0x00000000d7a00000,0x00000000d7a08000,0x00000000d7b00000)
  to   space 1024K, 0% used [0x00000000d8800000,0x00000000d8800000,0x00000000d8900000)
 ParOldGen       total 127488K, used 832K [0x0000000082e00000, 0x000000008aa80000, 0x00000000d6500000)
  object space 127488K, 0% used [0x0000000082e00000,0x0000000082ed0080,0x000000008aa80000)
 Metaspace       used 3267K, capacity 4664K, committed 4864K, reserved 1056768K
  class space    used 345K, capacity 424K, committed 512K, reserved 1048576K
}
Event: 0.636 GC heap before
{Heap before GC invocations=14 (full 0):
 PSYoungGen      total 22528K, used 21536K [0x00000000d6500000, 0x00000000d8900000, 0x0000000100000000)
  eden space 21504K, 100% used [0x00000000d6500000,0x00000000d7a00000,0x00000000d7a00000)
  from space 1024K, 3% used [0x00000000d7a00000,0x00000000d7a08000,0x00000000d7b00000)
  to   space 1024K, 0% used [0x00000000d8800000,0x00000000d8800000,0x00000000d8900000)
 ParOldGen       total 127488K, used 832K [0x0000000082e00000, 0x000000008aa80000, 0x00000000d6500000)
  object space 127488K, 0% used [0x0000000082e00000,0x0000000082ed0080,0x000000008aa80000)
 Metaspace       used 3267K, capacity 4664K, committed 4864K, reserved 1056768K
  class space    used 345K, capacity 424K, committed 512K, reserved 1048576K
Event: 0.637 GC heap after
Heap after GC invocations=14 (full 0):
 PSYoungGen      total 35840K, used 32K [0x00000000d6500000, 0x00000000d8900000, 0x0000000100000000)
  eden space 34816K, 0% used [0x00000000d6500000,0x00000000d6500000,0x00000000d8700000)
  from space 1024K, 3% used [0x00000000d8800000,0x00000000d8808000,0x00000000d8900000)
  to   space 1024K, 0% used [0x00000000d8700000,0x00000000d8700000,0x00000000d8800000)
 ParOldGen       total 127488K, used 832K [0x0000000082e00000, 0x000000008aa80000, 0x00000000d6500000)
  object space 127488K, 0% used [0x0000000082e00000,0x0000000082ed0080,0x000000008aa80000)
 Metaspace       used 3267K, capacity 4664K, committed 4864K, reserved 1056768K
  class space    used 345K, capacity 424K, committed 512K, reserved 1048576K
}
Event: 0.797 GC heap before
{Heap before GC invocations=15 (full 0):
 PSYoungGen      total 35840K, used 34848K [0x00000000d6500000, 0x00000000d8900000, 0x0000000100000000)
  eden space 34816K, 100% used [0x00000000d6500000,0x00000000d8700000,0x00000000d8700000)
  from space 1024K, 3% used [0x00000000d8800000,0x00000000d8808000,0x00000000d8900000)
  to   space 1024K, 0% used [0x00000000d8700000,0x00000000d8700000,0x00000000d8800000)
 ParOldGen       total 127488K, used 832K [0x0000000082e00000, 0x000000008aa80000, 0x00000000d6500000)
  object space 127488K, 0% used [0x0000000082e00000,0x0000000082ed0080,0x000000008aa80000)
 Metaspace       used 3267K, capacity 4664K, committed 4864K, reserved 1056768K
  class space    used 345K, capacity 424K, committed 512K, reserved 1048576K
Event: 0.797 GC heap after
Heap after GC invocations=15 (full 0):
 PSYoungGen      total 35840K, used 32K [0x00000000d6500000, 0x00000000d9d80000, 0x0000000100000000)
  eden space 34816K, 0% used [0x00000000d6500000,0x00000000d6500000,0x00000000d8700000)
  from space 1024K, 3% used [0x00000000d8700000,0x00000000d8708000,0x00000000d8800000)
  to   space 1024K, 0% used [0x00000000d9c80000,0x00000000d9c80000,0x00000000d9d80000)
 ParOldGen       total 127488K, used 840K [0x0000000082e00000, 0x000000008aa80000, 0x00000000d6500000)
  object space 127488K, 0% used [0x0000000082e00000,0x0000000082ed2080,0x000000008aa80000)
 Metaspace       used 3267K, capacity 4664K, committed 4864K, reserved 1056768K
  class space    used 345K, capacity 424K, committed 512K, reserved 1048576K
}

Deoptimization events (0 events):
No events

Internal exceptions (10 events):
Event: 0.123 Thread 0x0000000000c76800 Exception <a 'java/security/PrivilegedActionException'> (0x00000000d6563d48) thrown at [/HUDSON/workspace/8-2-build-linux-amd64/jdk8u5/2488/hotspot/src/share/vm/prims/jvm.cpp, line 1248]
Event: 0.124 Thread 0x0000000000c76800 Exception <a 'java/security/PrivilegedActionException'> (0x00000000d6567d10) thrown at [/HUDSON/workspace/8-2-build-linux-amd64/jdk8u5/2488/hotspot/src/share/vm/prims/jvm.cpp, line 1248]
Event: 0.131 Thread 0x0000000000c76800 Exception <a 'java/security/PrivilegedActionException'> (0x00000000d653a8a8) thrown at [/HUDSON/workspace/8-2-build-linux-amd64/jdk8u5/2488/hotspot/src/share/vm/prims/jvm.cpp, line 1248]
Event: 0.133 Thread 0x0000000000c76800 Exception <a 'java/security/PrivilegedActionException'> (0x00000000d6541458) thrown at [/HUDSON/workspace/8-2-build-linux-amd64/jdk8u5/2488/hotspot/src/share/vm/prims/jvm.cpp, line 1248]
Event: 0.134 Thread 0x0000000000c76800 Exception <a 'java/security/PrivilegedActionException'> (0x00000000d6544218) thrown at [/HUDSON/workspace/8-2-build-linux-amd64/jdk8u5/2488/hotspot/src/share/vm/prims/jvm.cpp, line 1248]
Event: 0.135 Thread 0x0000000000c76800 Exception <a 'java/security/PrivilegedActionException'> (0x00000000d6547910) thrown at [/HUDSON/workspace/8-2-build-linux-amd64/jdk8u5/2488/hotspot/src/share/vm/prims/jvm.cpp, line 1248]
Event: 0.146 Thread 0x0000000000c76800 Exception <a 'java/security/PrivilegedActionException'> (0x00000000d6549668) thrown at [/HUDSON/workspace/8-2-build-linux-amd64/jdk8u5/2488/hotspot/src/share/vm/prims/jvm.cpp, line 1248]
Event: 0.147 Thread 0x0000000000c76800 Exception <a 'java/security/PrivilegedActionException'> (0x00000000d654b0d0) thrown at [/HUDSON/workspace/8-2-build-linux-amd64/jdk8u5/2488/hotspot/src/share/vm/prims/jvm.cpp, line 1248]
Event: 0.154 Thread 0x0000000000c76800 Exception <a 'java/security/PrivilegedActionException'> (0x00000000d656a218) thrown at [/HUDSON/workspace/8-2-build-linux-amd64/jdk8u5/2488/hotspot/src/share/vm/prims/jvm.cpp, line 1248]
Event: 0.155 Thread 0x0000000000c76800 Exception <a 'java/security/PrivilegedActionException'> (0x00000000d656ebf8) thrown at [/HUDSON/workspace/8-2-build-linux-amd64/jdk8u5/2488/hotspot/src/share/vm/prims/jvm.cpp, line 1248]

Events (10 events):
Event: 0.797 Executing VM operation: ParallelGCFailedAllocation
Event: 0.797 Executing VM operation: ParallelGCFailedAllocation done
Event: 0.803 Thread 0x0000000000c76800 DEOPT PACKING pc=0x00007fe967328c04 sp=0x00007fe978739580
Event: 0.803 Thread 0x0000000000c76800 DEOPT UNPACKING pc=0x00007fe9671da01a sp=0x00007fe978739358 mode 0
Event: 0.811 Thread 0x0000000000c76800 DEOPT PACKING pc=0x00007fe967328c04 sp=0x00007fe978739580
Event: 0.811 Thread 0x0000000000c76800 DEOPT UNPACKING pc=0x00007fe9671da01a sp=0x00007fe978739358 mode 0
Event: 0.820 Thread 0x0000000000c76800 DEOPT PACKING pc=0x00007fe967328c04 sp=0x00007fe978739580
Event: 0.820 Thread 0x0000000000c76800 DEOPT UNPACKING pc=0x00007fe9671da01a sp=0x00007fe978739358 mode 0
Event: 0.828 Thread 0x0000000000c76800 DEOPT PACKING pc=0x00007fe967328c04 sp=0x00007fe978739580
Event: 0.828 Thread 0x0000000000c76800 DEOPT UNPACKING pc=0x00007fe9671da01a sp=0x00007fe978739358 mode 0


Dynamic libraries:
00400000-00401000 r-xp 00000000 00:15 209857030                          /gpfs/main/home/amm4/java/jdk1.8.0_05/bin/java
00600000-00601000 rw-p 00000000 00:15 209857030                          /gpfs/main/home/amm4/java/jdk1.8.0_05/bin/java
00c6d000-014df000 rw-p 00000000 00:00 0                                  [heap]
82e00000-8aa80000 rw-p 00000000 00:00 0 
8aa80000-d6500000 ---p 00000000 00:00 0 
d6500000-d9d80000 rw-p 00000000 00:00 0 
d9d80000-100000000 ---p 00000000 00:00 0 
100000000-100080000 rw-p 00000000 00:00 0 
100080000-140000000 ---p 00000000 00:00 0 
7fe954000000-7fe9543c1000 rw-p 00000000 00:00 0 
7fe9543c1000-7fe958000000 ---p 00000000 00:00 0 
7fe95bc6b000-7fe95bc6c000 ---p 00000000 00:00 0 
7fe95bc6c000-7fe95bd6c000 rw-p 00000000 00:00 0 
7fe95bd6c000-7fe95bd6f000 ---p 00000000 00:00 0 
7fe95bd6f000-7fe95be6d000 rw-p 00000000 00:00 0 
7fe95be6d000-7fe95be70000 ---p 00000000 00:00 0 
7fe95be70000-7fe95bf6e000 rw-p 00000000 00:00 0 
7fe95bf6e000-7fe95bf71000 ---p 00000000 00:00 0 
7fe95bf71000-7fe95c06f000 rw-p 00000000 00:00 0 
7fe95c06f000-7fe95c072000 ---p 00000000 00:00 0 
7fe95c072000-7fe960000000 rw-p 00000000 00:00 0 
7fe960000000-7fe9609de000 rw-p 00000000 00:00 0 
7fe9609de000-7fe964000000 ---p 00000000 00:00 0 
7fe964045000-7fe964055000 rw-p 00000000 00:00 0 
7fe964055000-7fe96406d000 r--s 0010a000 00:15 217659037                  /gpfs/main/home/amm4/git/generalResearch/lib/burlap.jar
7fe96406d000-7fe96408b000 r--s 00180000 00:15 217659046                  /gpfs/main/home/amm4/git/generalResearch/lib/commons-math3-3.2.jar
7fe96408b000-7fe96408e000 ---p 00000000 00:00 0 
7fe96408e000-7fe96418c000 rw-p 00000000 00:00 0 
7fe96418c000-7fe96418f000 ---p 00000000 00:00 0 
7fe96418f000-7fe96428d000 rw-p 00000000 00:00 0 
7fe96428d000-7fe964290000 ---p 00000000 00:00 0 
7fe964290000-7fe96438e000 rw-p 00000000 00:00 0 
7fe96438e000-7fe96438f000 ---p 00000000 00:00 0 
7fe96438f000-7fe965492000 rw-p 00000000 00:00 0 
7fe965492000-7fe965667000 r--s 03c4d000 00:15 223939710                  /gpfs/main/home/amm4/java/jdk1.8.0_05/jre/lib/rt.jar
7fe965667000-7fe965ba0000 rw-p 00000000 00:00 0 
7fe965ba0000-7fe965f60000 ---p 00000000 00:00 0 
7fe965f60000-7fe966349000 rw-p 00000000 00:00 0 
7fe966349000-7fe96634a000 ---p 00000000 00:00 0 
7fe96634a000-7fe96644a000 rw-p 00000000 00:00 0 
7fe96644a000-7fe96644b000 ---p 00000000 00:00 0 
7fe96644b000-7fe96654b000 rw-p 00000000 00:00 0 
7fe96654b000-7fe96654c000 ---p 00000000 00:00 0 
7fe96654c000-7fe96664c000 rw-p 00000000 00:00 0 
7fe96664c000-7fe96664d000 ---p 00000000 00:00 0 
7fe96664d000-7fe96678c000 rw-p 00000000 00:00 0 
7fe96678c000-7fe9669e9000 ---p 00000000 00:00 0 
7fe9669e9000-7fe966a28000 rw-p 00000000 00:00 0 
7fe966a28000-7fe966c84000 ---p 00000000 00:00 0 
7fe966c84000-7fe966ca1000 rw-p 00000000 00:00 0 
7fe966ca1000-7fe966dd2000 ---p 00000000 00:00 0 
7fe966dd2000-7fe966ddd000 rw-p 00000000 00:00 0 
7fe966ddd000-7fe967193000 ---p 00000000 00:00 0 
7fe967193000-7fe967403000 rwxp 00000000 00:00 0 
7fe967403000-7fe976193000 ---p 00000000 00:00 0 
7fe976193000-7fe9761af000 r-xp 00000000 00:15 225596603                  /gpfs/main/home/amm4/java/jdk1.8.0_05/jre/lib/amd64/libzip.so
7fe9761af000-7fe9763ae000 ---p 0001c000 00:15 225596603                  /gpfs/main/home/amm4/java/jdk1.8.0_05/jre/lib/amd64/libzip.so
7fe9763ae000-7fe9763af000 rw-p 0001b000 00:15 225596603                  /gpfs/main/home/amm4/java/jdk1.8.0_05/jre/lib/amd64/libzip.so
7fe9763af000-7fe9763d9000 r-xp 00000000 00:15 225596531                  /gpfs/main/home/amm4/java/jdk1.8.0_05/jre/lib/amd64/libjava.so
7fe9763d9000-7fe9765d9000 ---p 0002a000 00:15 225596531                  /gpfs/main/home/amm4/java/jdk1.8.0_05/jre/lib/amd64/libjava.so
7fe9765d9000-7fe9765db000 rw-p 0002a000 00:15 225596531                  /gpfs/main/home/amm4/java/jdk1.8.0_05/jre/lib/amd64/libjava.so
7fe9765db000-7fe9765e8000 r-xp 00000000 00:15 225596601                  /gpfs/main/home/amm4/java/jdk1.8.0_05/jre/lib/amd64/libverify.so
7fe9765e8000-7fe9767e8000 ---p 0000d000 00:15 225596601                  /gpfs/main/home/amm4/java/jdk1.8.0_05/jre/lib/amd64/libverify.so
7fe9767e8000-7fe9767ea000 rw-p 0000d000 00:15 225596601                  /gpfs/main/home/amm4/java/jdk1.8.0_05/jre/lib/amd64/libverify.so
7fe9767ea000-7fe9767f1000 r-xp 00000000 fe:00 2575                       /lib/x86_64-linux-gnu/librt-2.13.so
7fe9767f1000-7fe9769f0000 ---p 00007000 fe:00 2575                       /lib/x86_64-linux-gnu/librt-2.13.so
7fe9769f0000-7fe9769f1000 r--p 00006000 fe:00 2575                       /lib/x86_64-linux-gnu/librt-2.13.so
7fe9769f1000-7fe9769f2000 rw-p 00007000 fe:00 2575                       /lib/x86_64-linux-gnu/librt-2.13.so
7fe9769f2000-7fe976a73000 r-xp 00000000 fe:00 2549                       /lib/x86_64-linux-gnu/libm-2.13.so
7fe976a73000-7fe976c72000 ---p 00081000 fe:00 2549                       /lib/x86_64-linux-gnu/libm-2.13.so
7fe976c72000-7fe976c73000 r--p 00080000 fe:00 2549                       /lib/x86_64-linux-gnu/libm-2.13.so
7fe976c73000-7fe976c74000 rw-p 00081000 fe:00 2549                       /lib/x86_64-linux-gnu/libm-2.13.so
7fe976c74000-7fe97788e000 r-xp 00000000 00:15 224768859                  /gpfs/main/home/amm4/java/jdk1.8.0_05/jre/lib/amd64/server/libjvm.so
7fe97788e000-7fe977a8d000 ---p 00c1a000 00:15 224768859                  /gpfs/main/home/amm4/java/jdk1.8.0_05/jre/lib/amd64/server/libjvm.so
7fe977a8d000-7fe977b56000 rw-p 00c19000 00:15 224768859                  /gpfs/main/home/amm4/java/jdk1.8.0_05/jre/lib/amd64/server/libjvm.so
7fe977b56000-7fe977b97000 rw-p 00000000 00:00 0 
7fe977b97000-7fe977d18000 r-xp 00000000 fe:00 2540                       /lib/x86_64-linux-gnu/libc-2.13.so
7fe977d18000-7fe977f18000 ---p 00181000 fe:00 2540                       /lib/x86_64-linux-gnu/libc-2.13.so
7fe977f18000-7fe977f1c000 r--p 00181000 fe:00 2540                       /lib/x86_64-linux-gnu/libc-2.13.so
7fe977f1c000-7fe977f1d000 rw-p 00185000 fe:00 2540                       /lib/x86_64-linux-gnu/libc-2.13.so
7fe977f1d000-7fe977f22000 rw-p 00000000 00:00 0 
7fe977f22000-7fe977f24000 r-xp 00000000 fe:00 2547                       /lib/x86_64-linux-gnu/libdl-2.13.so
7fe977f24000-7fe978124000 ---p 00002000 fe:00 2547                       /lib/x86_64-linux-gnu/libdl-2.13.so
7fe978124000-7fe978125000 r--p 00002000 fe:00 2547                       /lib/x86_64-linux-gnu/libdl-2.13.so
7fe978125000-7fe978126000 rw-p 00003000 fe:00 2547                       /lib/x86_64-linux-gnu/libdl-2.13.so
7fe978126000-7fe97813d000 r-xp 00000000 00:15 223111453                  /gpfs/main/home/amm4/java/jdk1.8.0_05/lib/amd64/jli/libjli.so
7fe97813d000-7fe97833c000 ---p 00017000 00:15 223111453                  /gpfs/main/home/amm4/java/jdk1.8.0_05/lib/amd64/jli/libjli.so
7fe97833c000-7fe97833d000 rw-p 00016000 00:15 223111453                  /gpfs/main/home/amm4/java/jdk1.8.0_05/lib/amd64/jli/libjli.so
7fe97833d000-7fe978354000 r-xp 00000000 fe:00 2571                       /lib/x86_64-linux-gnu/libpthread-2.13.so
7fe978354000-7fe978553000 ---p 00017000 fe:00 2571                       /lib/x86_64-linux-gnu/libpthread-2.13.so
7fe978553000-7fe978554000 r--p 00016000 fe:00 2571                       /lib/x86_64-linux-gnu/libpthread-2.13.so
7fe978554000-7fe978555000 rw-p 00017000 fe:00 2571                       /lib/x86_64-linux-gnu/libpthread-2.13.so
7fe978555000-7fe978559000 rw-p 00000000 00:00 0 
7fe978559000-7fe978579000 r-xp 00000000 fe:00 2487                       /lib/x86_64-linux-gnu/ld-2.13.so
7fe97857d000-7fe978594000 r--s 00122000 00:15 217658407                  /gpfs/main/home/amm4/git/generalResearch/dist/oomdpResearch.jar
7fe978594000-7fe97863a000 r--s 00000000 00:0e 11655                      /run/nscd/dbIRgQRO (deleted)
7fe97863a000-7fe97863d000 ---p 00000000 00:00 0 
7fe97863d000-7fe97873f000 rw-p 00000000 00:00 0 
7fe978744000-7fe97876c000 rw-p 00000000 00:00 0 
7fe97876c000-7fe978774000 rw-s 00000000 fe:04 1062                       /tmp/hsperfdata_amm4/28294
7fe978774000-7fe978775000 rw-p 00000000 00:00 0 
7fe978775000-7fe978776000 r--p 00000000 00:00 0 
7fe978776000-7fe978778000 rw-p 00000000 00:00 0 
7fe978778000-7fe978779000 r--p 0001f000 fe:00 2487                       /lib/x86_64-linux-gnu/ld-2.13.so
7fe978779000-7fe97877a000 rw-p 00020000 fe:00 2487                       /lib/x86_64-linux-gnu/ld-2.13.so
7fe97877a000-7fe97877b000 rw-p 00000000 00:00 0 
7fff9e6cc000-7fff9e6ed000 rw-p 00000000 00:00 0                          [stack]
7fff9e75d000-7fff9e75e000 r-xp 00000000 00:00 0                          [vdso]
ffffffffff600000-ffffffffff601000 r-xp 00000000 00:00 0                  [vsyscall]

VM Arguments:
jvm_args: -Dfile.encoding=ANSI_X3.4-1968 
java_command: ethics.experiments.tbforagesteal.TBFSOptimizerExp 5000 20 /gpfs/main/home/amm4/git/generalResearch/output/GAOutput/StealPunish/SmallGenomeSpace/BT20_NT100/Cache.txt /gpfs/main/home/amm4/git/generalResearch/output/GAOutput/StealPunish/SmallGenomeSpace/BT20_NT100/GA.txt 0
java_class_path (initial): /gpfs/main/home/amm4/git/generalResearch/bin:/gpfs/main/home/amm4/git/generalResearch/dist/oomdpResearch.jar:/gpfs/main/home/amm4/git/generalResearch/lib/commons-math3-3.2.jar:/gpfs/main/home/amm4/git/generalResearch/lib/burlap.jar
Launcher Type: SUN_STANDARD

Environment Variables:
PATH=/local/bin/:/local/bin:/cfarm/bin:/usr/local/bin:/bin:/usr/bin:/usr/X11R6/bin:/usr/games:/contrib/bin
SHELL=/bin/bash
DISPLAY=:0.0

Signal Handlers:
SIGSEGV: [libjvm.so+0xa2fc90], sa_mask[0]=0x7ffbfeff, sa_flags=0x10000004
SIGBUS: [libjvm.so+0xa2fc90], sa_mask[0]=0x7ffbfeff, sa_flags=0x10000004
SIGFPE: [libjvm.so+0x89b4b0], sa_mask[0]=0x7ffbfeff, sa_flags=0x10000004
SIGPIPE: [libjvm.so+0x89b4b0], sa_mask[0]=0x7ffbfeff, sa_flags=0x10000004
SIGXFSZ: [libjvm.so+0x89b4b0], sa_mask[0]=0x7ffbfeff, sa_flags=0x10000004
SIGILL: [libjvm.so+0x89b4b0], sa_mask[0]=0x7ffbfeff, sa_flags=0x10000004
SIGUSR1: SIG_DFL, sa_mask[0]=0x00000000, sa_flags=0x00000000
SIGUSR2: [libjvm.so+0x89cc50], sa_mask[0]=0x00000004, sa_flags=0x10000004
SIGHUP: [libjvm.so+0x89df00], sa_mask[0]=0x7ffbfeff, sa_flags=0x10000004
SIGINT: [libjvm.so+0x89df00], sa_mask[0]=0x7ffbfeff, sa_flags=0x10000004
SIGTERM: [libjvm.so+0x89df00], sa_mask[0]=0x7ffbfeff, sa_flags=0x10000004
SIGQUIT: [libjvm.so+0x89df00], sa_mask[0]=0x7ffbfeff, sa_flags=0x10000004


---------------  S Y S T E M  ---------------

OS:PRETTY_NAME="Debian GNU/Linux 7 (wheezy)"
NAME="Debian GNU/Linux"
VERSION_ID="7"
VERSION="7 (wheezy)"
ID=debian
ANSI_COLOR="1;31"
HOME_URL="http://www.debian.org/"
SUPPORT_URL="http://www.debian.org/support/"
BUG_REPORT_URL="http://bugs.debian.org/"

uname:Linux 3.2.0-4-amd64 #1 SMP Debian 3.2.60-1+deb7u3 x86_64
libc:glibc 2.13 NPTL 2.13 
rlimit: STACK 8192k, CORE 0k, NPROC 63961, NOFILE 4096, AS infinity
load average:0.17 0.22 0.29

/proc/meminfo:
MemTotal:        8199872 kB
MemFree:         1727136 kB
Buffers:          314968 kB
Cached:          3205308 kB
SwapCached:         3040 kB
Active:          3517864 kB
Inactive:        1802728 kB
Active(anon):    1469640 kB
Inactive(anon):   359508 kB
Active(file):    2048224 kB
Inactive(file):  1443220 kB
Unevictable:           0 kB
Mlocked:               0 kB
SwapTotal:       8388604 kB
SwapFree:        8367468 kB
Dirty:              2596 kB
Writeback:             0 kB
AnonPages:       1797716 kB
Mapped:           231684 kB
Shmem:             28736 kB
Slab:            1033204 kB
SReclaimable:     967936 kB
SUnreclaim:        65268 kB
KernelStack:       18480 kB
PageTables:        31584 kB
NFS_Unstable:         36 kB
Bounce:                0 kB
WritebackTmp:          0 kB
CommitLimit:    12488540 kB
Committed_AS:    6287736 kB
VmallocTotal:   34359738367 kB
VmallocUsed:      326284 kB
VmallocChunk:   34359407612 kB
HardwareCorrupted:     0 kB
AnonHugePages:         0 kB
HugePages_Total:       0
HugePages_Free:        0
HugePages_Rsvd:        0
HugePages_Surp:        0
Hugepagesize:       2048 kB
DirectMap4k:     7994944 kB
DirectMap2M:      393216 kB


CPU:total 4 (4 cores per cpu, 1 threads per core) family 6 model 15 stepping 11, cmov, cx8, fxsr, mmx, sse, sse2, sse3, ssse3, tsc

/proc/cpuinfo:
processor	: 0
vendor_id	: GenuineIntel
cpu family	: 6
model		: 15
model name	: Intel(R) Core(TM)2 Quad CPU    Q6600  @ 2.40GHz
stepping	: 11
microcode	: 0xb6
cpu MHz		: 2400.129
cache size	: 4096 KB
physical id	: 0
siblings	: 4
core id		: 0
cpu cores	: 4
apicid		: 0
initial apicid	: 0
fpu		: yes
fpu_exception	: yes
cpuid level	: 10
wp		: yes
flags		: fpu vme de pse tsc msr pae mce cx8 apic sep mtrr pge mca cmov pat pse36 clflush dts acpi mmx fxsr sse sse2 ss ht tm pbe syscall nx lm constant_tsc arch_perfmon pebs bts rep_good nopl aperfmperf pni dtes64 monitor ds_cpl vmx est tm2 ssse3 cx16 xtpr pdcm lahf_lm dtherm tpr_shadow vnmi flexpriority
bogomips	: 4800.25
clflush size	: 64
cache_alignment	: 64
address sizes	: 36 bits physical, 48 bits virtual
power management:

processor	: 1
vendor_id	: GenuineIntel
cpu family	: 6
model		: 15
model name	: Intel(R) Core(TM)2 Quad CPU    Q6600  @ 2.40GHz
stepping	: 11
microcode	: 0xb6
cpu MHz		: 2400.129
cache size	: 4096 KB
physical id	: 0
siblings	: 4
core id		: 1
cpu cores	: 4
apicid		: 1
initial apicid	: 1
fpu		: yes
fpu_exception	: yes
cpuid level	: 10
wp		: yes
flags		: fpu vme de pse tsc msr pae mce cx8 apic sep mtrr pge mca cmov pat pse36 clflush dts acpi mmx fxsr sse sse2 ss ht tm pbe syscall nx lm constant_tsc arch_perfmon pebs bts rep_good nopl aperfmperf pni dtes64 monitor ds_cpl vmx est tm2 ssse3 cx16 xtpr pdcm lahf_lm dtherm tpr_shadow vnmi flexpriority
bogomips	: 4800.23
clflush size	: 64
cache_alignment	: 64
address sizes	: 36 bits physical, 48 bits virtual
power management:

processor	: 2
vendor_id	: GenuineIntel
cpu family	: 6
model		: 15
model name	: Intel(R) Core(TM)2 Quad CPU    Q6600  @ 2.40GHz
stepping	: 11
microcode	: 0xb6
cpu MHz		: 2400.129
cache size	: 4096 KB
physical id	: 0
siblings	: 4
core id		: 2
cpu cores	: 4
apicid		: 2
initial apicid	: 2
fpu		: yes
fpu_exception	: yes
cpuid level	: 10
wp		: yes
flags		: fpu vme de pse tsc msr pae mce cx8 apic sep mtrr pge mca cmov pat pse36 clflush dts acpi mmx fxsr sse sse2 ss ht tm pbe syscall nx lm constant_tsc arch_perfmon pebs bts rep_good nopl aperfmperf pni dtes64 monitor ds_cpl vmx est tm2 ssse3 cx16 xtpr pdcm lahf_lm dtherm tpr_shadow vnmi flexpriority
bogomips	: 4800.28
clflush size	: 64
cache_alignment	: 64
address sizes	: 36 bits physical, 48 bits virtual
power management:

processor	: 3
vendor_id	: GenuineIntel
cpu family	: 6
model		: 15
model name	: Intel(R) Core(TM)2 Quad CPU    Q6600  @ 2.40GHz
stepping	: 11
microcode	: 0xb6
cpu MHz		: 2400.129
cache size	: 4096 KB
physical id	: 0
siblings	: 4
core id		: 3
cpu cores	: 4
apicid		: 3
initial apicid	: 3
fpu		: yes
fpu_exception	: yes
cpuid level	: 10
wp		: yes
flags		: fpu vme de pse tsc msr pae mce cx8 apic sep mtrr pge mca cmov pat pse36 clflush dts acpi mmx fxsr sse sse2 ss ht tm pbe syscall nx lm constant_tsc arch_perfmon pebs bts rep_good nopl aperfmperf pni dtes64 monitor ds_cpl vmx est tm2 ssse3 cx16 xtpr pdcm lahf_lm dtherm tpr_shadow vnmi flexpriority
bogomips	: 4800.27
clflush size	: 64
cache_alignment	: 64
address sizes	: 36 bits physical, 48 bits virtual
power management:



Memory: 4k page, physical 8199872k(1727136k free), swap 8388604k(8367468k free)

vm_info: Java HotSpot(TM) 64-Bit Server VM (25.5-b02) for linux-amd64 JRE (1.8.0_05-b13), built on Mar 18 2014 00:29:27 by "java_re" with gcc 4.3.0 20080428 (Red Hat 4.3.0-8)

time: Wed Oct  1 14:42:32 2014
elapsed time: 1 seconds

