#
# A fatal error has been detected by the Java Runtime Environment:
#
#  SIGSEGV (0xb) at pc=0x00007f3db27a8060, pid=23875, tid=139903779411712
#
# JRE version: Java(TM) SE Runtime Environment (8.0_05-b13) (build 1.8.0_05-b13)
# Java VM: Java HotSpot(TM) 64-Bit Server VM (25.5-b02 mixed mode linux-amd64 compressed oops)
# Problematic frame:
# C  0x00007f3db27a8060
#
# Failed to write core dump. Core dumps have been disabled. To enable core dumping, try "ulimit -c unlimited" before starting Java again
#
# If you would like to submit a bug report, please visit:
#   http://bugreport.sun.com/bugreport/crash.jsp
#

---------------  T H R E A D  ---------------

Current thread (0x00007f3de427f000):  JavaThread "AWT-EventQueue-0" [_thread_in_Java, id=23900, stack(0x00007f3de3031000,0x00007f3de3132000)]

siginfo:si_signo=SIGSEGV: si_errno=0, si_code=1 (SEGV_MAPERR), si_addr=0x00007f3db27a8060

Registers:
RAX=0x00000000d68ac2b0, RBX=0x00007f3de32dfa30, RCX=0x00000000d6af4550, RDX=0x00000000d6af4550
RSP=0x00007f3de312dbb8, RBP=0x0000000083259b58, RSI=0x00000000d68ac860, RDI=0x00000000d68ac860
R8 =0x00007f3de32f2888, R9 =0x0000000000000000, R10=0x00000000d68ac2b0, R11=0x0000000000000002
R12=0x0000000000000000, R13=0x00000000d6a82ac0, R14=0x0000000000000556, R15=0x00007f3de427f000
RIP=0x00007f3db27a8060, EFLAGS=0x0000000000010202, CSGSFS=0x0000000000000033, ERR=0x0000000000000014
  TRAPNO=0x000000000000000e

Top of Stack: (sp=0x00007f3de312dbb8)
0x00007f3de312dbb8:   00007f3df19cc0fc 00000000d6af4a48
0x00007f3de312dbc8:   00007f3df1a0e3c6 00000000d68ac898
0x00007f3de312dbd8:   00000000d68ac9a0 0000000083259b58
0x00007f3de312dbe8:   00007f3df19dc69c 00000000d68ac260
0x00007f3de312dbf8:   00000000d68ac2b0 00000000d68aca48
0x00007f3de312dc08:   00007f3df1a01a6c 00000000d68aca78
0x00007f3de312dc18:   0000000000000004 00000000d68aca08
0x00007f3de312dc28:   00007f3df1a0e3c6 0000000083259b58
0x00007f3de312dc38:   00007f3df19fc86c 00007f3de312dd30
0x00007f3de312dc48:   00007f3df18a0d8f 00007f3df18a0c50
0x00007f3de312dc58:   00007f3d00000000 00007f3de312dfa8
0x00007f3de312dc68:   00007f3df19c8c6b 00007f3de312df10
0x00007f3de312dc78:   00007f3df19eb573 00007f3df19ea990
0x00007f3de312dc88:   00007f3d00000000 00007f3de312e0d0
0x00007f3de312dc98:   00007f3de312df10 00000000d6af7020
0x00007f3de312dca8:   00007f3df19efc9c 00000000d6af53a0
0x00007f3de312dcb8:   00000000d6af4e00 00000000d68ac7b0
0x00007f3de312dcc8:   00000000d68ac7d8 00000000d68ac1e0
0x00007f3de312dcd8:   00000000d68ac898 00000000d68ac880
0x00007f3de312dce8:   00000000d68ac860 0000000400000001
0x00007f3de312dcf8:   00000000d68aca28 00000000d68aca48
0x00007f3de312dd08:   00000000d68aca48 00000000d6af4550
0x00007f3de312dd18:   00007f3d00000000 00000000d68aca98
0x00007f3de312dd28:   00007f3df18a0d8f 0000000083259b58
0x00007f3de312dd38:   00007f3df19daa84 0000000041400000
0x00007f3de312dd48:   00000000d68abef0 00000000d68abd10
0x00007f3de312dd58:   74894850246c8948 00000000d68ac860
0x00007f3de312dd68:   ec8148d824648948 0000000083259b58
0x00007f3de312dd78:   00007f3df19d0908 00000000d68ac1e0
0x00007f3de312dd88:   00000000d6af53a0 00000000d68ac6d0
0x00007f3de312dd98:   00000000d68ac860 00000000d6a82770
0x00007f3de312dda8:   00007f3df19ec468 00007f3de312dfa8 

Instructions: (pc=0x00007f3db27a8060)
0x00007f3db27a8040:   
[error occurred during error reporting (printing registers, top of stack, instructions near pc), id 0xb]

Register to memory mapping:

RAX=0x00000000d68ac2b0 is an oop
burlap.oomdp.core.ObjectInstance 
 - klass: 'burlap/oomdp/core/ObjectInstance'
RBX=0x00007f3de32dfa30 is an unknown value
RCX=0x00000000d6af4550 is an oop
burlap.oomdp.core.ObjectClass 
 - klass: 'burlap/oomdp/core/ObjectClass'
RDX=0x00000000d6af4550 is an oop
burlap.oomdp.core.ObjectClass 
 - klass: 'burlap/oomdp/core/ObjectClass'
RSP=0x00007f3de312dbb8 is pointing into the stack for thread: 0x00007f3de427f000
RBP=0x0000000083259b58 is an oop
java.util.HashMap 
 - klass: 'java/util/HashMap'
RSI=0x00000000d68ac860 is an oop
burlap.behavior.statehashing.DiscreteStateHashFactory$DiscreteStateHashTuple 
 - klass: 'burlap/behavior/statehashing/DiscreteStateHashFactory$DiscreteStateHashTuple'
RDI=0x00000000d68ac860 is an oop
burlap.behavior.statehashing.DiscreteStateHashFactory$DiscreteStateHashTuple 
 - klass: 'burlap/behavior/statehashing/DiscreteStateHashFactory$DiscreteStateHashTuple'
R8 =0x00007f3de32f2888 is an unknown value
R9 =0x0000000000000000 is an unknown value
R10=0x00000000d68ac2b0 is an oop
burlap.oomdp.core.ObjectInstance 
 - klass: 'burlap/oomdp/core/ObjectInstance'
R11=0x0000000000000002 is an unknown value
R12=0x0000000000000000 is an unknown value
R13=0x00000000d6a82ac0 is an oop
java.lang.String 
 - klass: 'java/lang/String'
R14=0x0000000000000556 is an unknown value
R15=0x00007f3de427f000 is a thread


Stack: [0x00007f3de3031000,0x00007f3de3132000],  sp=0x00007f3de312dbb8,  free space=1010k
Native frames: (J=compiled Java code, j=interpreted, Vv=VM code, C=native code)
C  0x00007f3db27a8060


---------------  P R O C E S S  ---------------

Java Threads: ( => current thread )
  0x00000000013b5800 JavaThread "TimerQueue" daemon [_thread_blocked, id=23901, stack(0x00007f3de2bf4000,0x00007f3de2cf5000)]
  0x0000000001090800 JavaThread "DestroyJavaVM" [_thread_blocked, id=23881, stack(0x00007f3e02c4b000,0x00007f3e02d4c000)]
=>0x00007f3de427f000 JavaThread "AWT-EventQueue-0" [_thread_in_Java, id=23900, stack(0x00007f3de3031000,0x00007f3de3132000)]
  0x00007f3de4271800 JavaThread "AWT-Shutdown" [_thread_blocked, id=23899, stack(0x00007f3de805c000,0x00007f3de815d000)]
  0x000000000137e000 JavaThread "AWT-XAWT" daemon [_thread_in_native, id=23897, stack(0x00007f3de85ec000,0x00007f3de86ed000)]
  0x000000000135f800 JavaThread "Java2D Disposer" daemon [_thread_blocked, id=23896, stack(0x00007f3de8afd000,0x00007f3de8bfe000)]
  0x0000000001196800 JavaThread "Service Thread" daemon [_thread_blocked, id=23893, stack(0x00007f3dea407000,0x00007f3dea508000)]
  0x000000000113d000 JavaThread "C1 CompilerThread2" daemon [_thread_blocked, id=23892, stack(0x00007f3dea508000,0x00007f3dea609000)]
  0x000000000113b000 JavaThread "C2 CompilerThread1" daemon [_thread_blocked, id=23891, stack(0x00007f3dea609000,0x00007f3dea70a000)]
  0x0000000001137800 JavaThread "C2 CompilerThread0" daemon [_thread_blocked, id=23890, stack(0x00007f3dea70a000,0x00007f3dea80b000)]
  0x0000000001135800 JavaThread "Signal Dispatcher" daemon [_thread_blocked, id=23889, stack(0x00007f3dea80b000,0x00007f3dea90c000)]
  0x0000000001108000 JavaThread "Finalizer" daemon [_thread_blocked, id=23888, stack(0x00007f3dea90c000,0x00007f3deaa0d000)]
  0x00000000010fe800 JavaThread "Reference Handler" daemon [_thread_blocked, id=23887, stack(0x00007f3deaa0d000,0x00007f3deab0e000)]

Other Threads:
  0x00000000010f9800 VMThread [stack: 0x00007f3deab0e000,0x00007f3deac0f000] [id=23886]
  0x00000000011a1800 WatcherThread [stack: 0x00007f3dea306000,0x00007f3dea407000] [id=23894]

VM state:not at safepoint (normal execution)

VM Mutex/Monitor currently owned by a thread: None

Heap:
 PSYoungGen      total 5632K, used 4868K [0x00000000d6500000, 0x00000000d6c00000, 0x0000000100000000)
  eden space 4096K, 92% used [0x00000000d6500000,0x00000000d68b4d08,0x00000000d6900000)
  from space 1536K, 69% used [0x00000000d6a80000,0x00000000d6b8c6b8,0x00000000d6c00000)
  to   space 1536K, 0% used [0x00000000d6900000,0x00000000d6900000,0x00000000d6a80000)
 ParOldGen       total 127488K, used 4789K [0x0000000082e00000, 0x000000008aa80000, 0x00000000d6500000)
  object space 127488K, 3% used [0x0000000082e00000,0x00000000832ad6f0,0x000000008aa80000)
 Metaspace       used 11248K, capacity 11372K, committed 11648K, reserved 1058816K
  class space    used 1332K, capacity 1366K, committed 1408K, reserved 1048576K

Card table byte_map: [0x00007f3df0ff9000,0x00007f3df13e3000] byte_map_base: 0x00007f3df0be2000

Marking Bits: (ParMarkBitMap*) 0x00007f3e0217ccc0
 Begin Bits: [0x00007f3decac9000, 0x00007f3deea11000)
 End Bits:   [0x00007f3deea11000, 0x00007f3df0959000)

Polling page: 0x00007f3e02d86000

CodeCache: size=245760Kb used=2509Kb max_used=2518Kb free=243250Kb
 bounds [0x00007f3df17a3000, 0x00007f3df1a23000, 0x00007f3e007a3000]
 total_blobs=1215 nmethods=694 adapters=437
 compilation: enabled

Compilation events (10 events):
Event: 2.012 Thread 0x000000000113d000 nmethod 692 0x00007f3df1a160d0 code [0x00007f3df1a16260, 0x00007f3df1a16638]
Event: 2.012 Thread 0x000000000113d000  691       3       java.util.Random::nextDouble (24 bytes)
Event: 2.012 Thread 0x000000000113d000 nmethod 691 0x00007f3df1a15c50 code [0x00007f3df1a15de0, 0x00007f3df1a15ff8]
Event: 2.012 Thread 0x000000000113d000  688       3       ethics.experiments.adam.MatchAnalyzer$QSpace::<init> (21 bytes)
Event: 2.012 Thread 0x000000000113b000 nmethod 682 0x00007f3df1a15910 code [0x00007f3df1a15a60, 0x00007f3df1a15b98]
Event: 2.012 Thread 0x000000000113b000  694       4       burlap.behavior.statehashing.DiscreteStateHashFactory$DiscreteStateHashTuple::getAttributesForClass (49 bytes)
Event: 2.012 Thread 0x000000000113d000 nmethod 688 0x00007f3df1a15190 code [0x00007f3df1a15320, 0x00007f3df1a156b0]
Event: 2.012 Thread 0x000000000113d000  687       3       java.util.TreeMap$Entry::<init> (35 bytes)
Event: 2.013 Thread 0x000000000113d000 nmethod 687 0x00007f3df1a19410 code [0x00007f3df1a19560, 0x00007f3df1a19770]
Event: 2.013 Thread 0x000000000113b000 nmethod 694 0x00007f3df1a17c10 code [0x00007f3df1a17d60, 0x00007f3df1a17e18]

GC Heap History (10 events):
Event: 0.136 GC heap before
{Heap before GC invocations=2 (full 0):
 PSYoungGen      total 1024K, used 912K [0x00000000d6500000, 0x00000000d6700000, 0x0000000100000000)
  eden space 512K, 100% used [0x00000000d6500000,0x00000000d6580000,0x00000000d6580000)
  from space 512K, 78% used [0x00000000d6580000,0x00000000d65e4010,0x00000000d6600000)
  to   space 512K, 0% used [0x00000000d6680000,0x00000000d6680000,0x00000000d6700000)
 ParOldGen       total 127488K, used 8K [0x0000000082e00000, 0x000000008aa80000, 0x00000000d6500000)
  object space 127488K, 0% used [0x0000000082e00000,0x0000000082e02000,0x000000008aa80000)
 Metaspace       used 3689K, capacity 4622K, committed 4864K, reserved 1056768K
  class space    used 426K, capacity 458K, committed 512K, reserved 1048576K
Event: 0.138 GC heap after
Heap after GC invocations=2 (full 0):
 PSYoungGen      total 1536K, used 496K [0x00000000d6500000, 0x00000000d6700000, 0x0000000100000000)
  eden space 1024K, 0% used [0x00000000d6500000,0x00000000d6500000,0x00000000d6600000)
  from space 512K, 96% used [0x00000000d6680000,0x00000000d66fc010,0x00000000d6700000)
  to   space 512K, 0% used [0x00000000d6600000,0x00000000d6600000,0x00000000d6680000)
 ParOldGen       total 127488K, used 77K [0x0000000082e00000, 0x000000008aa80000, 0x00000000d6500000)
  object space 127488K, 0% used [0x0000000082e00000,0x0000000082e137e8,0x000000008aa80000)
 Metaspace       used 3689K, capacity 4622K, committed 4864K, reserved 1056768K
  class space    used 426K, capacity 458K, committed 512K, reserved 1048576K
}
Event: 0.215 GC heap before
{Heap before GC invocations=3 (full 0):
 PSYoungGen      total 1536K, used 1520K [0x00000000d6500000, 0x00000000d6700000, 0x0000000100000000)
  eden space 1024K, 100% used [0x00000000d6500000,0x00000000d6600000,0x00000000d6600000)
  from space 512K, 96% used [0x00000000d6680000,0x00000000d66fc010,0x00000000d6700000)
  to   space 512K, 0% used [0x00000000d6600000,0x00000000d6600000,0x00000000d6680000)
 ParOldGen       total 127488K, used 77K [0x0000000082e00000, 0x000000008aa80000, 0x00000000d6500000)
  object space 127488K, 0% used [0x0000000082e00000,0x0000000082e137e8,0x000000008aa80000)
 Metaspace       used 5444K, capacity 5596K, committed 5888K, reserved 1056768K
  class space    used 626K, capacity 681K, committed 768K, reserved 1048576K
Event: 0.218 GC heap after
Heap after GC invocations=3 (full 0):
 PSYoungGen      total 1536K, used 496K [0x00000000d6500000, 0x00000000d6800000, 0x0000000100000000)
  eden space 1024K, 0% used [0x00000000d6500000,0x00000000d6500000,0x00000000d6600000)
  from space 512K, 96% used [0x00000000d6600000,0x00000000d667c010,0x00000000d6680000)
  to   space 512K, 0% used [0x00000000d6780000,0x00000000d6780000,0x00000000d6800000)
 ParOldGen       total 127488K, used 379K [0x0000000082e00000, 0x000000008aa80000, 0x00000000d6500000)
  object space 127488K, 0% used [0x0000000082e00000,0x0000000082e5ef38,0x000000008aa80000)
 Metaspace       used 5444K, capacity 5596K, committed 5888K, reserved 1056768K
  class space    used 626K, capacity 681K, committed 768K, reserved 1048576K
}
Event: 0.315 GC heap before
{Heap before GC invocations=4 (full 0):
 PSYoungGen      total 1536K, used 1520K [0x00000000d6500000, 0x00000000d6800000, 0x0000000100000000)
  eden space 1024K, 100% used [0x00000000d6500000,0x00000000d6600000,0x00000000d6600000)
  from space 512K, 96% used [0x00000000d6600000,0x00000000d667c010,0x00000000d6680000)
  to   space 512K, 0% used [0x00000000d6780000,0x00000000d6780000,0x00000000d6800000)
 ParOldGen       total 127488K, used 379K [0x0000000082e00000, 0x000000008aa80000, 0x00000000d6500000)
  object space 127488K, 0% used [0x0000000082e00000,0x0000000082e5ef38,0x000000008aa80000)
 Metaspace       used 7039K, capacity 7162K, committed 7296K, reserved 1056768K
  class space    used 812K, capacity 883K, committed 896K, reserved 1048576K
Event: 0.318 GC heap after
Heap after GC invocations=4 (full 0):
 PSYoungGen      total 2560K, used 496K [0x00000000d6500000, 0x00000000d6800000, 0x0000000100000000)
  eden space 2048K, 0% used [0x00000000d6500000,0x00000000d6500000,0x00000000d6700000)
  from space 512K, 96% used [0x00000000d6780000,0x00000000d67fc010,0x00000000d6800000)
  to   space 512K, 0% used [0x00000000d6700000,0x00000000d6700000,0x00000000d6780000)
 ParOldGen       total 127488K, used 813K [0x0000000082e00000, 0x000000008aa80000, 0x00000000d6500000)
  object space 127488K, 0% used [0x0000000082e00000,0x0000000082ecb4e8,0x000000008aa80000)
 Metaspace       used 7039K, capacity 7162K, committed 7296K, reserved 1056768K
  class space    used 812K, capacity 883K, committed 896K, reserved 1048576K
}
Event: 1.929 GC heap before
{Heap before GC invocations=5 (full 0):
 PSYoungGen      total 2560K, used 2544K [0x00000000d6500000, 0x00000000d6800000, 0x0000000100000000)
  eden space 2048K, 100% used [0x00000000d6500000,0x00000000d6700000,0x00000000d6700000)
  from space 512K, 96% used [0x00000000d6780000,0x00000000d67fc010,0x00000000d6800000)
  to   space 512K, 0% used [0x00000000d6700000,0x00000000d6700000,0x00000000d6780000)
 ParOldGen       total 127488K, used 4121K [0x0000000082e00000, 0x000000008aa80000, 0x00000000d6500000)
  object space 127488K, 3% used [0x0000000082e00000,0x0000000083206758,0x000000008aa80000)
 Metaspace       used 11038K, capacity 11180K, committed 11392K, reserved 1058816K
  class space    used 1319K, capacity 1366K, committed 1408K, reserved 1048576K
Event: 1.935 GC heap after
Heap after GC invocations=5 (full 0):
 PSYoungGen      total 2560K, used 498K [0x00000000d6500000, 0x00000000d6c00000, 0x0000000100000000)
  eden space 2048K, 0% used [0x00000000d6500000,0x00000000d6500000,0x00000000d6700000)
  from space 512K, 97% used [0x00000000d6700000,0x00000000d677c820,0x00000000d6780000)
  to   space 1536K, 0% used [0x00000000d6a80000,0x00000000d6a80000,0x00000000d6c00000)
 ParOldGen       total 127488K, used 4789K [0x0000000082e00000, 0x000000008aa80000, 0x00000000d6500000)
  object space 127488K, 3% used [0x0000000082e00000,0x00000000832ad6f0,0x000000008aa80000)
 Metaspace       used 11038K, capacity 11180K, committed 11392K, reserved 1058816K
  class space    used 1319K, capacity 1366K, committed 1408K, reserved 1048576K
}
Event: 1.979 GC heap before
{Heap before GC invocations=6 (full 0):
 PSYoungGen      total 2560K, used 2546K [0x00000000d6500000, 0x00000000d6c00000, 0x0000000100000000)
  eden space 2048K, 100% used [0x00000000d6500000,0x00000000d6700000,0x00000000d6700000)
  from space 512K, 97% used [0x00000000d6700000,0x00000000d677c820,0x00000000d6780000)
  to   space 1536K, 0% used [0x00000000d6a80000,0x00000000d6a80000,0x00000000d6c00000)
 ParOldGen       total 127488K, used 4789K [0x0000000082e00000, 0x000000008aa80000, 0x00000000d6500000)
  object space 127488K, 3% used [0x0000000082e00000,0x00000000832ad6f0,0x000000008aa80000)
 Metaspace       used 11218K, capacity 11308K, committed 11392K, reserved 1058816K
  class space    used 1332K, capacity 1366K, committed 1408K, reserved 1048576K
Event: 1.983 GC heap after
Heap after GC invocations=6 (full 0):
 PSYoungGen      total 5632K, used 1073K [0x00000000d6500000, 0x00000000d6c00000, 0x0000000100000000)
  eden space 4096K, 0% used [0x00000000d6500000,0x00000000d6500000,0x00000000d6900000)
  from space 1536K, 69% used [0x00000000d6a80000,0x00000000d6b8c6b8,0x00000000d6c00000)
  to   space 1536K, 0% used [0x00000000d6900000,0x00000000d6900000,0x00000000d6a80000)
 ParOldGen       total 127488K, used 4789K [0x0000000082e00000, 0x000000008aa80000, 0x00000000d6500000)
  object space 127488K, 3% used [0x0000000082e00000,0x00000000832ad6f0,0x000000008aa80000)
 Metaspace       used 11218K, capacity 11308K, committed 11392K, reserved 1058816K
  class space    used 1332K, capacity 1366K, committed 1408K, reserved 1048576K
}

Deoptimization events (0 events):
No events

Internal exceptions (10 events):
Event: 1.939 Thread 0x00007f3de427f000 Exception <a 'java/security/PrivilegedActionException'> (0x00000000d6519030) thrown at [/HUDSON/workspace/8-2-build-linux-amd64/jdk8u5/2488/hotspot/src/share/vm/prims/jvm.cpp, line 1248]
Event: 1.940 Thread 0x00007f3de427f000 Exception <a 'java/security/PrivilegedActionException'> (0x00000000d652aef0) thrown at [/HUDSON/workspace/8-2-build-linux-amd64/jdk8u5/2488/hotspot/src/share/vm/prims/jvm.cpp, line 1248]
Event: 1.941 Thread 0x00007f3de427f000 Exception <a 'java/security/PrivilegedActionException'> (0x00000000d6531778) thrown at [/HUDSON/workspace/8-2-build-linux-amd64/jdk8u5/2488/hotspot/src/share/vm/prims/jvm.cpp, line 1248]
Event: 1.942 Thread 0x00007f3de427f000 Exception <a 'java/security/PrivilegedActionException'> (0x00000000d6534f38) thrown at [/HUDSON/workspace/8-2-build-linux-amd64/jdk8u5/2488/hotspot/src/share/vm/prims/jvm.cpp, line 1248]
Event: 1.943 Thread 0x00007f3de427f000 Exception <a 'java/security/PrivilegedActionException'> (0x00000000d6538b00) thrown at [/HUDSON/workspace/8-2-build-linux-amd64/jdk8u5/2488/hotspot/src/share/vm/prims/jvm.cpp, line 1248]
Event: 1.944 Thread 0x00007f3de427f000 Exception <a 'java/security/PrivilegedActionException'> (0x00000000d653d420) thrown at [/HUDSON/workspace/8-2-build-linux-amd64/jdk8u5/2488/hotspot/src/share/vm/prims/jvm.cpp, line 1248]
Event: 1.944 Thread 0x00007f3de427f000 Exception <a 'java/security/PrivilegedActionException'> (0x00000000d653fde0) thrown at [/HUDSON/workspace/8-2-build-linux-amd64/jdk8u5/2488/hotspot/src/share/vm/prims/jvm.cpp, line 1248]
Event: 1.946 Thread 0x00007f3de427f000 Exception <a 'java/security/PrivilegedActionException'> (0x00000000d6542de8) thrown at [/HUDSON/workspace/8-2-build-linux-amd64/jdk8u5/2488/hotspot/src/share/vm/prims/jvm.cpp, line 1248]
Event: 1.947 Thread 0x00007f3de427f000 Exception <a 'java/security/PrivilegedActionException'> (0x00000000d6549f68) thrown at [/HUDSON/workspace/8-2-build-linux-amd64/jdk8u5/2488/hotspot/src/share/vm/prims/jvm.cpp, line 1248]
Event: 1.948 Thread 0x00007f3de427f000 Exception <a 'java/security/PrivilegedActionException'> (0x00000000d65564c0) thrown at [/HUDSON/workspace/8-2-build-linux-amd64/jdk8u5/2488/hotspot/src/share/vm/prims/jvm.cpp, line 1248]

Events (10 events):
Event: 1.948 loading class java/util/TreeMap$PrivateEntryIterator done
Event: 1.948 loading class java/util/TreeMap$ValueIterator done
Event: 1.948 loading class burlap/oomdp/stochasticgames/JointAction$1
Event: 1.948 loading class burlap/oomdp/stochasticgames/JointAction$1 done
Event: 1.949 loading class sun/misc/FDBigInteger
Event: 1.949 loading class sun/misc/FDBigInteger done
Event: 1.979 Executing VM operation: ParallelGCFailedAllocation
Event: 1.983 Executing VM operation: ParallelGCFailedAllocation done
Event: 1.984 loading class java/util/ArrayList$1
Event: 1.984 loading class java/util/ArrayList$1 done


Dynamic libraries:
00400000-00401000 r-xp 00000000 00:15 209857030                          /gpfs/main/home/amm4/java/jdk1.8.0_05/bin/java
00600000-00601000 rw-p 00000000 00:15 209857030                          /gpfs/main/home/amm4/java/jdk1.8.0_05/bin/java
01087000-01653000 rw-p 00000000 00:00 0                                  [heap]
82e00000-8aa80000 rw-p 00000000 00:00 0 
8aa80000-d6500000 ---p 00000000 00:00 0 
d6500000-d6c00000 rw-p 00000000 00:00 0 
d6c00000-100000000 ---p 00000000 00:00 0 
100000000-100160000 rw-p 00000000 00:00 0 
100160000-140000000 ---p 00000000 00:00 0 
7f3de2bf4000-7f3de2bf7000 ---p 00000000 00:00 0 
7f3de2bf7000-7f3de2cf5000 rw-p 00000000 00:00 0 
7f3de2cf5000-7f3de3031000 rw-s 00000000 00:04 19300368                   /SYSV00000000 (deleted)
7f3de3031000-7f3de3034000 ---p 00000000 00:00 0 
7f3de3034000-7f3de3332000 rw-p 00000000 00:00 0 
7f3de3332000-7f3de339b000 r-xp 00000000 00:15 224768816                  /gpfs/main/home/amm4/java/jdk1.8.0_05/jre/lib/amd64/libt2k.so
7f3de339b000-7f3de359a000 ---p 00069000 00:15 224768816                  /gpfs/main/home/amm4/java/jdk1.8.0_05/jre/lib/amd64/libt2k.so
7f3de359a000-7f3de35a1000 rw-p 00068000 00:15 224768816                  /gpfs/main/home/amm4/java/jdk1.8.0_05/jre/lib/amd64/libt2k.so
7f3de35a1000-7f3de35b1000 rw-p 00000000 00:00 0 
7f3de35b1000-7f3de35c1000 r-xp 00000000 00:15 225596716                  /gpfs/main/home/amm4/java/jdk1.8.0_05/jre/lib/amd64/libnio.so
7f3de35c1000-7f3de37c1000 ---p 00010000 00:15 225596716                  /gpfs/main/home/amm4/java/jdk1.8.0_05/jre/lib/amd64/libnio.so
7f3de37c1000-7f3de37c2000 rw-p 00010000 00:15 225596716                  /gpfs/main/home/amm4/java/jdk1.8.0_05/jre/lib/amd64/libnio.so
7f3de37c2000-7f3de37d5000 r-xp 00000000 fe:00 2505                       /lib/x86_64-linux-gnu/libresolv-2.13.so
7f3de37d5000-7f3de39d4000 ---p 00013000 fe:00 2505                       /lib/x86_64-linux-gnu/libresolv-2.13.so
7f3de39d4000-7f3de39d5000 r--p 00012000 fe:00 2505                       /lib/x86_64-linux-gnu/libresolv-2.13.so
7f3de39d5000-7f3de39d6000 rw-p 00013000 fe:00 2505                       /lib/x86_64-linux-gnu/libresolv-2.13.so
7f3de39d6000-7f3de39d8000 rw-p 00000000 00:00 0 
7f3de39d8000-7f3de39dd000 r-xp 00000000 fe:00 2589                       /lib/x86_64-linux-gnu/libnss_dns-2.13.so
7f3de39dd000-7f3de3bdc000 ---p 00005000 fe:00 2589                       /lib/x86_64-linux-gnu/libnss_dns-2.13.so
7f3de3bdc000-7f3de3bdd000 r--p 00004000 fe:00 2589                       /lib/x86_64-linux-gnu/libnss_dns-2.13.so
7f3de3bdd000-7f3de3bde000 rw-p 00005000 fe:00 2589                       /lib/x86_64-linux-gnu/libnss_dns-2.13.so
7f3de3bde000-7f3de3be9000 r-xp 00000000 fe:00 2473                       /lib/x86_64-linux-gnu/libnss_files-2.13.so
7f3de3be9000-7f3de3de8000 ---p 0000b000 fe:00 2473                       /lib/x86_64-linux-gnu/libnss_files-2.13.so
7f3de3de8000-7f3de3de9000 r--p 0000a000 fe:00 2473                       /lib/x86_64-linux-gnu/libnss_files-2.13.so
7f3de3de9000-7f3de3dea000 rw-p 0000b000 fe:00 2473                       /lib/x86_64-linux-gnu/libnss_files-2.13.so
7f3de3dea000-7f3de3e00000 r-xp 00000000 00:15 225596671                  /gpfs/main/home/amm4/java/jdk1.8.0_05/jre/lib/amd64/libnet.so
7f3de3e00000-7f3de3fff000 ---p 00016000 00:15 225596671                  /gpfs/main/home/amm4/java/jdk1.8.0_05/jre/lib/amd64/libnet.so
7f3de3fff000-7f3de4000000 rw-p 00015000 00:15 225596671                  /gpfs/main/home/amm4/java/jdk1.8.0_05/jre/lib/amd64/libnet.so
7f3de4000000-7f3de4449000 rw-p 00000000 00:00 0 
7f3de4449000-7f3de8000000 ---p 00000000 00:00 0 
7f3de805c000-7f3de805f000 ---p 00000000 00:00 0 
7f3de805f000-7f3de815d000 rw-p 00000000 00:00 0 
7f3de815d000-7f3de8172000 r-xp 00000000 fe:00 32                         /lib/x86_64-linux-gnu/libgcc_s.so.1
7f3de8172000-7f3de8372000 ---p 00015000 fe:00 32                         /lib/x86_64-linux-gnu/libgcc_s.so.1
7f3de8372000-7f3de8373000 rw-p 00015000 fe:00 32                         /lib/x86_64-linux-gnu/libgcc_s.so.1
7f3de8373000-7f3de83d8000 r-xp 00000000 00:15 224769016                  /gpfs/main/home/amm4/java/jdk1.8.0_05/jre/lib/amd64/libfontmanager.so
7f3de83d8000-7f3de85d7000 ---p 00065000 00:15 224769016                  /gpfs/main/home/amm4/java/jdk1.8.0_05/jre/lib/amd64/libfontmanager.so
7f3de85d7000-7f3de85db000 rw-p 00064000 00:15 224769016                  /gpfs/main/home/amm4/java/jdk1.8.0_05/jre/lib/amd64/libfontmanager.so
7f3de85db000-7f3de85ec000 rw-p 00000000 00:00 0 
7f3de85ec000-7f3de85ef000 ---p 00000000 00:00 0 
7f3de85ef000-7f3de86ed000 rw-p 00000000 00:00 0 
7f3de86ed000-7f3de86f2000 r-xp 00000000 fe:03 135067                     /usr/lib/x86_64-linux-gnu/libXfixes.so.3.1.0
7f3de86f2000-7f3de88f1000 ---p 00005000 fe:03 135067                     /usr/lib/x86_64-linux-gnu/libXfixes.so.3.1.0
7f3de88f1000-7f3de88f2000 r--p 00004000 fe:03 135067                     /usr/lib/x86_64-linux-gnu/libXfixes.so.3.1.0
7f3de88f2000-7f3de88f3000 rw-p 00005000 fe:03 135067                     /usr/lib/x86_64-linux-gnu/libXfixes.so.3.1.0
7f3de88f3000-7f3de88fd000 r-xp 00000000 fe:03 135069                     /usr/lib/x86_64-linux-gnu/libXcursor.so.1.0.2
7f3de88fd000-7f3de8afc000 ---p 0000a000 fe:03 135069                     /usr/lib/x86_64-linux-gnu/libXcursor.so.1.0.2
7f3de8afc000-7f3de8afd000 rw-p 00009000 fe:03 135069                     /usr/lib/x86_64-linux-gnu/libXcursor.so.1.0.2
7f3de8afd000-7f3de8b00000 ---p 00000000 00:00 0 
7f3de8b00000-7f3de8bfe000 rw-p 00000000 00:00 0 
7f3de8bfe000-7f3de8c03000 r-xp 00000000 fe:03 131625                     /usr/lib/x86_64-linux-gnu/libXdmcp.so.6.0.0
7f3de8c03000-7f3de8e02000 ---p 00005000 fe:03 131625                     /usr/lib/x86_64-linux-gnu/libXdmcp.so.6.0.0
7f3de8e02000-7f3de8e03000 rw-p 00004000 fe:03 131625                     /usr/lib/x86_64-linux-gnu/libXdmcp.so.6.0.0
7f3de8e03000-7f3de8e05000 r-xp 00000000 fe:03 131623                     /usr/lib/x86_64-linux-gnu/libXau.so.6.0.0
7f3de8e05000-7f3de9005000 ---p 00002000 fe:03 131623                     /usr/lib/x86_64-linux-gnu/libXau.so.6.0.0
7f3de9005000-7f3de9006000 rw-p 00002000 fe:03 131623                     /usr/lib/x86_64-linux-gnu/libXau.so.6.0.0
7f3de9006000-7f3de9025000 r-xp 00000000 fe:03 131627                     /usr/lib/x86_64-linux-gnu/libxcb.so.1.1.0
7f3de9025000-7f3de9224000 ---p 0001f000 fe:03 131627                     /usr/lib/x86_64-linux-gnu/libxcb.so.1.1.0
7f3de9224000-7f3de9225000 r--p 0001e000 fe:03 131627                     /usr/lib/x86_64-linux-gnu/libxcb.so.1.1.0
7f3de9225000-7f3de9226000 rw-p 0001f000 fe:03 131627                     /usr/lib/x86_64-linux-gnu/libxcb.so.1.1.0
7f3de9226000-7f3de9234000 r-xp 00000000 fe:03 135073                     /usr/lib/x86_64-linux-gnu/libXi.so.6.1.0
7f3de9234000-7f3de9434000 ---p 0000e000 fe:03 135073                     /usr/lib/x86_64-linux-gnu/libXi.so.6.1.0
7f3de9434000-7f3de9435000 rw-p 0000e000 fe:03 135073                     /usr/lib/x86_64-linux-gnu/libXi.so.6.1.0
7f3de9435000-7f3de943a000 r-xp 00000000 fe:03 135195                     /usr/lib/x86_64-linux-gnu/libXtst.so.6.1.0
7f3de943a000-7f3de9639000 ---p 00005000 fe:03 135195                     /usr/lib/x86_64-linux-gnu/libXtst.so.6.1.0
7f3de9639000-7f3de963a000 rw-p 00004000 fe:03 135195                     /usr/lib/x86_64-linux-gnu/libXtst.so.6.1.0
7f3de963a000-7f3de9643000 r-xp 00000000 fe:03 135014                     /usr/lib/x86_64-linux-gnu/libXrender.so.1.3.0
7f3de9643000-7f3de9842000 ---p 00009000 fe:03 135014                     /usr/lib/x86_64-linux-gnu/libXrender.so.1.3.0
7f3de9842000-7f3de9843000 rw-p 00008000 fe:03 135014                     /usr/lib/x86_64-linux-gnu/libXrender.so.1.3.0
7f3de9843000-7f3de9978000 r-xp 00000000 fe:03 131635                     /usr/lib/x86_64-linux-gnu/libX11.so.6.3.0
7f3de9978000-7f3de9b78000 ---p 00135000 fe:03 131635                     /usr/lib/x86_64-linux-gnu/libX11.so.6.3.0
7f3de9b78000-7f3de9b7e000 rw-p 00135000 fe:03 131635                     /usr/lib/x86_64-linux-gnu/libX11.so.6.3.0
7f3de9b7e000-7f3de9b8f000 r-xp 00000000 fe:03 132155                     /usr/lib/x86_64-linux-gnu/libXext.so.6.4.0
7f3de9b8f000-7f3de9d8f000 ---p 00011000 fe:03 132155                     /usr/lib/x86_64-linux-gnu/libXext.so.6.4.0
7f3de9d8f000-7f3de9d90000 rw-p 00011000 fe:03 132155                     /usr/lib/x86_64-linux-gnu/libXext.so.6.4.0
7f3de9dc7000-7f3de9e18000 r-xp 00000000 00:15 225596775                  /gpfs/main/home/amm4/java/jdk1.8.0_05/jre/lib/amd64/libawt_xawt.so
7f3de9e18000-7f3dea017000 ---p 00051000 00:15 225596775                  /gpfs/main/home/amm4/java/jdk1.8.0_05/jre/lib/amd64/libawt_xawt.so
7f3dea017000-7f3dea01b000 rw-p 00050000 00:15 225596775                  /gpfs/main/home/amm4/java/jdk1.8.0_05/jre/lib/amd64/libawt_xawt.so
7f3dea01b000-7f3dea01c000 rw-p 00000000 00:00 0 
7f3dea01c000-7f3dea0bf000 r-xp 00000000 00:15 225596567                  /gpfs/main/home/amm4/java/jdk1.8.0_05/jre/lib/amd64/libawt.so
7f3dea0bf000-7f3dea2be000 ---p 000a3000 00:15 225596567                  /gpfs/main/home/amm4/java/jdk1.8.0_05/jre/lib/amd64/libawt.so
7f3dea2be000-7f3dea2ca000 rw-p 000a2000 00:15 225596567                  /gpfs/main/home/amm4/java/jdk1.8.0_05/jre/lib/amd64/libawt.so
7f3dea2ca000-7f3dea2ee000 rw-p 00000000 00:00 0 
7f3dea2ee000-7f3dea306000 r--s 0010a000 00:15 217659037                  /gpfs/main/home/amm4/git/generalResearch/lib/burlap.jar
7f3dea306000-7f3dea307000 ---p 00000000 00:00 0 
7f3dea307000-7f3dea407000 rw-p 00000000 00:00 0 
7f3dea407000-7f3dea40a000 ---p 00000000 00:00 0 
7f3dea40a000-7f3dea508000 rw-p 00000000 00:00 0 
7f3dea508000-7f3dea50b000 ---p 00000000 00:00 0 
7f3dea50b000-7f3dea609000 rw-p 00000000 00:00 0 
7f3dea609000-7f3dea60c000 ---p 00000000 00:00 0 
7f3dea60c000-7f3dea70a000 rw-p 00000000 00:00 0 
7f3dea70a000-7f3dea70d000 ---p 00000000 00:00 0 
7f3dea70d000-7f3dea80b000 rw-p 00000000 00:00 0 
7f3dea80b000-7f3dea80e000 ---p 00000000 00:00 0 
7f3dea80e000-7f3dea90c000 rw-p 00000000 00:00 0 
7f3dea90c000-7f3dea90f000 ---p 00000000 00:00 0 
7f3dea90f000-7f3deaa0d000 rw-p 00000000 00:00 0 
7f3deaa0d000-7f3deaa10000 ---p 00000000 00:00 0 
7f3deaa10000-7f3deab0e000 rw-p 00000000 00:00 0 
7f3deab0e000-7f3deab0f000 ---p 00000000 00:00 0 
7f3deab0f000-7f3debc12000 rw-p 00000000 00:00 0 
7f3debc12000-7f3debde7000 r--s 03c4d000 00:15 223939710                  /gpfs/main/home/amm4/java/jdk1.8.0_05/jre/lib/rt.jar
7f3debde7000-7f3df0959000 rw-p 00000000 00:00 0 
7f3df0959000-7f3df095a000 ---p 00000000 00:00 0 
7f3df095a000-7f3df0a5a000 rw-p 00000000 00:00 0 
7f3df0a5a000-7f3df0a5b000 ---p 00000000 00:00 0 
7f3df0a5b000-7f3df0b5b000 rw-p 00000000 00:00 0 
7f3df0b5b000-7f3df0b5c000 ---p 00000000 00:00 0 
7f3df0b5c000-7f3df0c5c000 rw-p 00000000 00:00 0 
7f3df0c5c000-7f3df0c5d000 ---p 00000000 00:00 0 
7f3df0c5d000-7f3df0d9c000 rw-p 00000000 00:00 0 
7f3df0d9c000-7f3df0ff9000 ---p 00000000 00:00 0 
7f3df0ff9000-7f3df1038000 rw-p 00000000 00:00 0 
7f3df1038000-7f3df1294000 ---p 00000000 00:00 0 
7f3df1294000-7f3df1298000 rw-p 00000000 00:00 0 
7f3df1298000-7f3df13e2000 ---p 00000000 00:00 0 
7f3df13e2000-7f3df13ed000 rw-p 00000000 00:00 0 
7f3df13ed000-7f3df17a3000 ---p 00000000 00:00 0 
7f3df17a3000-7f3df1a23000 rwxp 00000000 00:00 0 
7f3df1a23000-7f3e007a3000 ---p 00000000 00:00 0 
7f3e007a3000-7f3e007bf000 r-xp 00000000 00:15 225596603                  /gpfs/main/home/amm4/java/jdk1.8.0_05/jre/lib/amd64/libzip.so
7f3e007bf000-7f3e009be000 ---p 0001c000 00:15 225596603                  /gpfs/main/home/amm4/java/jdk1.8.0_05/jre/lib/amd64/libzip.so
7f3e009be000-7f3e009bf000 rw-p 0001b000 00:15 225596603                  /gpfs/main/home/amm4/java/jdk1.8.0_05/jre/lib/amd64/libzip.so
7f3e009bf000-7f3e009e9000 r-xp 00000000 00:15 225596531                  /gpfs/main/home/amm4/java/jdk1.8.0_05/jre/lib/amd64/libjava.so
7f3e009e9000-7f3e00be9000 ---p 0002a000 00:15 225596531                  /gpfs/main/home/amm4/java/jdk1.8.0_05/jre/lib/amd64/libjava.so
7f3e00be9000-7f3e00beb000 rw-p 0002a000 00:15 225596531                  /gpfs/main/home/amm4/java/jdk1.8.0_05/jre/lib/amd64/libjava.so
7f3e00beb000-7f3e00bf8000 r-xp 00000000 00:15 225596601                  /gpfs/main/home/amm4/java/jdk1.8.0_05/jre/lib/amd64/libverify.so
7f3e00bf8000-7f3e00df8000 ---p 0000d000 00:15 225596601                  /gpfs/main/home/amm4/java/jdk1.8.0_05/jre/lib/amd64/libverify.so
7f3e00df8000-7f3e00dfa000 rw-p 0000d000 00:15 225596601                  /gpfs/main/home/amm4/java/jdk1.8.0_05/jre/lib/amd64/libverify.so
7f3e00dfa000-7f3e00e01000 r-xp 00000000 fe:00 2497                       /lib/x86_64-linux-gnu/librt-2.13.so
7f3e00e01000-7f3e01000000 ---p 00007000 fe:00 2497                       /lib/x86_64-linux-gnu/librt-2.13.so
7f3e01000000-7f3e01001000 r--p 00006000 fe:00 2497                       /lib/x86_64-linux-gnu/librt-2.13.so
7f3e01001000-7f3e01002000 rw-p 00007000 fe:00 2497                       /lib/x86_64-linux-gnu/librt-2.13.so
7f3e01002000-7f3e01083000 r-xp 00000000 fe:00 2494                       /lib/x86_64-linux-gnu/libm-2.13.so
7f3e01083000-7f3e01282000 ---p 00081000 fe:00 2494                       /lib/x86_64-linux-gnu/libm-2.13.so
7f3e01282000-7f3e01283000 r--p 00080000 fe:00 2494                       /lib/x86_64-linux-gnu/libm-2.13.so
7f3e01283000-7f3e01284000 rw-p 00081000 fe:00 2494                       /lib/x86_64-linux-gnu/libm-2.13.so
7f3e01284000-7f3e01e9e000 r-xp 00000000 00:15 224768859                  /gpfs/main/home/amm4/java/jdk1.8.0_05/jre/lib/amd64/server/libjvm.so
7f3e01e9e000-7f3e0209d000 ---p 00c1a000 00:15 224768859                  /gpfs/main/home/amm4/java/jdk1.8.0_05/jre/lib/amd64/server/libjvm.so
7f3e0209d000-7f3e02166000 rw-p 00c19000 00:15 224768859                  /gpfs/main/home/amm4/java/jdk1.8.0_05/jre/lib/amd64/server/libjvm.so
7f3e02166000-7f3e021a7000 rw-p 00000000 00:00 0 
7f3e021a7000-7f3e02329000 r-xp 00000000 fe:00 2496                       /lib/x86_64-linux-gnu/libc-2.13.so
7f3e02329000-7f3e02529000 ---p 00182000 fe:00 2496                       /lib/x86_64-linux-gnu/libc-2.13.so
7f3e02529000-7f3e0252d000 r--p 00182000 fe:00 2496                       /lib/x86_64-linux-gnu/libc-2.13.so
7f3e0252d000-7f3e0252e000 rw-p 00186000 fe:00 2496                       /lib/x86_64-linux-gnu/libc-2.13.so
7f3e0252e000-7f3e02533000 rw-p 00000000 00:00 0 
7f3e02533000-7f3e02535000 r-xp 00000000 fe:00 2502                       /lib/x86_64-linux-gnu/libdl-2.13.so
7f3e02535000-7f3e02735000 ---p 00002000 fe:00 2502                       /lib/x86_64-linux-gnu/libdl-2.13.so
7f3e02735000-7f3e02736000 r--p 00002000 fe:00 2502                       /lib/x86_64-linux-gnu/libdl-2.13.so
7f3e02736000-7f3e02737000 rw-p 00003000 fe:00 2502                       /lib/x86_64-linux-gnu/libdl-2.13.so
7f3e02737000-7f3e0274e000 r-xp 00000000 00:15 223111453                  /gpfs/main/home/amm4/java/jdk1.8.0_05/lib/amd64/jli/libjli.so
7f3e0274e000-7f3e0294d000 ---p 00017000 00:15 223111453                  /gpfs/main/home/amm4/java/jdk1.8.0_05/lib/amd64/jli/libjli.so
7f3e0294d000-7f3e0294e000 rw-p 00016000 00:15 223111453                  /gpfs/main/home/amm4/java/jdk1.8.0_05/lib/amd64/jli/libjli.so
7f3e0294e000-7f3e02965000 r-xp 00000000 fe:00 2593                       /lib/x86_64-linux-gnu/libpthread-2.13.so
7f3e02965000-7f3e02b64000 ---p 00017000 fe:00 2593                       /lib/x86_64-linux-gnu/libpthread-2.13.so
7f3e02b64000-7f3e02b65000 r--p 00016000 fe:00 2593                       /lib/x86_64-linux-gnu/libpthread-2.13.so
7f3e02b65000-7f3e02b66000 rw-p 00017000 fe:00 2593                       /lib/x86_64-linux-gnu/libpthread-2.13.so
7f3e02b66000-7f3e02b6a000 rw-p 00000000 00:00 0 
7f3e02b6a000-7f3e02b8a000 r-xp 00000000 fe:00 2520                       /lib/x86_64-linux-gnu/ld-2.13.so
7f3e02b93000-7f3e02bb1000 r--s 00180000 00:15 217659046                  /gpfs/main/home/amm4/git/generalResearch/lib/commons-math3-3.2.jar
7f3e02bb1000-7f3e02bc8000 r--s 00122000 00:15 217658407                  /gpfs/main/home/amm4/git/generalResearch/dist/oomdpResearch.jar
7f3e02bc8000-7f3e02c4b000 r--s 00000000 00:0e 1856                       /run/nscd/dbnsilEp (deleted)
7f3e02c4b000-7f3e02c4e000 ---p 00000000 00:00 0 
7f3e02c4e000-7f3e02d50000 rw-p 00000000 00:00 0 
7f3e02d55000-7f3e02d7d000 rw-p 00000000 00:00 0 
7f3e02d7d000-7f3e02d85000 rw-s 00000000 fe:04 438                        /tmp/hsperfdata_amm4/23875
7f3e02d85000-7f3e02d86000 rw-p 00000000 00:00 0 
7f3e02d86000-7f3e02d87000 r--p 00000000 00:00 0 
7f3e02d87000-7f3e02d89000 rw-p 00000000 00:00 0 
7f3e02d89000-7f3e02d8a000 r--p 0001f000 fe:00 2520                       /lib/x86_64-linux-gnu/ld-2.13.so
7f3e02d8a000-7f3e02d8b000 rw-p 00020000 fe:00 2520                       /lib/x86_64-linux-gnu/ld-2.13.so
7f3e02d8b000-7f3e02d8c000 rw-p 00000000 00:00 0 
7fff9339f000-7fff933c0000 rw-p 00000000 00:00 0                          [stack]
7fff933ff000-7fff93400000 r-xp 00000000 00:00 0                          [vdso]
ffffffffff600000-ffffffffff601000 r-xp 00000000 00:00 0                  [vsyscall]

VM Arguments:
jvm_args: -Dfile.encoding=UTF-8 
java_command: ethics.experiments.adam.MatchVisualizer
java_class_path (initial): /gpfs/main/home/amm4/git/generalResearch/bin:/gpfs/main/home/amm4/git/generalResearch/dist/oomdpResearch.jar:/gpfs/main/home/amm4/git/generalResearch/lib/commons-math3-3.2.jar:/gpfs/main/home/amm4/git/generalResearch/lib/burlap.jar
Launcher Type: SUN_STANDARD

Environment Variables:
PATH=/local/bin/:/local/bin:/cfarm/bin:/usr/local/bin:/bin:/usr/bin:/usr/X11R6/bin:/usr/games:/contrib/bin
SHELL=/bin/bash
DISPLAY=:0.0

Signal Handlers:
SIGSEGV: [libjvm.so+0xa2fc90], sa_mask[0]=0x7ffbfeff, sa_flags=0x10000004
SIGBUS: [libjvm.so+0xa2fc90], sa_mask[0]=0x7ffbfeff, sa_flags=0x10000004
SIGFPE: [libjvm.so+0x89b4b0], sa_mask[0]=0x7ffbfeff, sa_flags=0x10000004
SIGPIPE: [libjvm.so+0x89b4b0], sa_mask[0]=0x7ffbfeff, sa_flags=0x10000004
SIGXFSZ: [libjvm.so+0x89b4b0], sa_mask[0]=0x7ffbfeff, sa_flags=0x10000004
SIGILL: [libjvm.so+0x89b4b0], sa_mask[0]=0x7ffbfeff, sa_flags=0x10000004
SIGUSR1: SIG_DFL, sa_mask[0]=0x00000000, sa_flags=0x00000000
SIGUSR2: [libjvm.so+0x89cc50], sa_mask[0]=0x00000004, sa_flags=0x10000004
SIGHUP: [libjvm.so+0x89df00], sa_mask[0]=0x7ffbfeff, sa_flags=0x10000004
SIGINT: [libjvm.so+0x89df00], sa_mask[0]=0x7ffbfeff, sa_flags=0x10000004
SIGTERM: [libjvm.so+0x89df00], sa_mask[0]=0x7ffbfeff, sa_flags=0x10000004
SIGQUIT: [libjvm.so+0x89df00], sa_mask[0]=0x7ffbfeff, sa_flags=0x10000004


---------------  S Y S T E M  ---------------

OS:PRETTY_NAME="Debian GNU/Linux 7 (wheezy)"
NAME="Debian GNU/Linux"
VERSION_ID="7"
VERSION="7 (wheezy)"
ID=debian
ANSI_COLOR="1;31"
HOME_URL="http://www.debian.org/"
SUPPORT_URL="http://www.debian.org/support/"
BUG_REPORT_URL="http://bugs.debian.org/"

uname:Linux 3.2.0-4-amd64 #1 SMP Debian 3.2.65-1+deb7u1 x86_64
libc:glibc 2.13 NPTL 2.13 
rlimit: STACK 8192k, CORE 0k, NPROC 63959, NOFILE 4096, AS infinity
load average:0.61 0.42 0.46

/proc/meminfo:
MemTotal:        8199880 kB
MemFree:          845704 kB
Buffers:          329796 kB
Cached:          3816240 kB
SwapCached:          992 kB
Active:          4301436 kB
Inactive:        2257064 kB
Active(anon):    2115732 kB
Inactive(anon):   360616 kB
Active(file):    2185704 kB
Inactive(file):  1896448 kB
Unevictable:          16 kB
Mlocked:              16 kB
SwapTotal:       8388604 kB
SwapFree:        8380456 kB
Dirty:               320 kB
Writeback:             0 kB
AnonPages:       2411700 kB
Mapped:           186284 kB
Shmem:             63880 kB
Slab:             705076 kB
SReclaimable:     659772 kB
SUnreclaim:        45304 kB
KernelStack:        4824 kB
PageTables:        24624 kB
NFS_Unstable:          0 kB
Bounce:                0 kB
WritebackTmp:          0 kB
CommitLimit:    12488544 kB
Committed_AS:    5608800 kB
VmallocTotal:   34359738367 kB
VmallocUsed:      326304 kB
VmallocChunk:   34359403516 kB
HardwareCorrupted:     0 kB
AnonHugePages:         0 kB
HugePages_Total:       0
HugePages_Free:        0
HugePages_Rsvd:        0
HugePages_Surp:        0
Hugepagesize:       2048 kB
DirectMap4k:     4560448 kB
DirectMap2M:     3827712 kB


CPU:total 4 (4 cores per cpu, 1 threads per core) family 6 model 15 stepping 11, cmov, cx8, fxsr, mmx, sse, sse2, sse3, ssse3, tsc

/proc/cpuinfo:
processor	: 0
vendor_id	: GenuineIntel
cpu family	: 6
model		: 15
model name	: Intel(R) Core(TM)2 Quad CPU    Q6600  @ 2.40GHz
stepping	: 11
microcode	: 0xb6
cpu MHz		: 2399.865
cache size	: 4096 KB
physical id	: 0
siblings	: 4
core id		: 0
cpu cores	: 4
apicid		: 0
initial apicid	: 0
fpu		: yes
fpu_exception	: yes
cpuid level	: 10
wp		: yes
flags		: fpu vme de pse tsc msr pae mce cx8 apic sep mtrr pge mca cmov pat pse36 clflush dts acpi mmx fxsr sse sse2 ss ht tm pbe syscall nx lm constant_tsc arch_perfmon pebs bts rep_good nopl aperfmperf pni dtes64 monitor ds_cpl vmx est tm2 ssse3 cx16 xtpr pdcm lahf_lm dtherm tpr_shadow vnmi flexpriority
bogomips	: 4799.73
clflush size	: 64
cache_alignment	: 64
address sizes	: 36 bits physical, 48 bits virtual
power management:

processor	: 1
vendor_id	: GenuineIntel
cpu family	: 6
model		: 15
model name	: Intel(R) Core(TM)2 Quad CPU    Q6600  @ 2.40GHz
stepping	: 11
microcode	: 0xb6
cpu MHz		: 2399.865
cache size	: 4096 KB
physical id	: 0
siblings	: 4
core id		: 1
cpu cores	: 4
apicid		: 1
initial apicid	: 1
fpu		: yes
fpu_exception	: yes
cpuid level	: 10
wp		: yes
flags		: fpu vme de pse tsc msr pae mce cx8 apic sep mtrr pge mca cmov pat pse36 clflush dts acpi mmx fxsr sse sse2 ss ht tm pbe syscall nx lm constant_tsc arch_perfmon pebs bts rep_good nopl aperfmperf pni dtes64 monitor ds_cpl vmx est tm2 ssse3 cx16 xtpr pdcm lahf_lm dtherm tpr_shadow vnmi flexpriority
bogomips	: 4800.22
clflush size	: 64
cache_alignment	: 64
address sizes	: 36 bits physical, 48 bits virtual
power management:

processor	: 2
vendor_id	: GenuineIntel
cpu family	: 6
model		: 15
model name	: Intel(R) Core(TM)2 Quad CPU    Q6600  @ 2.40GHz
stepping	: 11
microcode	: 0xb6
cpu MHz		: 2399.865
cache size	: 4096 KB
physical id	: 0
siblings	: 4
core id		: 2
cpu cores	: 4
apicid		: 2
initial apicid	: 2
fpu		: yes
fpu_exception	: yes
cpuid level	: 10
wp		: yes
flags		: fpu vme de pse tsc msr pae mce cx8 apic sep mtrr pge mca cmov pat pse36 clflush dts acpi mmx fxsr sse sse2 ss ht tm pbe syscall nx lm constant_tsc arch_perfmon pebs bts rep_good nopl aperfmperf pni dtes64 monitor ds_cpl vmx est tm2 ssse3 cx16 xtpr pdcm lahf_lm dtherm tpr_shadow vnmi flexpriority
bogomips	: 4800.28
clflush size	: 64
cache_alignment	: 64
address sizes	: 36 bits physical, 48 bits virtual
power management:

processor	: 3
vendor_id	: GenuineIntel
cpu family	: 6
model		: 15
model name	: Intel(R) Core(TM)2 Quad CPU    Q6600  @ 2.40GHz
stepping	: 11
microcode	: 0xb6
cpu MHz		: 2399.865
cache size	: 4096 KB
physical id	: 0
siblings	: 4
core id		: 3
cpu cores	: 4
apicid		: 3
initial apicid	: 3
fpu		: yes
fpu_exception	: yes
cpuid level	: 10
wp		: yes
flags		: fpu vme de pse tsc msr pae mce cx8 apic sep mtrr pge mca cmov pat pse36 clflush dts acpi mmx fxsr sse sse2 ss ht tm pbe syscall nx lm constant_tsc arch_perfmon pebs bts rep_good nopl aperfmperf pni dtes64 monitor ds_cpl vmx est tm2 ssse3 cx16 xtpr pdcm lahf_lm dtherm tpr_shadow vnmi flexpriority
bogomips	: 4800.26
clflush size	: 64
cache_alignment	: 64
address sizes	: 36 bits physical, 48 bits virtual
power management:



Memory: 4k page, physical 8199880k(845704k free), swap 8388604k(8380456k free)

vm_info: Java HotSpot(TM) 64-Bit Server VM (25.5-b02) for linux-amd64 JRE (1.8.0_05-b13), built on Mar 18 2014 00:29:27 by "java_re" with gcc 4.3.0 20080428 (Red Hat 4.3.0-8)

time: Tue Feb 10 15:56:23 2015
elapsed time: 2 seconds

