#
# A fatal error has been detected by the Java Runtime Environment:
#
#  SIGSEGV (0xb) at pc=0x00007fc0feb0c060, pid=26168, tid=140467698476800
#
# JRE version: Java(TM) SE Runtime Environment (8.0_05-b13) (build 1.8.0_05-b13)
# Java VM: Java HotSpot(TM) 64-Bit Server VM (25.5-b02 mixed mode linux-amd64 compressed oops)
# Problematic frame:
# C  0x00007fc0feb0c060
#
# Failed to write core dump. Core dumps have been disabled. To enable core dumping, try "ulimit -c unlimited" before starting Java again
#
# If you would like to submit a bug report, please visit:
#   http://bugreport.sun.com/bugreport/crash.jsp
#

---------------  T H R E A D  ---------------

Current thread (0x00007fc130225000):  JavaThread "AWT-EventQueue-0" [_thread_in_Java, id=26194, stack(0x00007fc12f352000,0x00007fc12f453000)]

siginfo:si_signo=SIGSEGV: si_errno=0, si_code=1 (SEGV_MAPERR), si_addr=0x00007fc0feb0c060

Registers:
RAX=0x00000000d69a0dc8, RBX=0x00007fc12ed69048, RCX=0x0000000000000024, RDX=0x00000000d69a0cb8
RSP=0x00007fc12f44f198, RBP=0x00007fc12f44f320, RSI=0x00000000d652fc40, RDI=0x00000000d69a0dc8
R8 =0x0000000000000001, R9 =0x0000000000000024, R10=0x0000000000001af0, R11=0x00000000ffffffff
R12=0x0000000000000000, R13=0x000000010010ee28, R14=0x00007fc12ed7d598, R15=0x00007fc130225000
RIP=0x00007fc0feb0c060, EFLAGS=0x0000000000010206, CSGSFS=0x0000000000000033, ERR=0x0000000000000014
  TRAPNO=0x000000000000000e

Top of Stack: (sp=0x00007fc12f44f198)
0x00007fc12f44f198:   00007fc13deb3d44 00007fc12f44f1f0
0x00007fc12f44f1a8:   00007fc13dea72c4 00000000832cc450
0x00007fc12f44f1b8:   00007fc138250ce0 0000000000000000
0x00007fc12f44f1c8:   00007fc12f44f250 00007fc12f44f2d0
0x00007fc12f44f1d8:   00007fc130225000 0000000082e7e9d8
0x00007fc12f44f1e8:   00007fc13deb4d66 0000000000000053
0x00007fc12f44f1f8:   00000000d69a0a60 000000010000000c
0x00007fc12f44f208:   0000000082e3c3c0 00000000d69a0c10
0x00007fc12f44f218:   0000000b00000000 0000000100000000
0x00007fc12f44f228:   00000000d69a0c10 00000000d69a0c38
0x00007fc12f44f238:   00000000d665d0a0 00000000d665d0a0
0x00007fc12f44f248:   0000005000000004 00000000d69a0cb8
0x00007fc12f44f258:   00000000d652fc40 00000000d69a0c78
0x00007fc12f44f268:   00000000d69a0dc8 00000000d69a2a80
0x00007fc12f44f278:   00000027000003c6 0000000400000001
0x00007fc12f44f288:   0000000000000024 00000000d69a0c88
0x00007fc12f44f298:   00000000d69a3418 00007fc12f44f320
0x00007fc12f44f2a8:   00007fc13db0e210 00007fc12f44f320
0x00007fc12f44f2b8:   00007fc13db0e2e0 00007fc13db0e2e0
0x00007fc12f44f2c8:   00000000d69a0c78 0000000000000004
0x00007fc12f44f2d8:   00000000d652fc40 00007fc12f44f2e0
0x00007fc12f44f2e8:   00007fc13894dc1b 00007fc12f44f340
0x00007fc12f44f2f8:   00007fc138953de8 0000000000000000
0x00007fc12f44f308:   00007fc13894dc48 00007fc12f44f2c8
0x00007fc12f44f318:   00007fc12f44f340 00007fc12f44f398
0x00007fc12f44f328:   00007fc13db0e210 0000000000000000
0x00007fc12f44f338:   00000000d69a0c78 00000000d652fc40
0x00007fc12f44f348:   0000000000000001 00000000832a3798
0x00007fc12f44f358:   00007fc12f44f348 00007fc13893f939
0x00007fc12f44f368:   00007fc12f44f3d0 00007fc1389430a0
0x00007fc12f44f378:   0000000000000000 00007fc13893f998
0x00007fc12f44f388:   00007fc12f44f340 00007fc12f44f3d0 

Instructions: (pc=0x00007fc0feb0c060)
0x00007fc0feb0c040:   
[error occurred during error reporting (printing registers, top of stack, instructions near pc), id 0xb]

Register to memory mapping:

RAX=0x00000000d69a0dc8 is an oop
java.nio.HeapByteBuffer 
 - klass: 'java/nio/HeapByteBuffer'
RBX=0x00007fc12ed69048 is an unknown value
RCX=0x0000000000000024 is an unknown value
RDX=0x00000000d69a0cb8 is an oop
[B 
 - klass: {type array byte}
 - length: 256
RSP=0x00007fc12f44f198 is pointing into the stack for thread: 0x00007fc130225000
RBP=0x00007fc12f44f320 is pointing into the stack for thread: 0x00007fc130225000
RSI=0x00000000d652fc40 is an oop
sun.font.TrueTypeFont 
 - klass: 'sun/font/TrueTypeFont'
RDI=0x00000000d69a0dc8 is an oop
java.nio.HeapByteBuffer 
 - klass: 'java/nio/HeapByteBuffer'
R8 =0x0000000000000001 is an unknown value
R9 =0x0000000000000024 is an unknown value
R10=0x0000000000001af0 is an unknown value
R11=0x00000000ffffffff is an unallocated location in the heap
R12=0x0000000000000000 is an unknown value
R13=0x000000010010ee28 is an unknown value
R14=0x00007fc12ed7d598 is an unknown value
R15=0x00007fc130225000 is a thread


Stack: [0x00007fc12f352000,0x00007fc12f453000],  sp=0x00007fc12f44f198,  free space=1012k
Native frames: (J=compiled Java code, j=interpreted, Vv=VM code, C=native code)
C  0x00007fc0feb0c060
j  sun.font.SunFontManager.loadLocaleNames()V+49
j  sun.font.SunFontManager.findFont2DAllLocales(Ljava/lang/String;I)Lsun/font/Font2D;+40
j  sun.font.SunFontManager.findFont2D(Ljava/lang/String;II)Lsun/font/Font2D;+1007
j  sun.font.SunFontManager.findFont2D(Ljava/lang/String;II)Lsun/font/Font2D;+944
j  java.awt.Font.getFont2D()Lsun/font/Font2D;+86
j  java.awt.Font.access$000(Ljava/awt/Font;)Lsun/font/Font2D;+1
j  java.awt.Font$FontAccessImpl.getFont2D(Ljava/awt/Font;)Lsun/font/Font2D;+1
j  sun.font.FontUtilities.getFont2D(Ljava/awt/Font;)Lsun/font/Font2D;+4
j  sun.font.FontDesignMetrics.initMatrixAndMetrics()V+4
j  sun.font.FontDesignMetrics.<init>(Ljava/awt/Font;Ljava/awt/font/FontRenderContext;)V+62
j  sun.font.FontDesignMetrics.getMetrics(Ljava/awt/Font;Ljava/awt/font/FontRenderContext;)Lsun/font/FontDesignMetrics;+128
j  sun.java2d.SunGraphics2D.getFontMetrics()Ljava/awt/FontMetrics;+21
j  ethics.experiments.tbforagesteal.matchvisualizer.ColoredTableRenderer.paint(Ljava/awt/Graphics;)V+205
j  java.awt.Canvas.update(Ljava/awt/Graphics;)V+16
j  sun.awt.RepaintArea.updateComponent(Ljava/awt/Component;Ljava/awt/Graphics;)V+6
j  sun.awt.X11.XRepaintArea.updateComponent(Ljava/awt/Component;Ljava/awt/Graphics;)V+24
j  sun.awt.RepaintArea.paint(Ljava/lang/Object;Z)V+263
j  sun.awt.X11.XComponentPeer.handleEvent(Ljava/awt/AWTEvent;)V+224
j  java.awt.Component.dispatchEventImpl(Ljava/awt/AWTEvent;)V+877
j  java.awt.Component.dispatchEvent(Ljava/awt/AWTEvent;)V+2
j  java.awt.EventQueue.dispatchEventImpl(Ljava/awt/AWTEvent;Ljava/lang/Object;)V+41
j  java.awt.EventQueue.access$400(Ljava/awt/EventQueue;Ljava/awt/AWTEvent;Ljava/lang/Object;)V+3
j  java.awt.EventQueue$3.run()Ljava/lang/Void;+32
j  java.awt.EventQueue$3.run()Ljava/lang/Object;+1
v  ~StubRoutines::call_stub
V  [libjvm.so+0x627356]  JavaCalls::call_helper(JavaValue*, methodHandle*, JavaCallArguments*, Thread*)+0x1056
V  [libjvm.so+0x6bab8c]  JVM_DoPrivileged+0x27c
J 530  java.security.AccessController.doPrivileged(Ljava/security/PrivilegedAction;Ljava/security/AccessControlContext;)Ljava/lang/Object; (0 bytes) @ 0x00007fc13dd20415 [0x00007fc13dd20340+0xd5]
J 533 C1 java.security.ProtectionDomain$1.doIntersectionPrivilege(Ljava/security/PrivilegedAction;Ljava/security/AccessControlContext;Ljava/security/AccessControlContext;)Ljava/lang/Object; (32 bytes) @ 0x00007fc13dd2110c [0x00007fc13dd20e20+0x2ec]
j  java.security.ProtectionDomain$1.doIntersectionPrivilege(Ljava/security/PrivilegedAction;Ljava/security/AccessControlContext;)Ljava/lang/Object;+6
j  java.awt.EventQueue$4.run()Ljava/lang/Void;+11
j  java.awt.EventQueue$4.run()Ljava/lang/Object;+1
v  ~StubRoutines::call_stub
V  [libjvm.so+0x627356]  JavaCalls::call_helper(JavaValue*, methodHandle*, JavaCallArguments*, Thread*)+0x1056
V  [libjvm.so+0x6bab8c]  JVM_DoPrivileged+0x27c
J 530  java.security.AccessController.doPrivileged(Ljava/security/PrivilegedAction;Ljava/security/AccessControlContext;)Ljava/lang/Object; (0 bytes) @ 0x00007fc13dd20415 [0x00007fc13dd20340+0xd5]
J 533 C1 java.security.ProtectionDomain$1.doIntersectionPrivilege(Ljava/security/PrivilegedAction;Ljava/security/AccessControlContext;Ljava/security/AccessControlContext;)Ljava/lang/Object; (32 bytes) @ 0x00007fc13dd2110c [0x00007fc13dd20e20+0x2ec]
j  java.awt.EventQueue.dispatchEvent(Ljava/awt/AWTEvent;)V+73
j  java.awt.EventDispatchThread.pumpOneEventForFilters(I)V+245
j  java.awt.EventDispatchThread.pumpEventsForFilter(ILjava/awt/Conditional;Ljava/awt/EventFilter;)V+35
j  java.awt.EventDispatchThread.pumpEventsForHierarchy(ILjava/awt/Conditional;Ljava/awt/Component;)V+11
j  java.awt.EventDispatchThread.pumpEvents(ILjava/awt/Conditional;)V+4
j  java.awt.EventDispatchThread.pumpEvents(Ljava/awt/Conditional;)V+3
j  java.awt.EventDispatchThread.run()V+9
v  ~StubRoutines::call_stub
V  [libjvm.so+0x627356]  JavaCalls::call_helper(JavaValue*, methodHandle*, JavaCallArguments*, Thread*)+0x1056
V  [libjvm.so+0x627861]  JavaCalls::call_virtual(JavaValue*, KlassHandle, Symbol*, Symbol*, JavaCallArguments*, Thread*)+0x321
V  [libjvm.so+0x627d07]  JavaCalls::call_virtual(JavaValue*, Handle, KlassHandle, Symbol*, Symbol*, Thread*)+0x47
V  [libjvm.so+0x6a0e9e]  thread_entry(JavaThread*, Thread*)+0x7e
V  [libjvm.so+0x9e303f]  JavaThread::thread_main_inner()+0xdf
V  [libjvm.so+0x9e3205]  JavaThread::run()+0x1b5
V  [libjvm.so+0x8a00c8]  java_start(Thread*)+0x108


---------------  P R O C E S S  ---------------

Java Threads: ( => current thread )
  0x0000000001240000 JavaThread "TimerQueue" daemon [_thread_blocked, id=26201, stack(0x00007fc12ef15000,0x00007fc12f016000)]
  0x00007fc13022b800 JavaThread "DestroyJavaVM" [_thread_blocked, id=26175, stack(0x00007fc14efaf000,0x00007fc14f0b0000)]
=>0x00007fc130225000 JavaThread "AWT-EventQueue-0" [_thread_in_Java, id=26194, stack(0x00007fc12f352000,0x00007fc12f453000)]
  0x00007fc130219000 JavaThread "AWT-Shutdown" [_thread_blocked, id=26193, stack(0x00007fc12f453000,0x00007fc12f554000)]
  0x000000000121a000 JavaThread "AWT-XAWT" daemon [_thread_in_native, id=26192, stack(0x00007fc134950000,0x00007fc134a51000)]
  0x00000000011fb800 JavaThread "Java2D Disposer" daemon [_thread_blocked, id=26191, stack(0x00007fc134e61000,0x00007fc134f62000)]
  0x0000000001052800 JavaThread "Service Thread" daemon [_thread_blocked, id=26188, stack(0x00007fc13676b000,0x00007fc13686c000)]
  0x0000000001023000 JavaThread "C1 CompilerThread2" daemon [_thread_in_native, id=26187, stack(0x00007fc13686c000,0x00007fc13696d000)]
  0x0000000001020800 JavaThread "C2 CompilerThread1" daemon [_thread_blocked, id=26186, stack(0x00007fc13696d000,0x00007fc136a6e000)]
  0x000000000101d800 JavaThread "C2 CompilerThread0" daemon [_thread_blocked, id=26185, stack(0x00007fc136a6e000,0x00007fc136b6f000)]
  0x000000000101b800 JavaThread "Signal Dispatcher" daemon [_thread_blocked, id=26184, stack(0x00007fc136b6f000,0x00007fc136c70000)]
  0x0000000000fee000 JavaThread "Finalizer" daemon [_thread_blocked, id=26183, stack(0x00007fc136c70000,0x00007fc136d71000)]
  0x0000000000fe4800 JavaThread "Reference Handler" daemon [_thread_blocked, id=26182, stack(0x00007fc136d71000,0x00007fc136e72000)]

Other Threads:
  0x0000000000fdf800 VMThread [stack: 0x00007fc136e72000,0x00007fc136f73000] [id=26181]
  0x0000000001055800 WatcherThread [stack: 0x00007fc13666a000,0x00007fc13676b000] [id=26189]

VM state:not at safepoint (normal execution)

VM Mutex/Monitor currently owned by a thread: None

Heap:
 PSYoungGen      total 22016K, used 9774K [0x00000000d6500000, 0x00000000d8b00000, 0x0000000100000000)
  eden space 15872K, 30% used [0x00000000d6500000,0x00000000d69bbb98,0x00000000d7480000)
  from space 6144K, 80% used [0x00000000d7480000,0x00000000d7950000,0x00000000d7a80000)
  to   space 6656K, 0% used [0x00000000d8480000,0x00000000d8480000,0x00000000d8b00000)
 ParOldGen       total 127488K, used 20629K [0x0000000082e00000, 0x000000008aa80000, 0x00000000d6500000)
  object space 127488K, 16% used [0x0000000082e00000,0x00000000842254a8,0x000000008aa80000)
 Metaspace       used 11978K, capacity 12082K, committed 12288K, reserved 1060864K
  class space    used 1402K, capacity 1431K, committed 1536K, reserved 1048576K

Card table byte_map: [0x00007fc13d35d000,0x00007fc13d747000] byte_map_base: 0x00007fc13cf46000

Marking Bits: (ParMarkBitMap*) 0x00007fc14e4e0cc0
 Begin Bits: [0x00007fc138e2d000, 0x00007fc13ad75000)
 End Bits:   [0x00007fc13ad75000, 0x00007fc13ccbd000)

Polling page: 0x00007fc14f0ea000

CodeCache: size=245760Kb used=3907Kb max_used=3918Kb free=241852Kb
 bounds [0x00007fc13db07000, 0x00007fc13dee7000, 0x00007fc14cb07000]
 total_blobs=1745 nmethods=1213 adapters=448
 compilation: enabled

Compilation events (10 events):
Event: 4.225 Thread 0x0000000001023000 1200       3       sun.nio.ch.Util::getTemporaryDirectBuffer (43 bytes)
Event: 4.225 Thread 0x0000000001023000 nmethod 1200 0x00007fc13dec7a10 code [0x00007fc13dec7c00, 0x00007fc13dec8398]
Event: 4.225 Thread 0x0000000001023000 1188       1       sun.nio.cs.UnicodeDecoder::implReset (9 bytes)
Event: 4.225 Thread 0x0000000001023000 nmethod 1188 0x00007fc13dea64d0 code [0x00007fc13dea6620, 0x00007fc13dea6730]
Event: 4.225 Thread 0x0000000001023000 1189       3       java.nio.HeapByteBuffer::get (54 bytes)
Event: 4.226 Thread 0x0000000001023000 nmethod 1189 0x00007fc13dec86d0 code [0x00007fc13dec8880, 0x00007fc13dec8ff8]
Event: 4.226 Thread 0x0000000001023000 1203       3       sun.nio.ch.Util::offerFirstTemporaryDirectBuffer (41 bytes)
Event: 4.226 Thread 0x0000000001023000 nmethod 1203 0x00007fc13dec9290 code [0x00007fc13dec9440, 0x00007fc13dec99b8]
Event: 4.226 Thread 0x0000000001023000 1196   !   3       sun.font.TrueTypeFont::makeString (223 bytes)
Event: 4.228 Thread 0x0000000001023000 nmethod 1196 0x00007fc13dec9bd0 code [0x00007fc13dec9e80, 0x00007fc13decb168]

GC Heap History (10 events):
Event: 3.723 GC heap before
{Heap before GC invocations=9 (full 0):
 PSYoungGen      total 9216K, used 9216K [0x00000000d6500000, 0x00000000d7200000, 0x0000000100000000)
  eden space 6656K, 100% used [0x00000000d6500000,0x00000000d6b80000,0x00000000d6b80000)
  from space 2560K, 100% used [0x00000000d6e80000,0x00000000d7100000,0x00000000d7100000)
  to   space 3072K, 0% used [0x00000000d6b80000,0x00000000d6b80000,0x00000000d6e80000)
 ParOldGen       total 127488K, used 5835K [0x0000000082e00000, 0x000000008aa80000, 0x00000000d6500000)
  object space 127488K, 4% used [0x0000000082e00000,0x00000000833b2c68,0x000000008aa80000)
 Metaspace       used 11534K, capacity 11660K, committed 11904K, reserved 1060864K
  class space    used 1370K, capacity 1398K, committed 1408K, reserved 1048576K
Event: 3.737 GC heap after
Heap after GC invocations=9 (full 0):
 PSYoungGen      total 9728K, used 3072K [0x00000000d6500000, 0x00000000d7880000, 0x0000000100000000)
  eden space 6656K, 0% used [0x00000000d6500000,0x00000000d6500000,0x00000000d6b80000)
  from space 3072K, 100% used [0x00000000d6b80000,0x00000000d6e80000,0x00000000d6e80000)
  to   space 4608K, 0% used [0x00000000d7400000,0x00000000d7400000,0x00000000d7880000)
 ParOldGen       total 127488K, used 7669K [0x0000000082e00000, 0x000000008aa80000, 0x00000000d6500000)
  object space 127488K, 6% used [0x0000000082e00000,0x000000008357d4a8,0x000000008aa80000)
 Metaspace       used 11534K, capacity 11660K, committed 11904K, reserved 1060864K
  class space    used 1370K, capacity 1398K, committed 1408K, reserved 1048576K
}
Event: 3.765 GC heap before
{Heap before GC invocations=10 (full 0):
 PSYoungGen      total 9728K, used 9728K [0x00000000d6500000, 0x00000000d7880000, 0x0000000100000000)
  eden space 6656K, 100% used [0x00000000d6500000,0x00000000d6b80000,0x00000000d6b80000)
  from space 3072K, 100% used [0x00000000d6b80000,0x00000000d6e80000,0x00000000d6e80000)
  to   space 4608K, 0% used [0x00000000d7400000,0x00000000d7400000,0x00000000d7880000)
 ParOldGen       total 127488K, used 7669K [0x0000000082e00000, 0x000000008aa80000, 0x00000000d6500000)
  object space 127488K, 6% used [0x0000000082e00000,0x000000008357d4a8,0x000000008aa80000)
 Metaspace       used 11546K, capacity 11660K, committed 11904K, reserved 1060864K
  class space    used 1370K, capacity 1398K, committed 1408K, reserved 1048576K
Event: 3.775 GC heap after
Heap after GC invocations=10 (full 0):
 PSYoungGen      total 14848K, used 4480K [0x00000000d6500000, 0x00000000d7980000, 0x0000000100000000)
  eden space 10240K, 0% used [0x00000000d6500000,0x00000000d6500000,0x00000000d6f00000)
  from space 4608K, 97% used [0x00000000d7400000,0x00000000d7860000,0x00000000d7880000)
  to   space 5120K, 0% used [0x00000000d6f00000,0x00000000d6f00000,0x00000000d7400000)
 ParOldGen       total 127488K, used 8645K [0x0000000082e00000, 0x000000008aa80000, 0x00000000d6500000)
  object space 127488K, 6% used [0x0000000082e00000,0x00000000836714a8,0x000000008aa80000)
 Metaspace       used 11546K, capacity 11660K, committed 11904K, reserved 1060864K
  class space    used 1370K, capacity 1398K, committed 1408K, reserved 1048576K
}
Event: 3.810 GC heap before
{Heap before GC invocations=11 (full 0):
 PSYoungGen      total 14848K, used 14720K [0x00000000d6500000, 0x00000000d7980000, 0x0000000100000000)
  eden space 10240K, 100% used [0x00000000d6500000,0x00000000d6f00000,0x00000000d6f00000)
  from space 4608K, 97% used [0x00000000d7400000,0x00000000d7860000,0x00000000d7880000)
  to   space 5120K, 0% used [0x00000000d6f00000,0x00000000d6f00000,0x00000000d7400000)
 ParOldGen       total 127488K, used 8645K [0x0000000082e00000, 0x000000008aa80000, 0x00000000d6500000)
  object space 127488K, 6% used [0x0000000082e00000,0x00000000836714a8,0x000000008aa80000)
 Metaspace       used 11551K, capacity 11660K, committed 11904K, reserved 1060864K
  class space    used 1370K, capacity 1398K, committed 1408K, reserved 1048576K
Event: 3.834 GC heap after
Heap after GC invocations=11 (full 0):
 PSYoungGen      total 15360K, used 3808K [0x00000000d6500000, 0x00000000d8000000, 0x0000000100000000)
  eden space 10240K, 0% used [0x00000000d6500000,0x00000000d6500000,0x00000000d6f00000)
  from space 5120K, 74% used [0x00000000d6f00000,0x00000000d72b8000,0x00000000d7400000)
  to   space 5632K, 0% used [0x00000000d7a80000,0x00000000d7a80000,0x00000000d8000000)
 ParOldGen       total 127488K, used 13101K [0x0000000082e00000, 0x000000008aa80000, 0x00000000d6500000)
  object space 127488K, 10% used [0x0000000082e00000,0x0000000083acb4a8,0x000000008aa80000)
 Metaspace       used 11551K, capacity 11660K, committed 11904K, reserved 1060864K
  class space    used 1370K, capacity 1398K, committed 1408K, reserved 1048576K
}
Event: 3.865 GC heap before
{Heap before GC invocations=12 (full 0):
 PSYoungGen      total 15360K, used 14048K [0x00000000d6500000, 0x00000000d8000000, 0x0000000100000000)
  eden space 10240K, 100% used [0x00000000d6500000,0x00000000d6f00000,0x00000000d6f00000)
  from space 5120K, 74% used [0x00000000d6f00000,0x00000000d72b8000,0x00000000d7400000)
  to   space 5632K, 0% used [0x00000000d7a80000,0x00000000d7a80000,0x00000000d8000000)
 ParOldGen       total 127488K, used 13101K [0x0000000082e00000, 0x000000008aa80000, 0x00000000d6500000)
  object space 127488K, 10% used [0x0000000082e00000,0x0000000083acb4a8,0x000000008aa80000)
 Metaspace       used 11551K, capacity 11660K, committed 11904K, reserved 1060864K
  class space    used 1370K, capacity 1398K, committed 1408K, reserved 1048576K
Event: 3.888 GC heap after
Heap after GC invocations=12 (full 0):
 PSYoungGen      total 21504K, used 3808K [0x00000000d6500000, 0x00000000d8100000, 0x0000000100000000)
  eden space 15872K, 0% used [0x00000000d6500000,0x00000000d6500000,0x00000000d7480000)
  from space 5632K, 67% used [0x00000000d7a80000,0x00000000d7e38000,0x00000000d8000000)
  to   space 6144K, 0% used [0x00000000d7480000,0x00000000d7480000,0x00000000d7a80000)
 ParOldGen       total 127488K, used 16869K [0x0000000082e00000, 0x000000008aa80000, 0x00000000d6500000)
  object space 127488K, 13% used [0x0000000082e00000,0x0000000083e794a8,0x000000008aa80000)
 Metaspace       used 11551K, capacity 11660K, committed 11904K, reserved 1060864K
  class space    used 1370K, capacity 1398K, committed 1408K, reserved 1048576K
}
Event: 4.166 GC heap before
{Heap before GC invocations=13 (full 0):
 PSYoungGen      total 21504K, used 19680K [0x00000000d6500000, 0x00000000d8100000, 0x0000000100000000)
  eden space 15872K, 100% used [0x00000000d6500000,0x00000000d7480000,0x00000000d7480000)
  from space 5632K, 67% used [0x00000000d7a80000,0x00000000d7e38000,0x00000000d8000000)
  to   space 6144K, 0% used [0x00000000d7480000,0x00000000d7480000,0x00000000d7a80000)
 ParOldGen       total 127488K, used 16869K [0x0000000082e00000, 0x000000008aa80000, 0x00000000d6500000)
  object space 127488K, 13% used [0x0000000082e00000,0x0000000083e794a8,0x000000008aa80000)
 Metaspace       used 11940K, capacity 12082K, committed 12288K, reserved 1060864K
  class space    used 1401K, capacity 1431K, committed 1536K, reserved 1048576K
Event: 4.182 GC heap after
Heap after GC invocations=13 (full 0):
 PSYoungGen      total 22016K, used 4928K [0x00000000d6500000, 0x00000000d8b00000, 0x0000000100000000)
  eden space 15872K, 0% used [0x00000000d6500000,0x00000000d6500000,0x00000000d7480000)
  from space 6144K, 80% used [0x00000000d7480000,0x00000000d7950000,0x00000000d7a80000)
  to   space 6656K, 0% used [0x00000000d8480000,0x00000000d8480000,0x00000000d8b00000)
 ParOldGen       total 127488K, used 20629K [0x0000000082e00000, 0x000000008aa80000, 0x00000000d6500000)
  object space 127488K, 16% used [0x0000000082e00000,0x00000000842254a8,0x000000008aa80000)
 Metaspace       used 11940K, capacity 12082K, committed 12288K, reserved 1060864K
  class space    used 1401K, capacity 1431K, committed 1536K, reserved 1048576K
}

Deoptimization events (7 events):
Event: 2.018 Thread 0x00007fc130225000 Uncommon trap: reason=class_check action=maybe_recompile pc=0x00007fc13dcbe970 method=java.lang.String.equals(Ljava/lang/Object;)Z @ 8
Event: 2.018 Thread 0x00007fc130225000 Uncommon trap: reason=class_check action=maybe_recompile pc=0x00007fc13dcbe970 method=java.lang.String.equals(Ljava/lang/Object;)Z @ 8
Event: 2.149 Thread 0x00007fc130225000 Uncommon trap: reason=class_check action=maybe_recompile pc=0x00007fc13dcbe970 method=java.lang.String.equals(Ljava/lang/Object;)Z @ 8
Event: 2.149 Thread 0x00007fc130225000 Uncommon trap: reason=class_check action=maybe_recompile pc=0x00007fc13dcbe970 method=java.lang.String.equals(Ljava/lang/Object;)Z @ 8
Event: 3.925 Thread 0x00007fc130225000 Uncommon trap: reason=unreached action=reinterpret pc=0x00007fc13dd77814 method=java.util.Arrays.copyOf([Ljava/lang/Object;ILjava/lang/Class;)[Ljava/lang/Object; @ 3
Event: 3.955 Thread 0x00007fc130225000 Uncommon trap: reason=unreached action=reinterpret pc=0x00007fc13dd87d4c method=java.util.HashMap$HashIterator.<init>(Ljava/util/HashMap;)V @ 38
Event: 4.202 Thread 0x00007fc130225000 Uncommon trap: reason=unloaded action=reinterpret pc=0x00007fc13de4f5d8 method=java.lang.CharacterData.of(I)Ljava/lang/CharacterData; @ 96

Internal exceptions (10 events):
Event: 3.588 Thread 0x00007fc130225000 Exception <a 'java/security/PrivilegedActionException'> (0x00000000d65713c0) thrown at [/HUDSON/workspace/8-2-build-linux-amd64/jdk8u5/2488/hotspot/src/share/vm/prims/jvm.cpp, line 1248]
Event: 3.588 Thread 0x00007fc130225000 Exception <a 'java/security/PrivilegedActionException'> (0x00000000d65784f8) thrown at [/HUDSON/workspace/8-2-build-linux-amd64/jdk8u5/2488/hotspot/src/share/vm/prims/jvm.cpp, line 1248]
Event: 3.589 Thread 0x00007fc130225000 Exception <a 'java/security/PrivilegedActionException'> (0x00000000d657d510) thrown at [/HUDSON/workspace/8-2-build-linux-amd64/jdk8u5/2488/hotspot/src/share/vm/prims/jvm.cpp, line 1248]
Event: 3.590 Thread 0x00007fc130225000 Exception <a 'java/security/PrivilegedActionException'> (0x00000000d6582110) thrown at [/HUDSON/workspace/8-2-build-linux-amd64/jdk8u5/2488/hotspot/src/share/vm/prims/jvm.cpp, line 1248]
Event: 3.591 Thread 0x00007fc130225000 Exception <a 'java/security/PrivilegedActionException'> (0x00000000d6584ae0) thrown at [/HUDSON/workspace/8-2-build-linux-amd64/jdk8u5/2488/hotspot/src/share/vm/prims/jvm.cpp, line 1248]
Event: 3.592 Thread 0x00007fc130225000 Exception <a 'java/security/PrivilegedActionException'> (0x00000000d6587a78) thrown at [/HUDSON/workspace/8-2-build-linux-amd64/jdk8u5/2488/hotspot/src/share/vm/prims/jvm.cpp, line 1248]
Event: 3.594 Thread 0x00007fc130225000 Exception <a 'java/security/PrivilegedActionException'> (0x00000000d6592ed0) thrown at [/HUDSON/workspace/8-2-build-linux-amd64/jdk8u5/2488/hotspot/src/share/vm/prims/jvm.cpp, line 1248]
Event: 3.595 Thread 0x00007fc130225000 Exception <a 'java/security/PrivilegedActionException'> (0x00000000d659f428) thrown at [/HUDSON/workspace/8-2-build-linux-amd64/jdk8u5/2488/hotspot/src/share/vm/prims/jvm.cpp, line 1248]
Event: 3.918 Thread 0x00007fc130225000 Exception <a 'java/security/PrivilegedActionException'> (0x00000000d6ea5538) thrown at [/HUDSON/workspace/8-2-build-linux-amd64/jdk8u5/2488/hotspot/src/share/vm/prims/jvm.cpp, line 1248]
Event: 3.955 Thread 0x00007fc130225000 Implicit null exception at 0x00007fc13dd87b43 to 0x00007fc13dd87d35

Events (10 events):
Event: 4.182 Executing VM operation: ParallelGCFailedAllocation done
Event: 4.200 loading class java/util/concurrent/ConcurrentHashMap$ValueIterator
Event: 4.201 loading class java/util/concurrent/ConcurrentHashMap$ValueIterator done
Event: 4.202 Thread 0x00007fc130225000 Uncommon trap: trap_request=0x0000002d fr.pc=0x00007fc13de4f5d8
Event: 4.202 loading class java/lang/CharacterData00
Event: 4.202 loading class java/lang/CharacterData00 done
Event: 4.202 Executing VM operation: Deoptimize
Event: 4.203 Executing VM operation: Deoptimize done
Event: 4.203 Thread 0x00007fc130225000 DEOPT PACKING pc=0x00007fc13de4f5d8 sp=0x00007fc12f44f150
Event: 4.203 Thread 0x00007fc130225000 DEOPT UNPACKING pc=0x00007fc13db4e250 sp=0x00007fc12f44f108 mode 2


Dynamic libraries:
00400000-00401000 r-xp 00000000 00:15 209857030                          /gpfs/main/home/amm4/java/jdk1.8.0_05/bin/java
00600000-00601000 rw-p 00000000 00:15 209857030                          /gpfs/main/home/amm4/java/jdk1.8.0_05/bin/java
00f6d000-019ce000 rw-p 00000000 00:00 0                                  [heap]
82e00000-8aa80000 rw-p 00000000 00:00 0 
8aa80000-d6500000 ---p 00000000 00:00 0 
d6500000-d8b00000 rw-p 00000000 00:00 0 
d8b00000-100000000 ---p 00000000 00:00 0 
100000000-100180000 rw-p 00000000 00:00 0 
100180000-140000000 ---p 00000000 00:00 0 
7fc128000000-7fc12864c000 rw-p 00000000 00:00 0 
7fc12864c000-7fc12c000000 ---p 00000000 00:00 0 
7fc12e226000-7fc12e22f000 r--s 00000000 fe:01 1180232                    /var/cache/fontconfig/945677eb7aeaf62f1d50efc3fb3ec7d8-le64.cache-3
7fc12e22f000-7fc12e233000 r--s 00000000 fe:01 1181081                    /var/cache/fontconfig/99e8ed0e538f840c565b6ed5dad60d56-le64.cache-3
7fc12e233000-7fc12e236000 r--s 00000000 fe:01 1181080                    /var/cache/fontconfig/f24b2111ab8703b4e963115a8cf14259-le64.cache-3
7fc12e236000-7fc12e237000 r--s 00000000 fe:01 1181079                    /var/cache/fontconfig/617957603a337376ca8784972c6029f5-le64.cache-3
7fc12e237000-7fc12e240000 r--s 00000000 fe:01 1181078                    /var/cache/fontconfig/6d41288fd70b0be22e8c3a91e032eec0-le64.cache-3
7fc12e240000-7fc12e243000 r--s 00000000 fe:01 1181077                    /var/cache/fontconfig/de156ccd2eddbdc19d37a45b8b2aac9c-le64.cache-3
7fc12e243000-7fc12e244000 r--s 00000000 fe:01 1181076                    /var/cache/fontconfig/9c956a7723ca69a44b382d9179c9802f-le64.cache-3
7fc12e244000-7fc12e245000 r--s 00000000 fe:01 1181075                    /var/cache/fontconfig/9451a55048e8dbe8633e64d34165fdf2-le64.cache-3
7fc12e245000-7fc12e246000 r--s 00000000 fe:01 1181074                    /var/cache/fontconfig/5d1cca7074f29429a8d18692746c2426-le64.cache-3
7fc12e246000-7fc12e247000 r--s 00000000 fe:01 1181073                    /var/cache/fontconfig/4794a0821666d79190d59a36cb4f44b5-le64.cache-3
7fc12e247000-7fc12e248000 r--s 00000000 fe:01 1181072                    /var/cache/fontconfig/9eae20f1ff8cc0a7d125749e875856bd-le64.cache-3
7fc12e248000-7fc12e24a000 r--s 00000000 fe:01 1181071                    /var/cache/fontconfig/bf2c1853a9e9b00bb02fe2e9bcf1e201-le64.cache-3
7fc12e24a000-7fc12e278000 r--s 00000000 fe:01 1181070                    /var/cache/fontconfig/365b55f210c0a22e9a19e35191240f32-le64.cache-3
7fc12e278000-7fc12e27b000 r--s 00000000 fe:01 1179999                    /var/cache/fontconfig/c57959a16110560c8d0fcea73374aeeb-le64.cache-3
7fc12e27b000-7fc12e280000 r--s 00000000 fe:01 1181069                    /var/cache/fontconfig/3047814df9a2f067bd2d96a2b9c36e5a-le64.cache-3
7fc12e280000-7fc12e2fd000 r--s 00000000 fe:01 1181068                    /var/cache/fontconfig/51a3e4c21f64d587f5095aba4c4f56c0-le64.cache-3
7fc12e2fd000-7fc12e300000 r--s 00000000 fe:01 1180247                    /var/cache/fontconfig/de9486f0b47a4d768a594cb4198cb1c6-le64.cache-3
7fc12e300000-7fc12e303000 r--s 00000000 fe:01 1180246                    /var/cache/fontconfig/14d493b97896515cad3840ba4896e372-le64.cache-3
7fc12e303000-7fc12e304000 r--s 00000000 fe:01 1180191                    /var/cache/fontconfig/89034621ae2a8922916bb6bfa5799546-le64.cache-3
7fc12e304000-7fc12e307000 r--s 00000000 fe:01 1180189                    /var/cache/fontconfig/e49e89034d371f0f9de17aab02136486-le64.cache-3
7fc12e307000-7fc12e309000 r--s 00000000 fe:01 1180188                    /var/cache/fontconfig/4b14b093aebc79c320de5e86ae1d3314-le64.cache-3
7fc12e309000-7fc12e31a000 r--s 00000000 fe:01 1180187                    /var/cache/fontconfig/d52a8644073d54c13679302ca1180695-le64.cache-3
7fc12e31a000-7fc12e320000 r--s 00000000 fe:01 1180186                    /var/cache/fontconfig/105b9c7e6f0a4f82d8c9b6e39c52c6f9-le64.cache-3
7fc12e320000-7fc12e327000 r--s 00000000 fe:01 1180185                    /var/cache/fontconfig/3f7329c5293ffd510edef78f73874cfd-le64.cache-3
7fc12e327000-7fc12e329000 r--s 00000000 fe:01 1180184                    /var/cache/fontconfig/65f976e5259cbe6dc7697b8648396239-le64.cache-3
7fc12e329000-7fc12e32a000 r--s 00000000 fe:01 1180183                    /var/cache/fontconfig/94f7fe9bd33aadfac165873bd010d595-le64.cache-3
7fc12e32a000-7fc12e32c000 r--s 00000000 fe:01 1180181                    /var/cache/fontconfig/423767150eb258c59035de29db6fca84-le64.cache-3
7fc12e32c000-7fc12e32d000 r--s 00000000 fe:01 1180180                    /var/cache/fontconfig/e7de81b01590fb7e12b38e274e17d0db-le64.cache-3
7fc12e32d000-7fc12e32e000 r--s 00000000 fe:01 1180178                    /var/cache/fontconfig/406a1d2d2bf3ed7664fbadefac0b2f66-le64.cache-3
7fc12e32e000-7fc12e330000 r--s 00000000 fe:01 1180175                    /var/cache/fontconfig/67709b7835c0f764c1135060c9575660-le64.cache-3
7fc12e330000-7fc12e332000 r--s 00000000 fe:01 1180174                    /var/cache/fontconfig/099525ddca5eae4f2477b69cf2d7f16d-le64.cache-3
7fc12e332000-7fc12e334000 r--s 00000000 fe:01 1180029                    /var/cache/fontconfig/a722efc6911bbe16667b1a77497ffd37-le64.cache-3
7fc12e334000-7fc12e336000 r--s 00000000 fe:01 1180028                    /var/cache/fontconfig/d63fdd8e0f42559533dd777c334fdfcc-le64.cache-3
7fc12e336000-7fc12e342000 r--s 00000000 fe:01 1179998                    /var/cache/fontconfig/089dead882dea3570ffc31a9898cfb69-le64.cache-3
7fc12e342000-7fc12e34c000 r--s 00000000 fe:01 1180026                    /var/cache/fontconfig/83bf95040141907cd45bb53cf7c1c148-le64.cache-3
7fc12e34c000-7fc12e37b000 r--s 00000000 00:15 258887907                  /gpfs/main/home/amm4/.fontconfig/cabbd14511b9e8a55e92af97fb3a0461-le64.cache-3
7fc12ec95000-7fc12ec99000 r--s 00000000 fe:01 1180024                    /var/cache/fontconfig/6c08beecf0dac481ec92e759e0c2e6d7-le64.cache-3
7fc12ec99000-7fc12ec9d000 r--s 00000000 fe:01 1180023                    /var/cache/fontconfig/4d6aee6d44eccb37054d3216e945f618-le64.cache-3
7fc12ec9d000-7fc12eca1000 r--s 00000000 fe:01 1180022                    /var/cache/fontconfig/d6c6df98c3df5faf9bd0f8ef4d91efe5-le64.cache-3
7fc12eca1000-7fc12eca5000 r--s 00000000 fe:01 1180021                    /var/cache/fontconfig/9fb319ef52839f11ee26ab8b4cffa12b-le64.cache-3
7fc12eca5000-7fc12ecb6000 r--s 00000000 fe:01 1180020                    /var/cache/fontconfig/4ac51e5cfbc76fc3f983e470323a16d3-le64.cache-3
7fc12ecb6000-7fc12ecc9000 r--s 00000000 fe:01 1180005                    /var/cache/fontconfig/e13b20fdb08344e0e664864cc2ede53d-le64.cache-3
7fc12ed15000-7fc12ed95000 rw-p 00000000 00:00 0 
7fc12ed95000-7fc12ef15000 ---p 00000000 00:00 0 
7fc12ef15000-7fc12ef18000 ---p 00000000 00:00 0 
7fc12ef18000-7fc12f016000 rw-p 00000000 00:00 0 
7fc12f016000-7fc12f352000 rw-s 00000000 00:04 19890199                   /SYSV00000000 (deleted)
7fc12f352000-7fc12f355000 ---p 00000000 00:00 0 
7fc12f355000-7fc12f453000 rw-p 00000000 00:00 0 
7fc12f453000-7fc12f456000 ---p 00000000 00:00 0 
7fc12f456000-7fc12f754000 rw-p 00000000 00:00 0 
7fc12f754000-7fc12f7bd000 r-xp 00000000 00:15 224768816                  /gpfs/main/home/amm4/java/jdk1.8.0_05/jre/lib/amd64/libt2k.so
7fc12f7bd000-7fc12f9bc000 ---p 00069000 00:15 224768816                  /gpfs/main/home/amm4/java/jdk1.8.0_05/jre/lib/amd64/libt2k.so
7fc12f9bc000-7fc12f9c3000 rw-p 00068000 00:15 224768816                  /gpfs/main/home/amm4/java/jdk1.8.0_05/jre/lib/amd64/libt2k.so
7fc12f9c3000-7fc12f9d3000 rw-p 00000000 00:00 0 
7fc12f9d3000-7fc12f9e3000 r-xp 00000000 00:15 225596716                  /gpfs/main/home/amm4/java/jdk1.8.0_05/jre/lib/amd64/libnio.so
7fc12f9e3000-7fc12fbe3000 ---p 00010000 00:15 225596716                  /gpfs/main/home/amm4/java/jdk1.8.0_05/jre/lib/amd64/libnio.so
7fc12fbe3000-7fc12fbe4000 rw-p 00010000 00:15 225596716                  /gpfs/main/home/amm4/java/jdk1.8.0_05/jre/lib/amd64/libnio.so
7fc12fbe4000-7fc12fbf7000 r-xp 00000000 fe:00 2505                       /lib/x86_64-linux-gnu/libresolv-2.13.so
7fc12fbf7000-7fc12fdf6000 ---p 00013000 fe:00 2505                       /lib/x86_64-linux-gnu/libresolv-2.13.so
7fc12fdf6000-7fc12fdf7000 r--p 00012000 fe:00 2505                       /lib/x86_64-linux-gnu/libresolv-2.13.so
7fc12fdf7000-7fc12fdf8000 rw-p 00013000 fe:00 2505                       /lib/x86_64-linux-gnu/libresolv-2.13.so
7fc12fdf8000-7fc12fdfa000 rw-p 00000000 00:00 0 
7fc12fdfa000-7fc12fdff000 r-xp 00000000 fe:00 2589                       /lib/x86_64-linux-gnu/libnss_dns-2.13.so
7fc12fdff000-7fc12fffe000 ---p 00005000 fe:00 2589                       /lib/x86_64-linux-gnu/libnss_dns-2.13.so
7fc12fffe000-7fc12ffff000 r--p 00004000 fe:00 2589                       /lib/x86_64-linux-gnu/libnss_dns-2.13.so
7fc12ffff000-7fc130000000 rw-p 00005000 fe:00 2589                       /lib/x86_64-linux-gnu/libnss_dns-2.13.so
7fc130000000-7fc13071d000 rw-p 00000000 00:00 0 
7fc13071d000-7fc134000000 ---p 00000000 00:00 0 
7fc13409f000-7fc1340aa000 r-xp 00000000 fe:00 2473                       /lib/x86_64-linux-gnu/libnss_files-2.13.so
7fc1340aa000-7fc1342a9000 ---p 0000b000 fe:00 2473                       /lib/x86_64-linux-gnu/libnss_files-2.13.so
7fc1342a9000-7fc1342aa000 r--p 0000a000 fe:00 2473                       /lib/x86_64-linux-gnu/libnss_files-2.13.so
7fc1342aa000-7fc1342ab000 rw-p 0000b000 fe:00 2473                       /lib/x86_64-linux-gnu/libnss_files-2.13.so
7fc1342ab000-7fc1342c1000 r-xp 00000000 00:15 225596671                  /gpfs/main/home/amm4/java/jdk1.8.0_05/jre/lib/amd64/libnet.so
7fc1342c1000-7fc1344c0000 ---p 00016000 00:15 225596671                  /gpfs/main/home/amm4/java/jdk1.8.0_05/jre/lib/amd64/libnet.so
7fc1344c0000-7fc1344c1000 rw-p 00015000 00:15 225596671                  /gpfs/main/home/amm4/java/jdk1.8.0_05/jre/lib/amd64/libnet.so
7fc1344c1000-7fc1344d6000 r-xp 00000000 fe:00 32                         /lib/x86_64-linux-gnu/libgcc_s.so.1
7fc1344d6000-7fc1346d6000 ---p 00015000 fe:00 32                         /lib/x86_64-linux-gnu/libgcc_s.so.1
7fc1346d6000-7fc1346d7000 rw-p 00015000 fe:00 32                         /lib/x86_64-linux-gnu/libgcc_s.so.1
7fc1346d7000-7fc13473c000 r-xp 00000000 00:15 224769016                  /gpfs/main/home/amm4/java/jdk1.8.0_05/jre/lib/amd64/libfontmanager.so
7fc13473c000-7fc13493b000 ---p 00065000 00:15 224769016                  /gpfs/main/home/amm4/java/jdk1.8.0_05/jre/lib/amd64/libfontmanager.so
7fc13493b000-7fc13493f000 rw-p 00064000 00:15 224769016                  /gpfs/main/home/amm4/java/jdk1.8.0_05/jre/lib/amd64/libfontmanager.so
7fc13493f000-7fc134950000 rw-p 00000000 00:00 0 
7fc134950000-7fc134953000 ---p 00000000 00:00 0 
7fc134953000-7fc134a51000 rw-p 00000000 00:00 0 
7fc134a51000-7fc134a56000 r-xp 00000000 fe:03 135067                     /usr/lib/x86_64-linux-gnu/libXfixes.so.3.1.0
7fc134a56000-7fc134c55000 ---p 00005000 fe:03 135067                     /usr/lib/x86_64-linux-gnu/libXfixes.so.3.1.0
7fc134c55000-7fc134c56000 r--p 00004000 fe:03 135067                     /usr/lib/x86_64-linux-gnu/libXfixes.so.3.1.0
7fc134c56000-7fc134c57000 rw-p 00005000 fe:03 135067                     /usr/lib/x86_64-linux-gnu/libXfixes.so.3.1.0
7fc134c57000-7fc134c61000 r-xp 00000000 fe:03 135069                     /usr/lib/x86_64-linux-gnu/libXcursor.so.1.0.2
7fc134c61000-7fc134e60000 ---p 0000a000 fe:03 135069                     /usr/lib/x86_64-linux-gnu/libXcursor.so.1.0.2
7fc134e60000-7fc134e61000 rw-p 00009000 fe:03 135069                     /usr/lib/x86_64-linux-gnu/libXcursor.so.1.0.2
7fc134e61000-7fc134e64000 ---p 00000000 00:00 0 
7fc134e64000-7fc134f62000 rw-p 00000000 00:00 0 
7fc134f62000-7fc134f67000 r-xp 00000000 fe:03 131625                     /usr/lib/x86_64-linux-gnu/libXdmcp.so.6.0.0
7fc134f67000-7fc135166000 ---p 00005000 fe:03 131625                     /usr/lib/x86_64-linux-gnu/libXdmcp.so.6.0.0
7fc135166000-7fc135167000 rw-p 00004000 fe:03 131625                     /usr/lib/x86_64-linux-gnu/libXdmcp.so.6.0.0
7fc135167000-7fc135169000 r-xp 00000000 fe:03 131623                     /usr/lib/x86_64-linux-gnu/libXau.so.6.0.0
7fc135169000-7fc135369000 ---p 00002000 fe:03 131623                     /usr/lib/x86_64-linux-gnu/libXau.so.6.0.0
7fc135369000-7fc13536a000 rw-p 00002000 fe:03 131623                     /usr/lib/x86_64-linux-gnu/libXau.so.6.0.0
7fc13536a000-7fc135389000 r-xp 00000000 fe:03 131627                     /usr/lib/x86_64-linux-gnu/libxcb.so.1.1.0
7fc135389000-7fc135588000 ---p 0001f000 fe:03 131627                     /usr/lib/x86_64-linux-gnu/libxcb.so.1.1.0
7fc135588000-7fc135589000 r--p 0001e000 fe:03 131627                     /usr/lib/x86_64-linux-gnu/libxcb.so.1.1.0
7fc135589000-7fc13558a000 rw-p 0001f000 fe:03 131627                     /usr/lib/x86_64-linux-gnu/libxcb.so.1.1.0
7fc13558a000-7fc135598000 r-xp 00000000 fe:03 135073                     /usr/lib/x86_64-linux-gnu/libXi.so.6.1.0
7fc135598000-7fc135798000 ---p 0000e000 fe:03 135073                     /usr/lib/x86_64-linux-gnu/libXi.so.6.1.0
7fc135798000-7fc135799000 rw-p 0000e000 fe:03 135073                     /usr/lib/x86_64-linux-gnu/libXi.so.6.1.0
7fc135799000-7fc13579e000 r-xp 00000000 fe:03 135195                     /usr/lib/x86_64-linux-gnu/libXtst.so.6.1.0
7fc13579e000-7fc13599d000 ---p 00005000 fe:03 135195                     /usr/lib/x86_64-linux-gnu/libXtst.so.6.1.0
7fc13599d000-7fc13599e000 rw-p 00004000 fe:03 135195                     /usr/lib/x86_64-linux-gnu/libXtst.so.6.1.0
7fc13599e000-7fc1359a7000 r-xp 00000000 fe:03 135014                     /usr/lib/x86_64-linux-gnu/libXrender.so.1.3.0
7fc1359a7000-7fc135ba6000 ---p 00009000 fe:03 135014                     /usr/lib/x86_64-linux-gnu/libXrender.so.1.3.0
7fc135ba6000-7fc135ba7000 rw-p 00008000 fe:03 135014                     /usr/lib/x86_64-linux-gnu/libXrender.so.1.3.0
7fc135ba7000-7fc135cdc000 r-xp 00000000 fe:03 131635                     /usr/lib/x86_64-linux-gnu/libX11.so.6.3.0
7fc135cdc000-7fc135edc000 ---p 00135000 fe:03 131635                     /usr/lib/x86_64-linux-gnu/libX11.so.6.3.0
7fc135edc000-7fc135ee2000 rw-p 00135000 fe:03 131635                     /usr/lib/x86_64-linux-gnu/libX11.so.6.3.0
7fc135ee2000-7fc135ef3000 r-xp 00000000 fe:03 132155                     /usr/lib/x86_64-linux-gnu/libXext.so.6.4.0
7fc135ef3000-7fc1360f3000 ---p 00011000 fe:03 132155                     /usr/lib/x86_64-linux-gnu/libXext.so.6.4.0
7fc1360f3000-7fc1360f4000 rw-p 00011000 fe:03 132155                     /usr/lib/x86_64-linux-gnu/libXext.so.6.4.0
7fc1360f5000-7fc136101000 r--s 00000000 fe:01 1180025                    /var/cache/fontconfig/53d14c92082a93e67d5078324eb314ca-le64.cache-3
7fc136123000-7fc13612b000 rw-p 00000000 00:00 0 
7fc13612b000-7fc13617c000 r-xp 00000000 00:15 225596775                  /gpfs/main/home/amm4/java/jdk1.8.0_05/jre/lib/amd64/libawt_xawt.so
7fc13617c000-7fc13637b000 ---p 00051000 00:15 225596775                  /gpfs/main/home/amm4/java/jdk1.8.0_05/jre/lib/amd64/libawt_xawt.so
7fc13637b000-7fc13637f000 rw-p 00050000 00:15 225596775                  /gpfs/main/home/amm4/java/jdk1.8.0_05/jre/lib/amd64/libawt_xawt.so
7fc13637f000-7fc136380000 rw-p 00000000 00:00 0 
7fc136380000-7fc136423000 r-xp 00000000 00:15 225596567                  /gpfs/main/home/amm4/java/jdk1.8.0_05/jre/lib/amd64/libawt.so
7fc136423000-7fc136622000 ---p 000a3000 00:15 225596567                  /gpfs/main/home/amm4/java/jdk1.8.0_05/jre/lib/amd64/libawt.so
7fc136622000-7fc13662e000 rw-p 000a2000 00:15 225596567                  /gpfs/main/home/amm4/java/jdk1.8.0_05/jre/lib/amd64/libawt.so
7fc13662e000-7fc136652000 rw-p 00000000 00:00 0 
7fc136652000-7fc13666a000 r--s 0010a000 00:15 217659037                  /gpfs/main/home/amm4/git/generalResearch/lib/burlap.jar
7fc13666a000-7fc13666b000 ---p 00000000 00:00 0 
7fc13666b000-7fc13676b000 rw-p 00000000 00:00 0 
7fc13676b000-7fc13676e000 ---p 00000000 00:00 0 
7fc13676e000-7fc13686c000 rw-p 00000000 00:00 0 
7fc13686c000-7fc13686f000 ---p 00000000 00:00 0 
7fc13686f000-7fc13696d000 rw-p 00000000 00:00 0 
7fc13696d000-7fc136970000 ---p 00000000 00:00 0 
7fc136970000-7fc136a6e000 rw-p 00000000 00:00 0 
7fc136a6e000-7fc136a71000 ---p 00000000 00:00 0 
7fc136a71000-7fc136b6f000 rw-p 00000000 00:00 0 
7fc136b6f000-7fc136b72000 ---p 00000000 00:00 0 
7fc136b72000-7fc136c70000 rw-p 00000000 00:00 0 
7fc136c70000-7fc136c73000 ---p 00000000 00:00 0 
7fc136c73000-7fc136d71000 rw-p 00000000 00:00 0 
7fc136d71000-7fc136d74000 ---p 00000000 00:00 0 
7fc136d74000-7fc136e72000 rw-p 00000000 00:00 0 
7fc136e72000-7fc136e73000 ---p 00000000 00:00 0 
7fc136e73000-7fc137f76000 rw-p 00000000 00:00 0 
7fc137f76000-7fc13814b000 r--s 03c4d000 00:15 223939710                  /gpfs/main/home/amm4/java/jdk1.8.0_05/jre/lib/rt.jar
7fc13814b000-7fc13ccbd000 rw-p 00000000 00:00 0 
7fc13ccbd000-7fc13ccbe000 ---p 00000000 00:00 0 
7fc13ccbe000-7fc13cdbe000 rw-p 00000000 00:00 0 
7fc13cdbe000-7fc13cdbf000 ---p 00000000 00:00 0 
7fc13cdbf000-7fc13cebf000 rw-p 00000000 00:00 0 
7fc13cebf000-7fc13cec0000 ---p 00000000 00:00 0 
7fc13cec0000-7fc13cfc0000 rw-p 00000000 00:00 0 
7fc13cfc0000-7fc13cfc1000 ---p 00000000 00:00 0 
7fc13cfc1000-7fc13d100000 rw-p 00000000 00:00 0 
7fc13d100000-7fc13d35d000 ---p 00000000 00:00 0 
7fc13d35d000-7fc13d39c000 rw-p 00000000 00:00 0 
7fc13d39c000-7fc13d5f8000 ---p 00000000 00:00 0 
7fc13d5f8000-7fc13d60c000 rw-p 00000000 00:00 0 
7fc13d60c000-7fc13d746000 ---p 00000000 00:00 0 
7fc13d746000-7fc13d757000 rw-p 00000000 00:00 0 
7fc13d757000-7fc13db07000 ---p 00000000 00:00 0 
7fc13db07000-7fc13dee7000 rwxp 00000000 00:00 0 
7fc13dee7000-7fc14cb07000 ---p 00000000 00:00 0 
7fc14cb07000-7fc14cb23000 r-xp 00000000 00:15 225596603                  /gpfs/main/home/amm4/java/jdk1.8.0_05/jre/lib/amd64/libzip.so
7fc14cb23000-7fc14cd22000 ---p 0001c000 00:15 225596603                  /gpfs/main/home/amm4/java/jdk1.8.0_05/jre/lib/amd64/libzip.so
7fc14cd22000-7fc14cd23000 rw-p 0001b000 00:15 225596603                  /gpfs/main/home/amm4/java/jdk1.8.0_05/jre/lib/amd64/libzip.so
7fc14cd23000-7fc14cd4d000 r-xp 00000000 00:15 225596531                  /gpfs/main/home/amm4/java/jdk1.8.0_05/jre/lib/amd64/libjava.so
7fc14cd4d000-7fc14cf4d000 ---p 0002a000 00:15 225596531                  /gpfs/main/home/amm4/java/jdk1.8.0_05/jre/lib/amd64/libjava.so
7fc14cf4d000-7fc14cf4f000 rw-p 0002a000 00:15 225596531                  /gpfs/main/home/amm4/java/jdk1.8.0_05/jre/lib/amd64/libjava.so
7fc14cf4f000-7fc14cf5c000 r-xp 00000000 00:15 225596601                  /gpfs/main/home/amm4/java/jdk1.8.0_05/jre/lib/amd64/libverify.so
7fc14cf5c000-7fc14d15c000 ---p 0000d000 00:15 225596601                  /gpfs/main/home/amm4/java/jdk1.8.0_05/jre/lib/amd64/libverify.so
7fc14d15c000-7fc14d15e000 rw-p 0000d000 00:15 225596601                  /gpfs/main/home/amm4/java/jdk1.8.0_05/jre/lib/amd64/libverify.so
7fc14d15e000-7fc14d165000 r-xp 00000000 fe:00 2497                       /lib/x86_64-linux-gnu/librt-2.13.so
7fc14d165000-7fc14d364000 ---p 00007000 fe:00 2497                       /lib/x86_64-linux-gnu/librt-2.13.so
7fc14d364000-7fc14d365000 r--p 00006000 fe:00 2497                       /lib/x86_64-linux-gnu/librt-2.13.so
7fc14d365000-7fc14d366000 rw-p 00007000 fe:00 2497                       /lib/x86_64-linux-gnu/librt-2.13.so
7fc14d366000-7fc14d3e7000 r-xp 00000000 fe:00 2494                       /lib/x86_64-linux-gnu/libm-2.13.so
7fc14d3e7000-7fc14d5e6000 ---p 00081000 fe:00 2494                       /lib/x86_64-linux-gnu/libm-2.13.so
7fc14d5e6000-7fc14d5e7000 r--p 00080000 fe:00 2494                       /lib/x86_64-linux-gnu/libm-2.13.so
7fc14d5e7000-7fc14d5e8000 rw-p 00081000 fe:00 2494                       /lib/x86_64-linux-gnu/libm-2.13.so
7fc14d5e8000-7fc14e202000 r-xp 00000000 00:15 224768859                  /gpfs/main/home/amm4/java/jdk1.8.0_05/jre/lib/amd64/server/libjvm.so
7fc14e202000-7fc14e401000 ---p 00c1a000 00:15 224768859                  /gpfs/main/home/amm4/java/jdk1.8.0_05/jre/lib/amd64/server/libjvm.so
7fc14e401000-7fc14e4ca000 rw-p 00c19000 00:15 224768859                  /gpfs/main/home/amm4/java/jdk1.8.0_05/jre/lib/amd64/server/libjvm.so
7fc14e4ca000-7fc14e50b000 rw-p 00000000 00:00 0 
7fc14e50b000-7fc14e68d000 r-xp 00000000 fe:00 2496                       /lib/x86_64-linux-gnu/libc-2.13.so
7fc14e68d000-7fc14e88d000 ---p 00182000 fe:00 2496                       /lib/x86_64-linux-gnu/libc-2.13.so
7fc14e88d000-7fc14e891000 r--p 00182000 fe:00 2496                       /lib/x86_64-linux-gnu/libc-2.13.so
7fc14e891000-7fc14e892000 rw-p 00186000 fe:00 2496                       /lib/x86_64-linux-gnu/libc-2.13.so
7fc14e892000-7fc14e897000 rw-p 00000000 00:00 0 
7fc14e897000-7fc14e899000 r-xp 00000000 fe:00 2502                       /lib/x86_64-linux-gnu/libdl-2.13.so
7fc14e899000-7fc14ea99000 ---p 00002000 fe:00 2502                       /lib/x86_64-linux-gnu/libdl-2.13.so
7fc14ea99000-7fc14ea9a000 r--p 00002000 fe:00 2502                       /lib/x86_64-linux-gnu/libdl-2.13.so
7fc14ea9a000-7fc14ea9b000 rw-p 00003000 fe:00 2502                       /lib/x86_64-linux-gnu/libdl-2.13.so
7fc14ea9b000-7fc14eab2000 r-xp 00000000 00:15 223111453                  /gpfs/main/home/amm4/java/jdk1.8.0_05/lib/amd64/jli/libjli.so
7fc14eab2000-7fc14ecb1000 ---p 00017000 00:15 223111453                  /gpfs/main/home/amm4/java/jdk1.8.0_05/lib/amd64/jli/libjli.so
7fc14ecb1000-7fc14ecb2000 rw-p 00016000 00:15 223111453                  /gpfs/main/home/amm4/java/jdk1.8.0_05/lib/amd64/jli/libjli.so
7fc14ecb2000-7fc14ecc9000 r-xp 00000000 fe:00 2593                       /lib/x86_64-linux-gnu/libpthread-2.13.so
7fc14ecc9000-7fc14eec8000 ---p 00017000 fe:00 2593                       /lib/x86_64-linux-gnu/libpthread-2.13.so
7fc14eec8000-7fc14eec9000 r--p 00016000 fe:00 2593                       /lib/x86_64-linux-gnu/libpthread-2.13.so
7fc14eec9000-7fc14eeca000 rw-p 00017000 fe:00 2593                       /lib/x86_64-linux-gnu/libpthread-2.13.so
7fc14eeca000-7fc14eece000 rw-p 00000000 00:00 0 
7fc14eece000-7fc14eeee000 r-xp 00000000 fe:00 2520                       /lib/x86_64-linux-gnu/ld-2.13.so
7fc14eef3000-7fc14eef7000 r--s 00000000 fe:01 1180027                    /var/cache/fontconfig/7ef2298fde41cc6eeb7af42e48b7d293-le64.cache-3
7fc14eef7000-7fc14ef15000 r--s 00180000 00:15 217659046                  /gpfs/main/home/amm4/git/generalResearch/lib/commons-math3-3.2.jar
7fc14ef15000-7fc14ef2c000 r--s 00122000 00:15 217658407                  /gpfs/main/home/amm4/git/generalResearch/dist/oomdpResearch.jar
7fc14ef2c000-7fc14efaf000 r--s 00000000 00:0e 1856                       /run/nscd/dbnsilEp (deleted)
7fc14efaf000-7fc14efb2000 ---p 00000000 00:00 0 
7fc14efb2000-7fc14f0b4000 rw-p 00000000 00:00 0 
7fc14f0b4000-7fc14f0b6000 r--s 00000000 fe:01 1180019                    /var/cache/fontconfig/c19b55eb3b4c5b40ea175e31682068a5-le64.cache-3
7fc14f0b6000-7fc14f0b7000 r--s 00000000 fe:01 1180018                    /var/cache/fontconfig/62f91419b9ebdb6975e7e41ab6412357-le64.cache-3
7fc14f0b7000-7fc14f0b9000 r--s 00000000 fe:01 1180016                    /var/cache/fontconfig/452f1fac34b224105d7acfae3034bcd5-le64.cache-3
7fc14f0b9000-7fc14f0e1000 rw-p 00000000 00:00 0 
7fc14f0e1000-7fc14f0e9000 rw-s 00000000 fe:04 444                        /tmp/hsperfdata_amm4/26168
7fc14f0e9000-7fc14f0ea000 rw-p 00000000 00:00 0 
7fc14f0ea000-7fc14f0eb000 r--p 00000000 00:00 0 
7fc14f0eb000-7fc14f0ed000 rw-p 00000000 00:00 0 
7fc14f0ed000-7fc14f0ee000 r--p 0001f000 fe:00 2520                       /lib/x86_64-linux-gnu/ld-2.13.so
7fc14f0ee000-7fc14f0ef000 rw-p 00020000 fe:00 2520                       /lib/x86_64-linux-gnu/ld-2.13.so
7fc14f0ef000-7fc14f0f0000 rw-p 00000000 00:00 0 
7fffc02cc000-7fffc02ed000 rw-p 00000000 00:00 0                          [stack]
7fffc03ff000-7fffc0400000 r-xp 00000000 00:00 0                          [vdso]
ffffffffff600000-ffffffffff601000 r-xp 00000000 00:00 0                  [vsyscall]

VM Arguments:
jvm_args: -Dfile.encoding=UTF-8 
java_command: ethics.experiments.adam.MatchVisualizer
java_class_path (initial): /gpfs/main/home/amm4/git/generalResearch/bin:/gpfs/main/home/amm4/git/generalResearch/dist/oomdpResearch.jar:/gpfs/main/home/amm4/git/generalResearch/lib/commons-math3-3.2.jar:/gpfs/main/home/amm4/git/generalResearch/lib/burlap.jar
Launcher Type: SUN_STANDARD

Environment Variables:
PATH=/local/bin/:/local/bin:/cfarm/bin:/usr/local/bin:/bin:/usr/bin:/usr/X11R6/bin:/usr/games:/contrib/bin
SHELL=/bin/bash
DISPLAY=:0.0

Signal Handlers:
SIGSEGV: [libjvm.so+0xa2fc90], sa_mask[0]=0x7ffbfeff, sa_flags=0x10000004
SIGBUS: [libjvm.so+0xa2fc90], sa_mask[0]=0x7ffbfeff, sa_flags=0x10000004
SIGFPE: [libjvm.so+0x89b4b0], sa_mask[0]=0x7ffbfeff, sa_flags=0x10000004
SIGPIPE: [libjvm.so+0x89b4b0], sa_mask[0]=0x7ffbfeff, sa_flags=0x10000004
SIGXFSZ: [libjvm.so+0x89b4b0], sa_mask[0]=0x7ffbfeff, sa_flags=0x10000004
SIGILL: [libjvm.so+0x89b4b0], sa_mask[0]=0x7ffbfeff, sa_flags=0x10000004
SIGUSR1: SIG_DFL, sa_mask[0]=0x00000000, sa_flags=0x00000000
SIGUSR2: [libjvm.so+0x89cc50], sa_mask[0]=0x00000004, sa_flags=0x10000004
SIGHUP: [libjvm.so+0x89df00], sa_mask[0]=0x7ffbfeff, sa_flags=0x10000004
SIGINT: [libjvm.so+0x89df00], sa_mask[0]=0x7ffbfeff, sa_flags=0x10000004
SIGTERM: [libjvm.so+0x89df00], sa_mask[0]=0x7ffbfeff, sa_flags=0x10000004
SIGQUIT: [libjvm.so+0x89df00], sa_mask[0]=0x7ffbfeff, sa_flags=0x10000004


---------------  S Y S T E M  ---------------

OS:PRETTY_NAME="Debian GNU/Linux 7 (wheezy)"
NAME="Debian GNU/Linux"
VERSION_ID="7"
VERSION="7 (wheezy)"
ID=debian
ANSI_COLOR="1;31"
HOME_URL="http://www.debian.org/"
SUPPORT_URL="http://www.debian.org/support/"
BUG_REPORT_URL="http://bugs.debian.org/"

uname:Linux 3.2.0-4-amd64 #1 SMP Debian 3.2.65-1+deb7u1 x86_64
libc:glibc 2.13 NPTL 2.13 
rlimit: STACK 8192k, CORE 0k, NPROC 63959, NOFILE 4096, AS infinity
load average:0.43 0.32 0.38

/proc/meminfo:
MemTotal:        8199880 kB
MemFree:          136708 kB
Buffers:          297756 kB
Cached:          3346644 kB
SwapCached:         1048 kB
Active:          4931660 kB
Inactive:        2344472 kB
Active(anon):    3152808 kB
Inactive(anon):   565428 kB
Active(file):    1778852 kB
Inactive(file):  1779044 kB
Unevictable:          16 kB
Mlocked:              16 kB
SwapTotal:       8388604 kB
SwapFree:        8378780 kB
Dirty:               404 kB
Writeback:             0 kB
AnonPages:       3631184 kB
Mapped:           208484 kB
Shmem:             86504 kB
Slab:             690664 kB
SReclaimable:     644344 kB
SUnreclaim:        46320 kB
KernelStack:        6120 kB
PageTables:        29096 kB
NFS_Unstable:          0 kB
Bounce:                0 kB
WritebackTmp:          0 kB
CommitLimit:    12488544 kB
Committed_AS:    8008244 kB
VmallocTotal:   34359738367 kB
VmallocUsed:      326304 kB
VmallocChunk:   34359403516 kB
HardwareCorrupted:     0 kB
AnonHugePages:         0 kB
HugePages_Total:       0
HugePages_Free:        0
HugePages_Rsvd:        0
HugePages_Surp:        0
Hugepagesize:       2048 kB
DirectMap4k:     4560448 kB
DirectMap2M:     3827712 kB


CPU:total 4 (4 cores per cpu, 1 threads per core) family 6 model 15 stepping 11, cmov, cx8, fxsr, mmx, sse, sse2, sse3, ssse3, tsc

/proc/cpuinfo:
processor	: 0
vendor_id	: GenuineIntel
cpu family	: 6
model		: 15
model name	: Intel(R) Core(TM)2 Quad CPU    Q6600  @ 2.40GHz
stepping	: 11
microcode	: 0xb6
cpu MHz		: 2399.865
cache size	: 4096 KB
physical id	: 0
siblings	: 4
core id		: 0
cpu cores	: 4
apicid		: 0
initial apicid	: 0
fpu		: yes
fpu_exception	: yes
cpuid level	: 10
wp		: yes
flags		: fpu vme de pse tsc msr pae mce cx8 apic sep mtrr pge mca cmov pat pse36 clflush dts acpi mmx fxsr sse sse2 ss ht tm pbe syscall nx lm constant_tsc arch_perfmon pebs bts rep_good nopl aperfmperf pni dtes64 monitor ds_cpl vmx est tm2 ssse3 cx16 xtpr pdcm lahf_lm dtherm tpr_shadow vnmi flexpriority
bogomips	: 4799.73
clflush size	: 64
cache_alignment	: 64
address sizes	: 36 bits physical, 48 bits virtual
power management:

processor	: 1
vendor_id	: GenuineIntel
cpu family	: 6
model		: 15
model name	: Intel(R) Core(TM)2 Quad CPU    Q6600  @ 2.40GHz
stepping	: 11
microcode	: 0xb6
cpu MHz		: 2399.865
cache size	: 4096 KB
physical id	: 0
siblings	: 4
core id		: 1
cpu cores	: 4
apicid		: 1
initial apicid	: 1
fpu		: yes
fpu_exception	: yes
cpuid level	: 10
wp		: yes
flags		: fpu vme de pse tsc msr pae mce cx8 apic sep mtrr pge mca cmov pat pse36 clflush dts acpi mmx fxsr sse sse2 ss ht tm pbe syscall nx lm constant_tsc arch_perfmon pebs bts rep_good nopl aperfmperf pni dtes64 monitor ds_cpl vmx est tm2 ssse3 cx16 xtpr pdcm lahf_lm dtherm tpr_shadow vnmi flexpriority
bogomips	: 4800.22
clflush size	: 64
cache_alignment	: 64
address sizes	: 36 bits physical, 48 bits virtual
power management:

processor	: 2
vendor_id	: GenuineIntel
cpu family	: 6
model		: 15
model name	: Intel(R) Core(TM)2 Quad CPU    Q6600  @ 2.40GHz
stepping	: 11
microcode	: 0xb6
cpu MHz		: 2399.865
cache size	: 4096 KB
physical id	: 0
siblings	: 4
core id		: 2
cpu cores	: 4
apicid		: 2
initial apicid	: 2
fpu		: yes
fpu_exception	: yes
cpuid level	: 10
wp		: yes
flags		: fpu vme de pse tsc msr pae mce cx8 apic sep mtrr pge mca cmov pat pse36 clflush dts acpi mmx fxsr sse sse2 ss ht tm pbe syscall nx lm constant_tsc arch_perfmon pebs bts rep_good nopl aperfmperf pni dtes64 monitor ds_cpl vmx est tm2 ssse3 cx16 xtpr pdcm lahf_lm dtherm tpr_shadow vnmi flexpriority
bogomips	: 4800.28
clflush size	: 64
cache_alignment	: 64
address sizes	: 36 bits physical, 48 bits virtual
power management:

processor	: 3
vendor_id	: GenuineIntel
cpu family	: 6
model		: 15
model name	: Intel(R) Core(TM)2 Quad CPU    Q6600  @ 2.40GHz
stepping	: 11
microcode	: 0xb6
cpu MHz		: 2399.865
cache size	: 4096 KB
physical id	: 0
siblings	: 4
core id		: 3
cpu cores	: 4
apicid		: 3
initial apicid	: 3
fpu		: yes
fpu_exception	: yes
cpuid level	: 10
wp		: yes
flags		: fpu vme de pse tsc msr pae mce cx8 apic sep mtrr pge mca cmov pat pse36 clflush dts acpi mmx fxsr sse sse2 ss ht tm pbe syscall nx lm constant_tsc arch_perfmon pebs bts rep_good nopl aperfmperf pni dtes64 monitor ds_cpl vmx est tm2 ssse3 cx16 xtpr pdcm lahf_lm dtherm tpr_shadow vnmi flexpriority
bogomips	: 4800.26
clflush size	: 64
cache_alignment	: 64
address sizes	: 36 bits physical, 48 bits virtual
power management:



Memory: 4k page, physical 8199880k(136708k free), swap 8388604k(8378780k free)

vm_info: Java HotSpot(TM) 64-Bit Server VM (25.5-b02) for linux-amd64 JRE (1.8.0_05-b13), built on Mar 18 2014 00:29:27 by "java_re" with gcc 4.3.0 20080428 (Red Hat 4.3.0-8)

time: Tue Feb 10 16:04:07 2015
elapsed time: 4 seconds

