#
# A fatal error has been detected by the Java Runtime Environment:
#
#  SIGSEGV (0xb) at pc=0x00007fc1d6b67060, pid=17877, tid=140471855781632
#
# JRE version: Java(TM) SE Runtime Environment (8.0_05-b13) (build 1.8.0_05-b13)
# Java VM: Java HotSpot(TM) 64-Bit Server VM (25.5-b02 mixed mode linux-amd64 compressed oops)
# Problematic frame:
# C  0x00007fc1d6b67060
#
# Failed to write core dump. Core dumps have been disabled. To enable core dumping, try "ulimit -c unlimited" before starting Java again
#
# If you would like to submit a bug report, please visit:
#   http://bugreport.sun.com/bugreport/crash.jsp
#

---------------  T H R E A D  ---------------

Current thread (0x0000000002454800):  JavaThread "main" [_thread_in_Java, id=17882, stack(0x00007fc227009000,0x00007fc22710a000)]

siginfo:si_signo=SIGSEGV: si_errno=0, si_code=1 (SEGV_MAPERR), si_addr=0x00007fc1d6b67060

Registers:
RAX=0x00007fc2106aabb8, RBX=0x00007fc2106aabb8, RCX=0x0000000082ec84a8, RDX=0x000000000000000f
RSP=0x00007fc227108558, RBP=0x00007fc2271085c0, RSI=0x0000000082ec84a8, RDI=0x00007fc2105512d0
R8 =0x0000000000000007, R9 =0x00000000d6508be0, R10=0x00007fc22653de00, R11=0x00007fc215cc8260
R12=0x0000000000000000, R13=0x00007fc227108570, R14=0x0000000000000000, R15=0x0000000002454800
RIP=0x00007fc1d6b67060, EFLAGS=0x0000000000010206, CSGSFS=0x0000000000000033, ERR=0x0000000000000014
  TRAPNO=0x000000000000000e

Top of Stack: (sp=0x00007fc227108558)
0x00007fc227108558:   00007fc215b69210 00007fc215b69255
0x00007fc227108568:   00007fc215b69210 000000000000000f
0x00007fc227108578:   0000000082ec84a8 00007fc227108580
0x00007fc227108588:   00007fc2106a3682 00007fc227108618
0x00007fc227108598:   00007fc2106a3868 0000000000000000
0x00007fc2271085a8:   00007fc2106a37d0 00007fc227108570
0x00007fc2271085b8:   00007fc227108610 00007fc227108660
0x00007fc2271085c8:   00007fc215b69255 00000000d6508dc0
0x00007fc2271085d8:   00000000d6508c00 0000000082ec93d8
0x00007fc2271085e8:   000000000000000f 00000000d65079c0
0x00007fc2271085f8:   0000000082ec9528 0000000000000007
0x00007fc227108608:   00000000d6d00060 0000000082e94970
0x00007fc227108618:   0000000082e94958 00007fc227108620
0x00007fc227108628:   00007fc2106aade0 00007fc227108698
0x00007fc227108638:   00007fc2106ab360 0000000000000000
0x00007fc227108648:   00007fc2106aaeb8 00007fc227108610
0x00007fc227108658:   00007fc227108698 00007fc2271086e0
0x00007fc227108668:   00007fc215b692e0 0000000000000000
0x00007fc227108678:   0000000000000000 0000000000000000
0x00007fc227108688:   0000000000000000 0000000000000000
0x00007fc227108698:   0000000082ec84a8 00007fc2271086a0
0x00007fc2271086a8:   00007fc2106aa697 00007fc2271086f8
0x00007fc2271086b8:   00007fc2106ab360 0000000000000000
0x00007fc2271086c8:   00007fc2106aa6d0 00007fc227108698
0x00007fc2271086d8:   00007fc2271086f8 00007fc227108740
0x00007fc2271086e8:   00007fc215b692e0 00000000d6d00078
0x00007fc2271086f8:   0000000082ec84a8 00007fc227108700
0x00007fc227108708:   00007fc2106aa563 00007fc227108758
0x00007fc227108718:   00007fc2106ab360 0000000000000000
0x00007fc227108728:   00007fc2106aa5d8 00007fc2271086f8
0x00007fc227108738:   00007fc227108758 00007fc2271087a0
0x00007fc227108748:   00007fc215b692e0 000000000000005d 

Instructions: (pc=0x00007fc1d6b67060)
0x00007fc1d6b67040:   
[error occurred during error reporting (printing registers, top of stack, instructions near pc), id 0xb]

Register to memory mapping:

RAX=0x00007fc2106aabb8 is an unknown value
RBX=0x00007fc2106aabb8 is an unknown value
RCX=0x0000000082ec84a8 is an oop
optimization.infinitega.InfiniteGA 
 - klass: 'optimization/infinitega/InfiniteGA'
RDX=0x000000000000000f is an unknown value
RSP=0x00007fc227108558 is pointing into the stack for thread: 0x0000000002454800
RBP=0x00007fc2271085c0 is pointing into the stack for thread: 0x0000000002454800
RSI=0x0000000082ec84a8 is an oop
optimization.infinitega.InfiniteGA 
 - klass: 'optimization/infinitega/InfiniteGA'
RDI=0x00007fc2105512d0 is an unknown value
R8 =0x0000000000000007 is an unknown value
R9 =0x00000000d6508be0 is an oop
[C 
 - klass: {type array char}
 - length: 7
R10=0x00007fc22653de00: <offset 0xefae00> in /gpfs/main/home/amm4/java/jdk1.8.0_05/jre/lib/amd64/server/libjvm.so at 0x00007fc225643000
R11=0x00007fc215cc8260 is at entry_point+32 in (nmethod*)0x00007fc215cc80d0
R12=0x0000000000000000 is an unknown value
R13=0x00007fc227108570 is pointing into the stack for thread: 0x0000000002454800
R14=0x0000000000000000 is an unknown value
R15=0x0000000002454800 is a thread


Stack: [0x00007fc227009000,0x00007fc22710a000],  sp=0x00007fc227108558,  free space=1021k
Native frames: (J=compiled Java code, j=interpreted, Vv=VM code, C=native code)
C  0x00007fc1d6b67060
j  optimization.infinitega.InfiniteGA.updateFitness()V+8
j  optimization.infinitega.InfiniteGA.runGeneration()V+23
j  optimization.infinitega.InfiniteGA.optimize()V+19
j  ethics.experiments.adam.Optimizer.runInfinteGASoftMax_mutation(IDLjava/lang/String;Ljava/lang/String;D[[DI)V+109
j  ethics.experiments.adam.Optimizer.optimiztionInfiniteGASoftMax_mutation([Ljava/lang/String;)V+138
j  ethics.experiments.adam.Optimizer.main([Ljava/lang/String;)V+1
v  ~StubRoutines::call_stub
V  [libjvm.so+0x627356]  JavaCalls::call_helper(JavaValue*, methodHandle*, JavaCallArguments*, Thread*)+0x1056
V  [libjvm.so+0x66ee66]  jni_invoke_static(JNIEnv_*, JavaValue*, _jobject*, JNICallType, _jmethodID*, JNI_ArgumentPusher*, Thread*)+0x346
V  [libjvm.so+0x680b4a]  jni_CallStaticVoidMethod+0x17a
C  [libjli.so+0x77e4]  JavaMain+0x844


---------------  P R O C E S S  ---------------

Java Threads: ( => current thread )
  0x00007fc20c011800 JavaThread "Service Thread" daemon [_thread_blocked, id=17894, stack(0x00007fc20a770000,0x00007fc20a871000)]
  0x0000000002501000 JavaThread "C1 CompilerThread2" daemon [_thread_blocked, id=17893, stack(0x00007fc20a871000,0x00007fc20a972000)]
  0x00000000024ff000 JavaThread "C2 CompilerThread1" daemon [_thread_blocked, id=17892, stack(0x00007fc20a972000,0x00007fc20aa73000)]
  0x00000000024fb800 JavaThread "C2 CompilerThread0" daemon [_thread_blocked, id=17891, stack(0x00007fc20aa73000,0x00007fc20ab74000)]
  0x00000000024f9800 JavaThread "Signal Dispatcher" daemon [_thread_blocked, id=17890, stack(0x00007fc20ab74000,0x00007fc20ac75000)]
  0x00000000024cc800 JavaThread "Finalizer" daemon [_thread_blocked, id=17889, stack(0x00007fc20ac75000,0x00007fc20ad76000)]
  0x00000000024c2800 JavaThread "Reference Handler" daemon [_thread_blocked, id=17888, stack(0x00007fc20ad76000,0x00007fc20ae77000)]
=>0x0000000002454800 JavaThread "main" [_thread_in_Java, id=17882, stack(0x00007fc227009000,0x00007fc22710a000)]

Other Threads:
  0x00000000024bd800 VMThread [stack: 0x00007fc20ae77000,0x00007fc20af78000] [id=17887]
  0x00007fc20c014800 WatcherThread [stack: 0x00007fc20a66f000,0x00007fc20a770000] [id=17895]

VM state:not at safepoint (normal execution)

VM Mutex/Monitor currently owned by a thread: None

Heap:
 PSYoungGen      total 9216K, used 260K [0x00000000d6500000, 0x00000000d7400000, 0x0000000100000000)
  eden space 8192K, 2% used [0x00000000d6500000,0x00000000d6529000,0x00000000d6d00000)
  from space 1024K, 9% used [0x00000000d6d00000,0x00000000d6d18000,0x00000000d6e00000)
  to   space 1024K, 0% used [0x00000000d7300000,0x00000000d7300000,0x00000000d7400000)
 ParOldGen       total 127488K, used 929K [0x0000000082e00000, 0x000000008aa80000, 0x00000000d6500000)
  object space 127488K, 0% used [0x0000000082e00000,0x0000000082ee8428,0x000000008aa80000)
 Metaspace       used 3226K, capacity 4600K, committed 4864K, reserved 1056768K
  class space    used 342K, capacity 424K, committed 512K, reserved 1048576K

Card table byte_map: [0x00007fc2153b8000,0x00007fc2157a2000] byte_map_base: 0x00007fc214fa1000

Marking Bits: (ParMarkBitMap*) 0x00007fc22653bcc0
 Begin Bits: [0x00007fc210e88000, 0x00007fc212dd0000)
 End Bits:   [0x00007fc212dd0000, 0x00007fc214d18000)

Polling page: 0x00007fc227144000

CodeCache: size=245760Kb used=1720Kb max_used=1738Kb free=244039Kb
 bounds [0x00007fc215b62000, 0x00007fc215dd2000, 0x00007fc224b62000]
 total_blobs=506 nmethods=252 adapters=170
 compilation: enabled

Compilation events (10 events):
Event: 0.327 Thread 0x00000000024fb800  233       4       java.util.HashMap::get (23 bytes)
Event: 0.331 Thread 0x0000000002501000  254 %     3       optimization.infinitega.modules.InfGASoftMaxReproduce::ratioReproduce @ 106 (418 bytes)
Event: 0.333 Thread 0x0000000002501000 nmethod 254% 0x00007fc215cfd350 code [0x00007fc215cfd700, 0x00007fc215cff808]
Event: 0.334 Thread 0x0000000002501000  255       3       optimization.infinitega.modules.InfGASoftMaxReproduce::ratioReproduce (418 bytes)
Event: 0.336 Thread 0x0000000002501000 nmethod 255 0x00007fc215d00fd0 code [0x00007fc215d01360, 0x00007fc215d031a8]
Event: 0.337 Thread 0x0000000002501000  256       2       java.nio.charset.CoderResult::isOverflow (14 bytes)
Event: 0.337 Thread 0x0000000002501000 nmethod 256 0x00007fc215cf31d0 code [0x00007fc215cf3320, 0x00007fc215cf3490]
Event: 0.340 Thread 0x00000000024fb800 nmethod 233 0x00007fc215d045d0 code [0x00007fc215d04760, 0x00007fc215d04c78]
Event: 0.340 Thread 0x00000000024fb800  234       4       optimization.infinitega.InfiniteGA::ratioForGenome (17 bytes)
Event: 0.341 Thread 0x00000000024fb800 nmethod 234 0x00007fc215cf74d0 code [0x00007fc215cf7620, 0x00007fc215cf7758]

GC Heap History (10 events):
Event: 0.226 GC heap before
{Heap before GC invocations=5 (full 0):
 PSYoungGen      total 2560K, used 2544K [0x00000000d6500000, 0x00000000d6800000, 0x0000000100000000)
  eden space 2048K, 100% used [0x00000000d6500000,0x00000000d6700000,0x00000000d6700000)
  from space 512K, 96% used [0x00000000d6780000,0x00000000d67fc020,0x00000000d6800000)
  to   space 512K, 0% used [0x00000000d6700000,0x00000000d6700000,0x00000000d6780000)
 ParOldGen       total 127488K, used 404K [0x0000000082e00000, 0x000000008aa80000, 0x00000000d6500000)
  object space 127488K, 0% used [0x0000000082e00000,0x0000000082e653c8,0x000000008aa80000)
 Metaspace       used 3213K, capacity 4600K, committed 4864K, reserved 1056768K
  class space    used 341K, capacity 424K, committed 512K, reserved 1048576K
Event: 0.228 GC heap after
Heap after GC invocations=5 (full 0):
 PSYoungGen      total 2560K, used 496K [0x00000000d6500000, 0x00000000d6b00000, 0x0000000100000000)
  eden space 2048K, 0% used [0x00000000d6500000,0x00000000d6500000,0x00000000d6700000)
  from space 512K, 96% used [0x00000000d6700000,0x00000000d677c020,0x00000000d6780000)
  to   space 1024K, 0% used [0x00000000d6a00000,0x00000000d6a00000,0x00000000d6b00000)
 ParOldGen       total 127488K, used 404K [0x0000000082e00000, 0x000000008aa80000, 0x00000000d6500000)
  object space 127488K, 0% used [0x0000000082e00000,0x0000000082e653c8,0x000000008aa80000)
 Metaspace       used 3213K, capacity 4600K, committed 4864K, reserved 1056768K
  class space    used 341K, capacity 424K, committed 512K, reserved 1048576K
}
Event: 0.242 GC heap before
{Heap before GC invocations=6 (full 0):
 PSYoungGen      total 2560K, used 2544K [0x00000000d6500000, 0x00000000d6b00000, 0x0000000100000000)
  eden space 2048K, 100% used [0x00000000d6500000,0x00000000d6700000,0x00000000d6700000)
  from space 512K, 96% used [0x00000000d6700000,0x00000000d677c020,0x00000000d6780000)
  to   space 1024K, 0% used [0x00000000d6a00000,0x00000000d6a00000,0x00000000d6b00000)
 ParOldGen       total 127488K, used 404K [0x0000000082e00000, 0x000000008aa80000, 0x00000000d6500000)
  object space 127488K, 0% used [0x0000000082e00000,0x0000000082e653c8,0x000000008aa80000)
 Metaspace       used 3214K, capacity 4600K, committed 4864K, reserved 1056768K
  class space    used 341K, capacity 424K, committed 512K, reserved 1048576K
Event: 0.244 GC heap after
Heap after GC invocations=6 (full 0):
 PSYoungGen      total 5120K, used 560K [0x00000000d6500000, 0x00000000d6b00000, 0x0000000100000000)
  eden space 4096K, 0% used [0x00000000d6500000,0x00000000d6500000,0x00000000d6900000)
  from space 1024K, 54% used [0x00000000d6a00000,0x00000000d6a8c020,0x00000000d6b00000)
  to   space 1024K, 0% used [0x00000000d6900000,0x00000000d6900000,0x00000000d6a00000)
 ParOldGen       total 127488K, used 412K [0x0000000082e00000, 0x000000008aa80000, 0x00000000d6500000)
  object space 127488K, 0% used [0x0000000082e00000,0x0000000082e673c8,0x000000008aa80000)
 Metaspace       used 3214K, capacity 4600K, committed 4864K, reserved 1056768K
  class space    used 341K, capacity 424K, committed 512K, reserved 1048576K
}
Event: 0.270 GC heap before
{Heap before GC invocations=7 (full 0):
 PSYoungGen      total 5120K, used 4656K [0x00000000d6500000, 0x00000000d6b00000, 0x0000000100000000)
  eden space 4096K, 100% used [0x00000000d6500000,0x00000000d6900000,0x00000000d6900000)
  from space 1024K, 54% used [0x00000000d6a00000,0x00000000d6a8c020,0x00000000d6b00000)
  to   space 1024K, 0% used [0x00000000d6900000,0x00000000d6900000,0x00000000d6a00000)
 ParOldGen       total 127488K, used 412K [0x0000000082e00000, 0x000000008aa80000, 0x00000000d6500000)
  object space 127488K, 0% used [0x0000000082e00000,0x0000000082e673c8,0x000000008aa80000)
 Metaspace       used 3219K, capacity 4600K, committed 4864K, reserved 1056768K
  class space    used 342K, capacity 424K, committed 512K, reserved 1048576K
Event: 0.272 GC heap after
Heap after GC invocations=7 (full 0):
 PSYoungGen      total 5120K, used 160K [0x00000000d6500000, 0x00000000d6f00000, 0x0000000100000000)
  eden space 4096K, 0% used [0x00000000d6500000,0x00000000d6500000,0x00000000d6900000)
  from space 1024K, 15% used [0x00000000d6900000,0x00000000d6928000,0x00000000d6a00000)
  to   space 1024K, 0% used [0x00000000d6e00000,0x00000000d6e00000,0x00000000d6f00000)
 ParOldGen       total 127488K, used 801K [0x0000000082e00000, 0x000000008aa80000, 0x00000000d6500000)
  object space 127488K, 0% used [0x0000000082e00000,0x0000000082ec8408,0x000000008aa80000)
 Metaspace       used 3219K, capacity 4600K, committed 4864K, reserved 1056768K
  class space    used 342K, capacity 424K, committed 512K, reserved 1048576K
}
Event: 0.297 GC heap before
{Heap before GC invocations=8 (full 0):
 PSYoungGen      total 5120K, used 4256K [0x00000000d6500000, 0x00000000d6f00000, 0x0000000100000000)
  eden space 4096K, 100% used [0x00000000d6500000,0x00000000d6900000,0x00000000d6900000)
  from space 1024K, 15% used [0x00000000d6900000,0x00000000d6928000,0x00000000d6a00000)
  to   space 1024K, 0% used [0x00000000d6e00000,0x00000000d6e00000,0x00000000d6f00000)
 ParOldGen       total 127488K, used 801K [0x0000000082e00000, 0x000000008aa80000, 0x00000000d6500000)
  object space 127488K, 0% used [0x0000000082e00000,0x0000000082ec8408,0x000000008aa80000)
 Metaspace       used 3220K, capacity 4600K, committed 4864K, reserved 1056768K
  class space    used 342K, capacity 424K, committed 512K, reserved 1048576K
Event: 0.298 GC heap after
Heap after GC invocations=8 (full 0):
 PSYoungGen      total 9216K, used 64K [0x00000000d6500000, 0x00000000d6f00000, 0x0000000100000000)
  eden space 8192K, 0% used [0x00000000d6500000,0x00000000d6500000,0x00000000d6d00000)
  from space 1024K, 6% used [0x00000000d6e00000,0x00000000d6e10000,0x00000000d6f00000)
  to   space 1024K, 0% used [0x00000000d6d00000,0x00000000d6d00000,0x00000000d6e00000)
 ParOldGen       total 127488K, used 913K [0x0000000082e00000, 0x000000008aa80000, 0x00000000d6500000)
  object space 127488K, 0% used [0x0000000082e00000,0x0000000082ee4428,0x000000008aa80000)
 Metaspace       used 3220K, capacity 4600K, committed 4864K, reserved 1056768K
  class space    used 342K, capacity 424K, committed 512K, reserved 1048576K
}
Event: 0.339 GC heap before
{Heap before GC invocations=9 (full 0):
 PSYoungGen      total 9216K, used 8256K [0x00000000d6500000, 0x00000000d6f00000, 0x0000000100000000)
  eden space 8192K, 100% used [0x00000000d6500000,0x00000000d6d00000,0x00000000d6d00000)
  from space 1024K, 6% used [0x00000000d6e00000,0x00000000d6e10000,0x00000000d6f00000)
  to   space 1024K, 0% used [0x00000000d6d00000,0x00000000d6d00000,0x00000000d6e00000)
 ParOldGen       total 127488K, used 913K [0x0000000082e00000, 0x000000008aa80000, 0x00000000d6500000)
  object space 127488K, 0% used [0x0000000082e00000,0x0000000082ee4428,0x000000008aa80000)
 Metaspace       used 3226K, capacity 4600K, committed 4864K, reserved 1056768K
  class space    used 342K, capacity 424K, committed 512K, reserved 1048576K
Event: 0.340 GC heap after
Heap after GC invocations=9 (full 0):
 PSYoungGen      total 9216K, used 96K [0x00000000d6500000, 0x00000000d7400000, 0x0000000100000000)
  eden space 8192K, 0% used [0x00000000d6500000,0x00000000d6500000,0x00000000d6d00000)
  from space 1024K, 9% used [0x00000000d6d00000,0x00000000d6d18000,0x00000000d6e00000)
  to   space 1024K, 0% used [0x00000000d7300000,0x00000000d7300000,0x00000000d7400000)
 ParOldGen       total 127488K, used 929K [0x0000000082e00000, 0x000000008aa80000, 0x00000000d6500000)
  object space 127488K, 0% used [0x0000000082e00000,0x0000000082ee8428,0x000000008aa80000)
 Metaspace       used 3226K, capacity 4600K, committed 4864K, reserved 1056768K
  class space    used 342K, capacity 424K, committed 512K, reserved 1048576K
}

Deoptimization events (0 events):
No events

Internal exceptions (10 events):
Event: 0.134 Thread 0x0000000002454800 Exception <a 'java/security/PrivilegedActionException'> (0x00000000d6550650) thrown at [/HUDSON/workspace/8-2-build-linux-amd64/jdk8u5/2488/hotspot/src/share/vm/prims/jvm.cpp, line 1248]
Event: 0.157 Thread 0x0000000002454800 Exception <a 'java/security/PrivilegedActionException'> (0x00000000d65ab298) thrown at [/HUDSON/workspace/8-2-build-linux-amd64/jdk8u5/2488/hotspot/src/share/vm/prims/jvm.cpp, line 1248]
Event: 0.158 Thread 0x0000000002454800 Exception <a 'java/security/PrivilegedActionException'> (0x00000000d65b10a8) thrown at [/HUDSON/workspace/8-2-build-linux-amd64/jdk8u5/2488/hotspot/src/share/vm/prims/jvm.cpp, line 1248]
Event: 0.159 Thread 0x0000000002454800 Exception <a 'java/security/PrivilegedActionException'> (0x00000000d65b2e88) thrown at [/HUDSON/workspace/8-2-build-linux-amd64/jdk8u5/2488/hotspot/src/share/vm/prims/jvm.cpp, line 1248]
Event: 0.160 Thread 0x0000000002454800 Exception <a 'java/security/PrivilegedActionException'> (0x00000000d65b6c48) thrown at [/HUDSON/workspace/8-2-build-linux-amd64/jdk8u5/2488/hotspot/src/share/vm/prims/jvm.cpp, line 1248]
Event: 0.161 Thread 0x0000000002454800 Exception <a 'java/security/PrivilegedActionException'> (0x00000000d65b9378) thrown at [/HUDSON/workspace/8-2-build-linux-amd64/jdk8u5/2488/hotspot/src/share/vm/prims/jvm.cpp, line 1248]
Event: 0.162 Thread 0x0000000002454800 Exception <a 'java/security/PrivilegedActionException'> (0x00000000d65bb0e0) thrown at [/HUDSON/workspace/8-2-build-linux-amd64/jdk8u5/2488/hotspot/src/share/vm/prims/jvm.cpp, line 1248]
Event: 0.163 Thread 0x0000000002454800 Exception <a 'java/security/PrivilegedActionException'> (0x00000000d65bcd38) thrown at [/HUDSON/workspace/8-2-build-linux-amd64/jdk8u5/2488/hotspot/src/share/vm/prims/jvm.cpp, line 1248]
Event: 0.189 Thread 0x0000000002454800 Exception <a 'java/security/PrivilegedActionException'> (0x00000000d6508a68) thrown at [/HUDSON/workspace/8-2-build-linux-amd64/jdk8u5/2488/hotspot/src/share/vm/prims/jvm.cpp, line 1248]
Event: 0.190 Thread 0x0000000002454800 Exception <a 'java/security/PrivilegedActionException'> (0x00000000d650d618) thrown at [/HUDSON/workspace/8-2-build-linux-amd64/jdk8u5/2488/hotspot/src/share/vm/prims/jvm.cpp, line 1248]

Events (10 events):
Event: 0.242 Executing VM operation: ParallelGCFailedAllocation
Event: 0.244 Executing VM operation: ParallelGCFailedAllocation done
Event: 0.252 loading class java/util/ArrayList$1
Event: 0.252 loading class java/util/ArrayList$1 done
Event: 0.270 Executing VM operation: ParallelGCFailedAllocation
Event: 0.272 Executing VM operation: ParallelGCFailedAllocation done
Event: 0.297 Executing VM operation: ParallelGCFailedAllocation
Event: 0.298 Executing VM operation: ParallelGCFailedAllocation done
Event: 0.339 Executing VM operation: ParallelGCFailedAllocation
Event: 0.340 Executing VM operation: ParallelGCFailedAllocation done


Dynamic libraries:
00400000-00401000 r-xp 00000000 00:15 209857030                          /gpfs/main/home/amm4/java/jdk1.8.0_05/bin/java
00600000-00601000 rw-p 00000000 00:15 209857030                          /gpfs/main/home/amm4/java/jdk1.8.0_05/bin/java
0244b000-02909000 rw-p 00000000 00:00 0                                  [heap]
82e00000-8aa80000 rw-p 00000000 00:00 0 
8aa80000-d6500000 ---p 00000000 00:00 0 
d6500000-d7400000 rw-p 00000000 00:00 0 
d7400000-100000000 ---p 00000000 00:00 0 
100000000-100080000 rw-p 00000000 00:00 0 
100080000-140000000 ---p 00000000 00:00 0 
7fc204000000-7fc20438d000 rw-p 00000000 00:00 0 
7fc20438d000-7fc208000000 ---p 00000000 00:00 0 
7fc20a407000-7fc20a66f000 rw-p 00000000 00:00 0 
7fc20a66f000-7fc20a670000 ---p 00000000 00:00 0 
7fc20a670000-7fc20a770000 rw-p 00000000 00:00 0 
7fc20a770000-7fc20a773000 ---p 00000000 00:00 0 
7fc20a773000-7fc20a871000 rw-p 00000000 00:00 0 
7fc20a871000-7fc20a874000 ---p 00000000 00:00 0 
7fc20a874000-7fc20a972000 rw-p 00000000 00:00 0 
7fc20a972000-7fc20a975000 ---p 00000000 00:00 0 
7fc20a975000-7fc20aa73000 rw-p 00000000 00:00 0 
7fc20aa73000-7fc20aa76000 ---p 00000000 00:00 0 
7fc20aa76000-7fc20ab74000 rw-p 00000000 00:00 0 
7fc20ab74000-7fc20ab77000 ---p 00000000 00:00 0 
7fc20ab77000-7fc20ac75000 rw-p 00000000 00:00 0 
7fc20ac75000-7fc20ac78000 ---p 00000000 00:00 0 
7fc20ac78000-7fc20ad76000 rw-p 00000000 00:00 0 
7fc20ad76000-7fc20ad79000 ---p 00000000 00:00 0 
7fc20ad79000-7fc20ae77000 rw-p 00000000 00:00 0 
7fc20ae77000-7fc20ae78000 ---p 00000000 00:00 0 
7fc20ae78000-7fc20be2b000 rw-p 00000000 00:00 0 
7fc20be2b000-7fc20c000000 r--s 03c4d000 00:15 223939710                  /gpfs/main/home/amm4/java/jdk1.8.0_05/jre/lib/rt.jar
7fc20c000000-7fc20c1fc000 rw-p 00000000 00:00 0 
7fc20c1fc000-7fc210000000 ---p 00000000 00:00 0 
7fc210036000-7fc21003e000 rw-p 00000000 00:00 0 
7fc21003e000-7fc210056000 r--s 0010a000 00:15 217659037                  /gpfs/main/home/amm4/git/generalResearch/lib/burlap.jar
7fc210056000-7fc2106df000 rw-p 00000000 00:00 0 
7fc2106df000-7fc210a9f000 ---p 00000000 00:00 0 
7fc210a9f000-7fc214d18000 rw-p 00000000 00:00 0 
7fc214d18000-7fc214d19000 ---p 00000000 00:00 0 
7fc214d19000-7fc214e19000 rw-p 00000000 00:00 0 
7fc214e19000-7fc214e1a000 ---p 00000000 00:00 0 
7fc214e1a000-7fc214f1a000 rw-p 00000000 00:00 0 
7fc214f1a000-7fc214f1b000 ---p 00000000 00:00 0 
7fc214f1b000-7fc21501b000 rw-p 00000000 00:00 0 
7fc21501b000-7fc21501c000 ---p 00000000 00:00 0 
7fc21501c000-7fc21515b000 rw-p 00000000 00:00 0 
7fc21515b000-7fc2153b8000 ---p 00000000 00:00 0 
7fc2153b8000-7fc2153f7000 rw-p 00000000 00:00 0 
7fc2153f7000-7fc215653000 ---p 00000000 00:00 0 
7fc215653000-7fc21565b000 rw-p 00000000 00:00 0 
7fc21565b000-7fc2157a1000 ---p 00000000 00:00 0 
7fc2157a1000-7fc2157ac000 rw-p 00000000 00:00 0 
7fc2157ac000-7fc215b62000 ---p 00000000 00:00 0 
7fc215b62000-7fc215dd2000 rwxp 00000000 00:00 0 
7fc215dd2000-7fc224b62000 ---p 00000000 00:00 0 
7fc224b62000-7fc224b7e000 r-xp 00000000 00:15 225596603                  /gpfs/main/home/amm4/java/jdk1.8.0_05/jre/lib/amd64/libzip.so
7fc224b7e000-7fc224d7d000 ---p 0001c000 00:15 225596603                  /gpfs/main/home/amm4/java/jdk1.8.0_05/jre/lib/amd64/libzip.so
7fc224d7d000-7fc224d7e000 rw-p 0001b000 00:15 225596603                  /gpfs/main/home/amm4/java/jdk1.8.0_05/jre/lib/amd64/libzip.so
7fc224d7e000-7fc224da8000 r-xp 00000000 00:15 225596531                  /gpfs/main/home/amm4/java/jdk1.8.0_05/jre/lib/amd64/libjava.so
7fc224da8000-7fc224fa8000 ---p 0002a000 00:15 225596531                  /gpfs/main/home/amm4/java/jdk1.8.0_05/jre/lib/amd64/libjava.so
7fc224fa8000-7fc224faa000 rw-p 0002a000 00:15 225596531                  /gpfs/main/home/amm4/java/jdk1.8.0_05/jre/lib/amd64/libjava.so
7fc224faa000-7fc224fb7000 r-xp 00000000 00:15 225596601                  /gpfs/main/home/amm4/java/jdk1.8.0_05/jre/lib/amd64/libverify.so
7fc224fb7000-7fc2251b7000 ---p 0000d000 00:15 225596601                  /gpfs/main/home/amm4/java/jdk1.8.0_05/jre/lib/amd64/libverify.so
7fc2251b7000-7fc2251b9000 rw-p 0000d000 00:15 225596601                  /gpfs/main/home/amm4/java/jdk1.8.0_05/jre/lib/amd64/libverify.so
7fc2251b9000-7fc2251c0000 r-xp 00000000 fe:00 2600                       /lib/x86_64-linux-gnu/librt-2.13.so
7fc2251c0000-7fc2253bf000 ---p 00007000 fe:00 2600                       /lib/x86_64-linux-gnu/librt-2.13.so
7fc2253bf000-7fc2253c0000 r--p 00006000 fe:00 2600                       /lib/x86_64-linux-gnu/librt-2.13.so
7fc2253c0000-7fc2253c1000 rw-p 00007000 fe:00 2600                       /lib/x86_64-linux-gnu/librt-2.13.so
7fc2253c1000-7fc225442000 r-xp 00000000 fe:00 2468                       /lib/x86_64-linux-gnu/libm-2.13.so
7fc225442000-7fc225641000 ---p 00081000 fe:00 2468                       /lib/x86_64-linux-gnu/libm-2.13.so
7fc225641000-7fc225642000 r--p 00080000 fe:00 2468                       /lib/x86_64-linux-gnu/libm-2.13.so
7fc225642000-7fc225643000 rw-p 00081000 fe:00 2468                       /lib/x86_64-linux-gnu/libm-2.13.so
7fc225643000-7fc22625d000 r-xp 00000000 00:15 224768859                  /gpfs/main/home/amm4/java/jdk1.8.0_05/jre/lib/amd64/server/libjvm.so
7fc22625d000-7fc22645c000 ---p 00c1a000 00:15 224768859                  /gpfs/main/home/amm4/java/jdk1.8.0_05/jre/lib/amd64/server/libjvm.so
7fc22645c000-7fc226525000 rw-p 00c19000 00:15 224768859                  /gpfs/main/home/amm4/java/jdk1.8.0_05/jre/lib/amd64/server/libjvm.so
7fc226525000-7fc226566000 rw-p 00000000 00:00 0 
7fc226566000-7fc2266e7000 r-xp 00000000 fe:00 2497                       /lib/x86_64-linux-gnu/libc-2.13.so
7fc2266e7000-7fc2268e7000 ---p 00181000 fe:00 2497                       /lib/x86_64-linux-gnu/libc-2.13.so
7fc2268e7000-7fc2268eb000 r--p 00181000 fe:00 2497                       /lib/x86_64-linux-gnu/libc-2.13.so
7fc2268eb000-7fc2268ec000 rw-p 00185000 fe:00 2497                       /lib/x86_64-linux-gnu/libc-2.13.so
7fc2268ec000-7fc2268f1000 rw-p 00000000 00:00 0 
7fc2268f1000-7fc2268f3000 r-xp 00000000 fe:00 2560                       /lib/x86_64-linux-gnu/libdl-2.13.so
7fc2268f3000-7fc226af3000 ---p 00002000 fe:00 2560                       /lib/x86_64-linux-gnu/libdl-2.13.so
7fc226af3000-7fc226af4000 r--p 00002000 fe:00 2560                       /lib/x86_64-linux-gnu/libdl-2.13.so
7fc226af4000-7fc226af5000 rw-p 00003000 fe:00 2560                       /lib/x86_64-linux-gnu/libdl-2.13.so
7fc226af5000-7fc226b0c000 r-xp 00000000 00:15 223111453                  /gpfs/main/home/amm4/java/jdk1.8.0_05/lib/amd64/jli/libjli.so
7fc226b0c000-7fc226d0b000 ---p 00017000 00:15 223111453                  /gpfs/main/home/amm4/java/jdk1.8.0_05/lib/amd64/jli/libjli.so
7fc226d0b000-7fc226d0c000 rw-p 00016000 00:15 223111453                  /gpfs/main/home/amm4/java/jdk1.8.0_05/lib/amd64/jli/libjli.so
7fc226d0c000-7fc226d23000 r-xp 00000000 fe:00 2608                       /lib/x86_64-linux-gnu/libpthread-2.13.so
7fc226d23000-7fc226f22000 ---p 00017000 fe:00 2608                       /lib/x86_64-linux-gnu/libpthread-2.13.so
7fc226f22000-7fc226f23000 r--p 00016000 fe:00 2608                       /lib/x86_64-linux-gnu/libpthread-2.13.so
7fc226f23000-7fc226f24000 rw-p 00017000 fe:00 2608                       /lib/x86_64-linux-gnu/libpthread-2.13.so
7fc226f24000-7fc226f28000 rw-p 00000000 00:00 0 
7fc226f28000-7fc226f48000 r-xp 00000000 fe:00 2587                       /lib/x86_64-linux-gnu/ld-2.13.so
7fc226f49000-7fc226f51000 rw-p 00000000 00:00 0 
7fc226f51000-7fc226f6f000 r--s 00180000 00:15 217659046                  /gpfs/main/home/amm4/git/generalResearch/lib/commons-math3-3.2.jar
7fc226f6f000-7fc226f86000 r--s 00122000 00:15 217658407                  /gpfs/main/home/amm4/git/generalResearch/dist/oomdpResearch.jar
7fc226f86000-7fc227009000 r--s 00000000 00:0e 182525061                  /run/nscd/dbw74YXs (deleted)
7fc227009000-7fc22700c000 ---p 00000000 00:00 0 
7fc22700c000-7fc22710e000 rw-p 00000000 00:00 0 
7fc227113000-7fc22713b000 rw-p 00000000 00:00 0 
7fc22713b000-7fc227143000 rw-s 00000000 fe:04 3516                       /tmp/hsperfdata_amm4/17877
7fc227143000-7fc227144000 rw-p 00000000 00:00 0 
7fc227144000-7fc227145000 r--p 00000000 00:00 0 
7fc227145000-7fc227147000 rw-p 00000000 00:00 0 
7fc227147000-7fc227148000 r--p 0001f000 fe:00 2587                       /lib/x86_64-linux-gnu/ld-2.13.so
7fc227148000-7fc227149000 rw-p 00020000 fe:00 2587                       /lib/x86_64-linux-gnu/ld-2.13.so
7fc227149000-7fc22714a000 rw-p 00000000 00:00 0 
7fffaf7fa000-7fffaf81b000 rw-p 00000000 00:00 0                          [stack]
7fffaf9ff000-7fffafa00000 r-xp 00000000 00:00 0                          [vdso]
ffffffffff600000-ffffffffff601000 r-xp 00000000 00:00 0                  [vsyscall]

VM Arguments:
jvm_args: -Dfile.encoding=UTF-8 
java_command: ethics.experiments.adam.Optimizer 5000 20 /home/amm4/git/generalResearch/output/GAOutput/StealPunish/ESS/4/Cache.txt /home/amm4/git/generalResearch/output/GAOutput/StealPunish/ESS/4/GA.txt .15 2 0 4 1 0 4 1 0 10 10 0 10 10
java_class_path (initial): /gpfs/main/home/amm4/git/generalResearch/bin:/gpfs/main/home/amm4/git/generalResearch/dist/oomdpResearch.jar:/gpfs/main/home/amm4/git/generalResearch/lib/commons-math3-3.2.jar:/gpfs/main/home/amm4/git/generalResearch/lib/burlap.jar
Launcher Type: SUN_STANDARD

Environment Variables:
PATH=/local/bin/:/local/bin:/cfarm/bin:/usr/local/bin:/bin:/usr/bin:/usr/X11R6/bin:/usr/games:/contrib/bin
SHELL=/bin/bash
DISPLAY=:0.0

Signal Handlers:
SIGSEGV: [libjvm.so+0xa2fc90], sa_mask[0]=0x7ffbfeff, sa_flags=0x10000004
SIGBUS: [libjvm.so+0xa2fc90], sa_mask[0]=0x7ffbfeff, sa_flags=0x10000004
SIGFPE: [libjvm.so+0x89b4b0], sa_mask[0]=0x7ffbfeff, sa_flags=0x10000004
SIGPIPE: [libjvm.so+0x89b4b0], sa_mask[0]=0x7ffbfeff, sa_flags=0x10000004
SIGXFSZ: [libjvm.so+0x89b4b0], sa_mask[0]=0x7ffbfeff, sa_flags=0x10000004
SIGILL: [libjvm.so+0x89b4b0], sa_mask[0]=0x7ffbfeff, sa_flags=0x10000004
SIGUSR1: SIG_DFL, sa_mask[0]=0x00000000, sa_flags=0x00000000
SIGUSR2: [libjvm.so+0x89cc50], sa_mask[0]=0x00000004, sa_flags=0x10000004
SIGHUP: [libjvm.so+0x89df00], sa_mask[0]=0x7ffbfeff, sa_flags=0x10000004
SIGINT: [libjvm.so+0x89df00], sa_mask[0]=0x7ffbfeff, sa_flags=0x10000004
SIGTERM: [libjvm.so+0x89df00], sa_mask[0]=0x7ffbfeff, sa_flags=0x10000004
SIGQUIT: [libjvm.so+0x89df00], sa_mask[0]=0x7ffbfeff, sa_flags=0x10000004


---------------  S Y S T E M  ---------------

OS:PRETTY_NAME="Debian GNU/Linux 7 (wheezy)"
NAME="Debian GNU/Linux"
VERSION_ID="7"
VERSION="7 (wheezy)"
ID=debian
ANSI_COLOR="1;31"
HOME_URL="http://www.debian.org/"
SUPPORT_URL="http://www.debian.org/support/"
BUG_REPORT_URL="http://bugs.debian.org/"

uname:Linux 3.2.0-4-amd64 #1 SMP Debian 3.2.65-1+deb7u1 x86_64
libc:glibc 2.13 NPTL 2.13 
rlimit: STACK 8192k, CORE 0k, NPROC 63961, NOFILE 4096, AS infinity
load average:1.55 1.48 1.39

/proc/meminfo:
MemTotal:        8199880 kB
MemFree:          964104 kB
Buffers:          218348 kB
Cached:          2394020 kB
SwapCached:        19376 kB
Active:          4264960 kB
Inactive:        2092012 kB
Active(anon):    3003468 kB
Inactive(anon):   851584 kB
Active(file):    1261492 kB
Inactive(file):  1240428 kB
Unevictable:          16 kB
Mlocked:              16 kB
SwapTotal:       8388604 kB
SwapFree:        8195932 kB
Dirty:               372 kB
Writeback:             0 kB
AnonPages:       3728448 kB
Mapped:           427780 kB
Shmem:            110408 kB
Slab:             709540 kB
SReclaimable:     640288 kB
SUnreclaim:        69252 kB
KernelStack:        7832 kB
PageTables:        63540 kB
NFS_Unstable:         68 kB
Bounce:                0 kB
WritebackTmp:          0 kB
CommitLimit:    12488544 kB
Committed_AS:   10292576 kB
VmallocTotal:   34359738367 kB
VmallocUsed:      332488 kB
VmallocChunk:   34359397620 kB
HardwareCorrupted:     0 kB
AnonHugePages:         0 kB
HugePages_Total:       0
HugePages_Free:        0
HugePages_Rsvd:        0
HugePages_Surp:        0
Hugepagesize:       2048 kB
DirectMap4k:     5875264 kB
DirectMap2M:     2512896 kB


CPU:total 4 (4 cores per cpu, 1 threads per core) family 6 model 15 stepping 11, cmov, cx8, fxsr, mmx, sse, sse2, sse3, ssse3, tsc

/proc/cpuinfo:
processor	: 0
vendor_id	: GenuineIntel
cpu family	: 6
model		: 15
model name	: Intel(R) Core(TM)2 Quad CPU    Q6600  @ 2.40GHz
stepping	: 11
microcode	: 0xb6
cpu MHz		: 2399.795
cache size	: 4096 KB
physical id	: 0
siblings	: 4
core id		: 0
cpu cores	: 4
apicid		: 0
initial apicid	: 0
fpu		: yes
fpu_exception	: yes
cpuid level	: 10
wp		: yes
flags		: fpu vme de pse tsc msr pae mce cx8 apic sep mtrr pge mca cmov pat pse36 clflush dts acpi mmx fxsr sse sse2 ss ht tm pbe syscall nx lm constant_tsc arch_perfmon pebs bts rep_good nopl aperfmperf pni dtes64 monitor ds_cpl vmx est tm2 ssse3 cx16 xtpr pdcm lahf_lm dtherm tpr_shadow vnmi flexpriority
bogomips	: 4799.59
clflush size	: 64
cache_alignment	: 64
address sizes	: 36 bits physical, 48 bits virtual
power management:

processor	: 1
vendor_id	: GenuineIntel
cpu family	: 6
model		: 15
model name	: Intel(R) Core(TM)2 Quad CPU    Q6600  @ 2.40GHz
stepping	: 11
microcode	: 0xb6
cpu MHz		: 2399.795
cache size	: 4096 KB
physical id	: 0
siblings	: 4
core id		: 1
cpu cores	: 4
apicid		: 1
initial apicid	: 1
fpu		: yes
fpu_exception	: yes
cpuid level	: 10
wp		: yes
flags		: fpu vme de pse tsc msr pae mce cx8 apic sep mtrr pge mca cmov pat pse36 clflush dts acpi mmx fxsr sse sse2 ss ht tm pbe syscall nx lm constant_tsc arch_perfmon pebs bts rep_good nopl aperfmperf pni dtes64 monitor ds_cpl vmx est tm2 ssse3 cx16 xtpr pdcm lahf_lm dtherm tpr_shadow vnmi flexpriority
bogomips	: 4800.22
clflush size	: 64
cache_alignment	: 64
address sizes	: 36 bits physical, 48 bits virtual
power management:

processor	: 2
vendor_id	: GenuineIntel
cpu family	: 6
model		: 15
model name	: Intel(R) Core(TM)2 Quad CPU    Q6600  @ 2.40GHz
stepping	: 11
microcode	: 0xb6
cpu MHz		: 2399.795
cache size	: 4096 KB
physical id	: 0
siblings	: 4
core id		: 2
cpu cores	: 4
apicid		: 2
initial apicid	: 2
fpu		: yes
fpu_exception	: yes
cpuid level	: 10
wp		: yes
flags		: fpu vme de pse tsc msr pae mce cx8 apic sep mtrr pge mca cmov pat pse36 clflush dts acpi mmx fxsr sse sse2 ss ht tm pbe syscall nx lm constant_tsc arch_perfmon pebs bts rep_good nopl aperfmperf pni dtes64 monitor ds_cpl vmx est tm2 ssse3 cx16 xtpr pdcm lahf_lm dtherm tpr_shadow vnmi flexpriority
bogomips	: 4800.28
clflush size	: 64
cache_alignment	: 64
address sizes	: 36 bits physical, 48 bits virtual
power management:

processor	: 3
vendor_id	: GenuineIntel
cpu family	: 6
model		: 15
model name	: Intel(R) Core(TM)2 Quad CPU    Q6600  @ 2.40GHz
stepping	: 11
microcode	: 0xb6
cpu MHz		: 2399.795
cache size	: 4096 KB
physical id	: 0
siblings	: 4
core id		: 3
cpu cores	: 4
apicid		: 3
initial apicid	: 3
fpu		: yes
fpu_exception	: yes
cpuid level	: 10
wp		: yes
flags		: fpu vme de pse tsc msr pae mce cx8 apic sep mtrr pge mca cmov pat pse36 clflush dts acpi mmx fxsr sse sse2 ss ht tm pbe syscall nx lm constant_tsc arch_perfmon pebs bts rep_good nopl aperfmperf pni dtes64 monitor ds_cpl vmx est tm2 ssse3 cx16 xtpr pdcm lahf_lm dtherm tpr_shadow vnmi flexpriority
bogomips	: 4800.27
clflush size	: 64
cache_alignment	: 64
address sizes	: 36 bits physical, 48 bits virtual
power management:



Memory: 4k page, physical 8199880k(964104k free), swap 8388604k(8195932k free)

vm_info: Java HotSpot(TM) 64-Bit Server VM (25.5-b02) for linux-amd64 JRE (1.8.0_05-b13), built on Mar 18 2014 00:29:27 by "java_re" with gcc 4.3.0 20080428 (Red Hat 4.3.0-8)

time: Tue Mar  3 21:31:47 2015
elapsed time: 0 seconds

